2025/05/22 11:14:55 [INFO] Namespace: conf: {'logging_path': 'logs/philbot_runner', 'pipeline_id': None, 'trade_file': 'data/scott-atkinson_20250521_osvC/SPY_2020-01-01_2023-12-31_Day_scott-atkinson_20250521_osvC.csv', 'cash_at_risk': 0.5, 'gamma': 0.99, 'epsilon': 1.0, 'batch_size': 64, 'n_actions': 4, 'eps_min': 0.01, 'input_dims': [6], 'lr': 0.003, 'n_games': 20, 'report_filepath': '/tmp/spy_day_trade.png'}, logging_path: logs/philbot_runner, pipeline_id: scott-atkinson_20250522_xxXI, trade_file: data/scott-atkinson_20250521_osvC/SPY_2020-01-01_2023-12-31_Day_scott-atkinson_20250521_osvC.csv, cash_at_risk: 0.5, gamma: 0.99, epsilon: 1.0, batch_size: 64, n_actions: 4, eps_min: 0.01, input_dims: [6], lr: 0.003, n_games: 20, report_filepath: /tmp/spy_day_trade.png, logfile: logs/philbot_runner/scott-atkinson_20250522_xxXI.log [philbot_runner.py::<module> -- Line 37]
2025/05/22 11:14:55 [INFO] Running main() of /Users/scott.atkinson/src/reinfin/bin/agents/philbot_runner.py [philbot_runner.py::<module> -- Line 39]
2025/05/22 11:14:55 [INFO] Log will appear at logs/philbot_runner/scott-atkinson_20250522_xxXI.log [philbot_runner.py::<module> -- Line 40]
2025/05/22 11:14:55 [INFO] Loading trade_file from data/scott-atkinson_20250521_osvC/SPY_2020-01-01_2023-12-31_Day_scott-atkinson_20250521_osvC.csv. [philbot_runner.py::run_philbot -- Line 17]
2025/05/22 11:14:55 [INFO] Instantiating Environment for trade_file with cash at risk: 0.5. [philbot_runner.py::run_philbot -- Line 20]
2025/05/22 11:14:55 [INFO] Instantiating Agent according to config. [philbot_runner.py::run_philbot -- Line 24]
2025/05/22 11:14:56 [INFO] Running trading game number 0 [philbot_runner.py::run_philbot -- Line 38]
2025/05/22 11:14:58 [INFO] episode 0 score 12213590.473068308,
average score 12213590.473068308,
epsilon 0.5290000000000519 [philbot_runner.py::run_philbot -- Line 55]
2025/05/22 11:14:58 [INFO] Running trading game number 1 [philbot_runner.py::run_philbot -- Line 38]
2025/05/22 11:15:01 [INFO] episode 1 score 12214635.188461842,
average score 12214112.830765076,
epsilon 0.026500000000054647 [philbot_runner.py::run_philbot -- Line 55]
2025/05/22 11:15:01 [INFO] Running trading game number 2 [philbot_runner.py::run_philbot -- Line 38]
2025/05/22 11:15:04 [INFO] episode 2 score 12217230.1421338,
average score 12215151.934554651,
epsilon 0.01 [philbot_runner.py::run_philbot -- Line 55]
2025/05/22 11:15:04 [INFO] Running trading game number 3 [philbot_runner.py::run_philbot -- Line 38]
2025/05/22 11:15:06 [INFO] episode 3 score 12241366.20406351,
average score 12221705.501931867,
epsilon 0.01 [philbot_runner.py::run_philbot -- Line 55]
2025/05/22 11:15:06 [INFO] Running trading game number 4 [philbot_runner.py::run_philbot -- Line 38]
2025/05/22 11:15:09 [INFO] episode 4 score 12227553.021776704,
average score 12222875.005900834,
epsilon 0.01 [philbot_runner.py::run_philbot -- Line 55]
2025/05/22 11:15:09 [INFO] Running trading game number 5 [philbot_runner.py::run_philbot -- Line 38]
2025/05/22 11:15:12 [INFO] episode 5 score 12184142.568514802,
average score 12216419.599669829,
epsilon 0.01 [philbot_runner.py::run_philbot -- Line 55]
2025/05/22 11:15:12 [INFO] Running trading game number 6 [philbot_runner.py::run_philbot -- Line 38]
2025/05/22 11:15:15 [INFO] episode 6 score 12216273.091863548,
average score 12216398.669983217,
epsilon 0.01 [philbot_runner.py::run_philbot -- Line 55]
2025/05/22 11:15:15 [INFO] Running trading game number 7 [philbot_runner.py::run_philbot -- Line 38]
2025/05/22 11:15:17 [INFO] episode 7 score 12217195.013839787,
average score 12216498.212965287,
epsilon 0.01 [philbot_runner.py::run_philbot -- Line 55]
2025/05/22 11:15:17 [INFO] Running trading game number 8 [philbot_runner.py::run_philbot -- Line 38]
2025/05/22 11:15:20 [INFO] episode 8 score 12246473.312374024,
average score 12219828.779566258,
epsilon 0.01 [philbot_runner.py::run_philbot -- Line 55]
2025/05/22 11:15:20 [INFO] Running trading game number 9 [philbot_runner.py::run_philbot -- Line 38]
2025/05/22 11:15:23 [INFO] episode 9 score 12215167.244866407,
average score 12219362.626096273,
epsilon 0.01 [philbot_runner.py::run_philbot -- Line 55]
2025/05/22 11:15:23 [INFO] Running trading game number 10 [philbot_runner.py::run_philbot -- Line 38]
2025/05/22 11:15:28 [INFO] episode 10 score 12254397.365213271,
average score 12222547.602379637,
epsilon 0.01 [philbot_runner.py::run_philbot -- Line 55]
2025/05/22 11:15:28 [INFO] Running trading game number 11 [philbot_runner.py::run_philbot -- Line 38]
2025/05/22 11:15:33 [INFO] episode 11 score 12188321.074656714,
average score 12219695.39173606,
epsilon 0.01 [philbot_runner.py::run_philbot -- Line 55]
2025/05/22 11:15:33 [INFO] Running trading game number 12 [philbot_runner.py::run_philbot -- Line 38]
2025/05/22 11:15:37 [INFO] episode 12 score 12251229.895309322,
average score 12222121.122780157,
epsilon 0.01 [philbot_runner.py::run_philbot -- Line 55]
2025/05/22 11:15:37 [INFO] Running trading game number 13 [philbot_runner.py::run_philbot -- Line 38]
2025/05/22 11:15:41 [INFO] episode 13 score 12186373.032301152,
average score 12219567.687745944,
epsilon 0.01 [philbot_runner.py::run_philbot -- Line 55]
2025/05/22 11:15:41 [INFO] Running trading game number 14 [philbot_runner.py::run_philbot -- Line 38]
2025/05/22 11:15:44 [INFO] episode 14 score 12271141.857688898,
average score 12223005.965742141,
epsilon 0.01 [philbot_runner.py::run_philbot -- Line 55]
2025/05/22 11:15:44 [INFO] Running trading game number 15 [philbot_runner.py::run_philbot -- Line 38]
2025/05/22 11:15:47 [INFO] episode 15 score 12252555.495858802,
average score 12224852.81137443,
epsilon 0.01 [philbot_runner.py::run_philbot -- Line 55]
2025/05/22 11:15:47 [INFO] Running trading game number 16 [philbot_runner.py::run_philbot -- Line 38]
2025/05/22 11:15:50 [INFO] episode 16 score 12242696.149740333,
average score 12225902.4195136,
epsilon 0.01 [philbot_runner.py::run_philbot -- Line 55]
2025/05/22 11:15:50 [INFO] Running trading game number 17 [philbot_runner.py::run_philbot -- Line 38]
2025/05/22 11:15:52 [INFO] episode 17 score 12230531.894605959,
average score 12226159.612574287,
epsilon 0.01 [philbot_runner.py::run_philbot -- Line 55]
2025/05/22 11:15:52 [INFO] Running trading game number 18 [philbot_runner.py::run_philbot -- Line 38]
2025/05/22 11:15:56 [INFO] episode 18 score 12229973.126141775,
average score 12226360.323814683,
epsilon 0.01 [philbot_runner.py::run_philbot -- Line 55]
2025/05/22 11:15:56 [INFO] Running trading game number 19 [philbot_runner.py::run_philbot -- Line 38]
2025/05/22 11:15:59 [INFO] episode 19 score 12249070.353407573,
average score 12227495.825294327,
epsilon 0.01 [philbot_runner.py::run_philbot -- Line 55]
2025/05/22 11:15:59 [INFO] Log available at logs/philbot_runner/scott-atkinson_20250522_xxXI.log [log_wu.py::run_with_logging -- Line 49]
