2025/05/22 13:26:40 [INFO] Namespace: conf: {'logging_path': 'logs/philbot_runner', 'pipeline_id': None, 'trade_file': 'data/scott-atkinson_20250521_osvC/SPY_2020-01-01_2023-12-31_Day_scott-atkinson_20250521_osvC.csv', 'cash_at_risk': 0.1, 'gamma': 0.99, 'epsilon': 1.0, 'batch_size': 64, 'n_actions': 4, 'eps_min': 0.01, 'eps_dec': 1e-05, 'input_dims': [6], 'lr': 0.003, 'n_games': 100}, logging_path: logs/philbot_runner, pipeline_id: scott-atkinson_20250522_IS9e, trade_file: data/scott-atkinson_20250521_osvC/SPY_2020-01-01_2023-12-31_Day_scott-atkinson_20250521_osvC.csv, cash_at_risk: 0.1, gamma: 0.99, epsilon: 1.0, batch_size: 64, n_actions: 4, eps_min: 0.01, eps_dec: 1e-05, input_dims: [6], lr: 0.003, n_games: 100, logfile: logs/philbot_runner/scott-atkinson_20250522_IS9e.log, save_directory: images/philbot/scott-atkinson_20250522_IS9e, scores_plot_filename: scores_plot_scott-atkinson_20250522_IS9e.png, scores_plot_path: images/philbot/scott-atkinson_20250522_IS9e/scores_plot_scott-atkinson_20250522_IS9e.png, net_worths_plot_filename: net_worths_plot_scott-atkinson_20250522_IS9e.png, net_worths_plot_path: images/philbot/scott-atkinson_20250522_IS9e/net_worths_plot_scott-atkinson_20250522_IS9e.png [philbot_runner.py::<module> -- Line 37]
2025/05/22 13:26:40 [INFO] Running main() of /Users/scott.atkinson/src/reinfin/bin/agents/philbot_runner.py [philbot_runner.py::<module> -- Line 39]
2025/05/22 13:26:40 [INFO] Log will appear at logs/philbot_runner/scott-atkinson_20250522_IS9e.log [philbot_runner.py::<module> -- Line 40]
2025/05/22 13:26:40 [INFO] Loading trade_file from data/scott-atkinson_20250521_osvC/SPY_2020-01-01_2023-12-31_Day_scott-atkinson_20250521_osvC.csv. [philbot_runner.py::run_philbot -- Line 17]
2025/05/22 13:26:40 [INFO] Instantiating Environment for trade_file with cash at risk: 0.1. [philbot_runner.py::run_philbot -- Line 20]
2025/05/22 13:26:40 [INFO] Instantiating Agent according to config. [philbot_runner.py::run_philbot -- Line 24]
2025/05/22 13:26:42 [INFO] Running trading game number 0 [philbot_runner.py::run_philbot -- Line 39]
2025/05/22 13:26:43 [INFO] Step: 500, Balance: 0.9575192571292442, Shares: 32.17425349167189, Net Worth: 15142.161212437923 [environment.py::render -- Line 89]
2025/05/22 13:26:43 [INFO] Last reward: 0.006221674272206562. [environment.py::step -- Line 69]
2025/05/22 13:26:44 [INFO] Step: 1000, Balance: 0.9575192571292442, Shares: 32.17425349167189, Net Worth: 15066.87345926741 [environment.py::render -- Line 89]
2025/05/22 13:26:44 [INFO] Last reward: -0.013856430854214648. [environment.py::step -- Line 69]
2025/05/22 13:26:44 [INFO] episode 0 score 0.5120469005243449,
average score 0.5120469005243449,
epsilon 0.9905800000000429,
net worth: 15338.102416202204 [philbot_runner.py::run_philbot -- Line 57]
2025/05/22 13:26:44 [INFO] Running trading game number 1 [philbot_runner.py::run_philbot -- Line 39]
2025/05/22 13:26:45 [INFO] Step: 500, Balance: 0.9601425789683005, Shares: 31.95778856761159, Net Worth: 15040.295442496983 [environment.py::render -- Line 89]
2025/05/22 13:26:45 [INFO] Last reward: 0.0062216704988143625. [environment.py::step -- Line 69]
2025/05/22 13:26:46 [INFO] Step: 1000, Balance: 0.9601425789683005, Shares: 31.95778856761159, Net Worth: 14965.51421724877 [environment.py::render -- Line 89]
2025/05/22 13:26:46 [INFO] Last reward: -0.013856422576941788. [environment.py::step -- Line 69]
2025/05/22 13:26:46 [INFO] episode 1 score 0.1580463220252041,
average score 0.3350466112747745,
epsilon 0.9805300000000886,
net worth: 15234.918374873736 [philbot_runner.py::run_philbot -- Line 57]
2025/05/22 13:26:46 [INFO] Running trading game number 2 [philbot_runner.py::run_philbot -- Line 39]
2025/05/22 13:26:48 [INFO] Step: 500, Balance: 0.990781591733225, Shares: 31.973723827807962, Net Worth: 15047.825214958162 [environment.py::render -- Line 89]
2025/05/22 13:26:48 [INFO] Last reward: 0.006221657951178666. [environment.py::step -- Line 69]
2025/05/22 13:26:49 [INFO] Step: 1000, Balance: 0.990781591733225, Shares: 31.973723827807962, Net Worth: 14973.00670120109 [environment.py::render -- Line 89]
2025/05/22 13:26:49 [INFO] Last reward: -0.013856395052581528. [environment.py::step -- Line 69]
2025/05/22 13:26:49 [INFO] episode 2 score 0.16390915432747463,
average score 0.2780007922923412,
epsilon 0.9704800000001343,
net worth: 15242.54519306951 [philbot_runner.py::run_philbot -- Line 57]
2025/05/22 13:26:49 [INFO] Running trading game number 3 [philbot_runner.py::run_philbot -- Line 39]
2025/05/22 13:26:50 [INFO] Step: 500, Balance: 0.9887592936891569, Shares: 31.64877361637432, Net Worth: 14894.901623159445 [environment.py::render -- Line 89]
2025/05/22 13:26:50 [INFO] Last reward: 0.006221654568980277. [environment.py::step -- Line 69]
2025/05/22 13:26:51 [INFO] Step: 1000, Balance: 0.9887592936891569, Shares: 31.64877361637432, Net Worth: 14820.843492897127 [environment.py::render -- Line 89]
2025/05/22 13:26:51 [INFO] Last reward: -0.013856387633426732. [environment.py::step -- Line 69]
2025/05/22 13:26:51 [INFO] episode 3 score 0.15606874717105695,
average score 0.24751778101202015,
epsilon 0.9604300000001801,
net worth: 15087.642654483163 [philbot_runner.py::run_philbot -- Line 57]
2025/05/22 13:26:51 [INFO] Running trading game number 4 [philbot_runner.py::run_philbot -- Line 39]
2025/05/22 13:26:53 [INFO] Step: 500, Balance: 0.9756917760675673, Shares: 32.02815118993009, Net Worth: 15073.42364175717 [environment.py::render -- Line 89]
2025/05/22 13:26:53 [INFO] Last reward: 0.006221664918824239. [environment.py::step -- Line 69]
2025/05/22 13:26:54 [INFO] Step: 1000, Balance: 0.9756917760675673, Shares: 32.02815118993009, Net Worth: 14998.477767972732 [environment.py::render -- Line 89]
2025/05/22 13:26:54 [INFO] Last reward: -0.013856410336734959. [environment.py::step -- Line 69]
2025/05/22 13:26:54 [INFO] episode 4 score 0.1702772644370437,
average score 0.23206967769702486,
epsilon 0.9503800000002258,
net worth: 15268.475082503843 [philbot_runner.py::run_philbot -- Line 57]
2025/05/22 13:26:54 [INFO] Running trading game number 5 [philbot_runner.py::run_philbot -- Line 39]
2025/05/22 13:26:55 [INFO] Step: 500, Balance: 0.9443427812392997, Shares: 31.918131368680513, Net Worth: 15021.616964882289 [environment.py::render -- Line 89]
2025/05/22 13:26:55 [INFO] Last reward: 0.006221676586954816. [environment.py::step -- Line 69]
2025/05/22 13:26:56 [INFO] Step: 1000, Balance: 0.9443427812392997, Shares: 31.918131368680513, Net Worth: 14946.928537479575 [environment.py::render -- Line 89]
2025/05/22 13:26:56 [INFO] Last reward: -0.013856435931821495. [environment.py::step -- Line 69]
2025/05/22 13:26:56 [INFO] episode 5 score 0.16079479489616924,
average score 0.2201905305635489,
epsilon 0.9403300000002716,
net worth: 15215.998384917551 [philbot_runner.py::run_philbot -- Line 57]
2025/05/22 13:26:56 [INFO] Running trading game number 6 [philbot_runner.py::run_philbot -- Line 39]
2025/05/22 13:26:58 [INFO] Step: 500, Balance: 0.9980803934594495, Shares: 31.67978389603119, Net Worth: 14909.504381865738 [environment.py::render -- Line 89]
2025/05/22 13:26:58 [INFO] Last reward: 0.0062216510619314495. [environment.py::step -- Line 69]
2025/05/22 13:26:59 [INFO] Step: 1000, Balance: 0.9980803934594495, Shares: 31.67978389603119, Net Worth: 14835.373687549023 [environment.py::render -- Line 89]
2025/05/22 13:26:59 [INFO] Last reward: -0.013856379940401386. [environment.py::step -- Line 69]
2025/05/22 13:26:59 [INFO] episode 6 score 0.15526298825260978,
average score 0.2109151673762719,
epsilon 0.9302800000003173,
net worth: 15102.434265792566 [philbot_runner.py::run_philbot -- Line 57]
2025/05/22 13:26:59 [INFO] Running trading game number 7 [philbot_runner.py::run_philbot -- Line 39]
2025/05/22 13:27:00 [INFO] Step: 500, Balance: 0.9494243846731995, Shares: 31.825359370474434, Net Worth: 14977.963544129942 [environment.py::render -- Line 89]
2025/05/22 13:27:00 [INFO] Last reward: 0.006221673315732822. [environment.py::step -- Line 69]
2025/05/22 13:27:02 [INFO] Step: 1000, Balance: 0.9494243846731995, Shares: 31.825359370474434, Net Worth: 14903.492203203032 [environment.py::render -- Line 89]
2025/05/22 13:27:02 [INFO] Last reward: -0.013856428756104166. [environment.py::step -- Line 69]
2025/05/22 13:27:02 [INFO] episode 7 score 0.16554998739773394,
average score 0.20524451987895465,
epsilon 0.920230000000363,
net worth: 15171.77998269613 [philbot_runner.py::run_philbot -- Line 57]
2025/05/22 13:27:02 [INFO] Running trading game number 8 [philbot_runner.py::run_philbot -- Line 39]
2025/05/22 13:27:03 [INFO] Step: 500, Balance: 0.9953534171221334, Shares: 31.760081496745237, Net Worth: 14947.289705785432 [environment.py::render -- Line 89]
2025/05/22 13:27:03 [INFO] Last reward: 0.006221653263621727. [environment.py::step -- Line 69]
2025/05/22 13:27:04 [INFO] Step: 1000, Balance: 0.9953534171221334, Shares: 31.760081496745237, Net Worth: 14872.971115083046 [environment.py::render -- Line 89]
2025/05/22 13:27:04 [INFO] Last reward: -0.01385638477000572. [environment.py::step -- Line 69]
2025/05/22 13:27:04 [INFO] episode 8 score 0.16186158512043733,
average score 0.20042419379467494,
epsilon 0.9101800000004088,
net worth: 15140.708602100609 [philbot_runner.py::run_philbot -- Line 57]
2025/05/22 13:27:04 [INFO] Running trading game number 9 [philbot_runner.py::run_philbot -- Line 39]
2025/05/22 13:27:05 [INFO] Step: 500, Balance: 0.9794221574687556, Shares: 31.643322703510265, Net Worth: 14892.327086429399 [environment.py::render -- Line 89]
2025/05/22 13:27:05 [INFO] Last reward: 0.006221658422491909. [environment.py::step -- Line 69]
2025/05/22 13:27:07 [INFO] Step: 1000, Balance: 0.9794221574687556, Shares: 31.643322703510265, Net Worth: 14818.281711303185 [environment.py::render -- Line 89]
2025/05/22 13:27:07 [INFO] Last reward: -0.013856396086449329. [environment.py::step -- Line 69]
2025/05/22 13:27:07 [INFO] episode 9 score 0.15989086444414963,
average score 0.1963708608596224,
epsilon 0.9001300000004545,
net worth: 15085.034921693776 [philbot_runner.py::run_philbot -- Line 57]
2025/05/22 13:27:07 [INFO] Running trading game number 10 [philbot_runner.py::run_philbot -- Line 39]
2025/05/22 13:27:08 [INFO] Step: 500, Balance: 0.9411104377558446, Shares: 32.216064738446796, Net Worth: 15161.821176350819 [environment.py::render -- Line 89]
2025/05/22 13:27:08 [INFO] Last reward: 0.006221681561266564. [environment.py::step -- Line 69]
2025/05/22 13:27:09 [INFO] Step: 1000, Balance: 0.9411104377558446, Shares: 32.216064738446796, Net Worth: 15086.435584862853 [environment.py::render -- Line 89]
2025/05/22 13:27:09 [INFO] Last reward: -0.013856446843418116. [environment.py::step -- Line 69]
2025/05/22 13:27:09 [INFO] episode 10 score 0.17427761082552048,
average score 0.19436238358379496,
epsilon 0.8900800000005002,
net worth: 15358.017010607959 [philbot_runner.py::run_philbot -- Line 57]
2025/05/22 13:27:09 [INFO] Running trading game number 11 [philbot_runner.py::run_philbot -- Line 39]
2025/05/22 13:27:11 [INFO] Step: 500, Balance: 0.9449640593848523, Shares: 31.885117537240347, Net Worth: 15006.081277084693 [environment.py::render -- Line 89]
2025/05/22 13:27:11 [INFO] Last reward: 0.006221675920269191. [environment.py::step -- Line 69]
2025/05/22 13:27:12 [INFO] Step: 1000, Balance: 0.9449640593848523, Shares: 31.885117537240347, Net Worth: 14931.47010204755 [environment.py::render -- Line 89]
2025/05/22 13:27:12 [INFO] Last reward: -0.013856434469386884. [environment.py::step -- Line 69]
2025/05/22 13:27:12 [INFO] episode 11 score 0.1564219888550529,
average score 0.19120068402306645,
epsilon 0.880030000000546,
net worth: 15200.261642886486 [philbot_runner.py::run_philbot -- Line 57]
2025/05/22 13:27:12 [INFO] Running trading game number 12 [philbot_runner.py::run_philbot -- Line 39]
2025/05/22 13:27:13 [INFO] Step: 500, Balance: 0.958115590559128, Shares: 31.497734138007253, Net Worth: 14823.791800936773 [environment.py::render -- Line 89]
2025/05/22 13:27:13 [INFO] Last reward: 0.006221665517584049. [environment.py::step -- Line 69]
2025/05/22 13:27:15 [INFO] Step: 1000, Balance: 0.958115590559128, Shares: 31.497734138007253, Net Worth: 14750.087103053836 [environment.py::render -- Line 89]
2025/05/22 13:27:15 [INFO] Last reward: -0.013856411650168207. [environment.py::step -- Line 69]
2025/05/22 13:27:15 [INFO] episode 12 score 0.15302092006137352,
average score 0.1882637791029362,
epsilon 0.8699800000005917,
net worth: 15015.613001837237 [philbot_runner.py::run_philbot -- Line 57]
2025/05/22 13:27:15 [INFO] Running trading game number 13 [philbot_runner.py::run_philbot -- Line 39]
2025/05/22 13:27:16 [INFO] Step: 500, Balance: 0.9646745483938671, Shares: 32.073423520018316, Net Worth: 15094.717783069014 [environment.py::render -- Line 89]
2025/05/22 13:27:16 [INFO] Last reward: 0.006221670060093148. [environment.py::step -- Line 69]
2025/05/22 13:27:17 [INFO] Step: 1000, Balance: 0.9646745483938671, Shares: 32.073423520018316, Net Worth: 15019.66597203217 [environment.py::render -- Line 89]
2025/05/22 13:27:17 [INFO] Last reward: -0.013856421614567693. [environment.py::step -- Line 69]
2025/05/22 13:27:17 [INFO] episode 13 score 0.17617820650593205,
average score 0.18740052391743592,
epsilon 0.8599300000006375,
net worth: 15290.044932305924 [philbot_runner.py::run_philbot -- Line 57]
2025/05/22 13:27:17 [INFO] Running trading game number 14 [philbot_runner.py::run_philbot -- Line 39]
2025/05/22 13:27:19 [INFO] Step: 500, Balance: 0.9840796515741578, Shares: 31.62542274038945, Net Worth: 14883.90802127885 [environment.py::render -- Line 89]
2025/05/22 13:27:19 [INFO] Last reward: 0.006221656230452826. [environment.py::step -- Line 69]
2025/05/22 13:27:20 [INFO] Step: 1000, Balance: 0.9840796515741578, Shares: 31.62542274038945, Net Worth: 14809.904532066337 [environment.py::render -- Line 89]
2025/05/22 13:27:20 [INFO] Last reward: -0.01385639127801533. [environment.py::step -- Line 69]
2025/05/22 13:27:20 [INFO] episode 14 score 0.15317910881896593,
average score 0.18511909624420458,
epsilon 0.8498800000006832,
net worth: 15076.50684576782 [philbot_runner.py::run_philbot -- Line 57]
2025/05/22 13:27:20 [INFO] Running trading game number 15 [philbot_runner.py::run_philbot -- Line 39]
2025/05/22 13:27:22 [INFO] Step: 500, Balance: 0.965275338067686, Shares: 31.751544843542728, Net Worth: 14943.242278709275 [environment.py::render -- Line 89]
2025/05/22 13:27:22 [INFO] Last reward: 0.0062216657525308045. [environment.py::step -- Line 69]
2025/05/22 13:27:23 [INFO] Step: 1000, Balance: 0.965275338067686, Shares: 31.751544843542728, Net Worth: 14868.943663775384 [environment.py::render -- Line 89]
2025/05/22 13:27:23 [INFO] Last reward: -0.013856412165544871. [environment.py::step -- Line 69]
2025/05/22 13:27:23 [INFO] episode 15 score 0.1633089962036302,
average score 0.18375596499166869,
epsilon 0.8398300000007289,
net worth: 15136.60918680645 [philbot_runner.py::run_philbot -- Line 57]
2025/05/22 13:27:23 [INFO] Running trading game number 16 [philbot_runner.py::run_philbot -- Line 39]
2025/05/22 13:27:24 [INFO] Step: 500, Balance: 0.9692959169671098, Shares: 32.0320564747263, Net Worth: 15075.255072923166 [environment.py::render -- Line 89]
2025/05/22 13:27:24 [INFO] Last reward: 0.006221667624268254. [environment.py::step -- Line 69]
2025/05/22 13:27:26 [INFO] Step: 1000, Balance: 0.9692959169671098, Shares: 32.0320564747263, Net Worth: 15000.300060772306 [environment.py::render -- Line 89]
2025/05/22 13:27:26 [INFO] Last reward: -0.013856416271368355. [environment.py::step -- Line 69]
2025/05/22 13:27:26 [INFO] episode 16 score 0.16853045127424574,
average score 0.1828603465377026,
epsilon 0.8297800000007747,
net worth: 15270.33029685425 [philbot_runner.py::run_philbot -- Line 57]
2025/05/22 13:27:26 [INFO] Running trading game number 17 [philbot_runner.py::run_philbot -- Line 39]
2025/05/22 13:27:30 [INFO] Step: 500, Balance: 0.9827860866116465, Shares: 32.07370401931548, Net Worth: 15094.867897576476 [environment.py::render -- Line 89]
2025/05/22 13:27:30 [INFO] Last reward: 0.006221662552092261. [environment.py::step -- Line 69]
2025/05/22 13:27:32 [INFO] Step: 1000, Balance: 0.9827860866116465, Shares: 32.07370401931548, Net Worth: 15019.815430171277 [environment.py::render -- Line 89]
2025/05/22 13:27:32 [INFO] Last reward: -0.013856405145097065. [environment.py::step -- Line 69]
2025/05/22 13:27:32 [INFO] episode 17 score 0.16543112962162887,
average score 0.18189205670903186,
epsilon 0.8197300000008204,
net worth: 15290.196755054107 [philbot_runner.py::run_philbot -- Line 57]
2025/05/22 13:27:32 [INFO] Running trading game number 18 [philbot_runner.py::run_philbot -- Line 39]
2025/05/22 13:27:34 [INFO] Step: 500, Balance: 0.9646068648418765, Shares: 31.714834341820517, Net Worth: 14925.965648125577 [environment.py::render -- Line 89]
2025/05/22 13:27:34 [INFO] Last reward: 0.006221665564811873. [environment.py::step -- Line 69]
2025/05/22 13:27:36 [INFO] Step: 1000, Balance: 0.9646068648418765, Shares: 31.714834341820517, Net Worth: 14851.752935765717 [environment.py::render -- Line 89]
2025/05/22 13:27:36 [INFO] Last reward: -0.013856411753766734. [environment.py::step -- Line 69]
2025/05/22 13:27:36 [INFO] episode 18 score 0.15233720985792848,
average score 0.18033653845371064,
epsilon 0.8096800000008662,
net worth: 15119.108989267264 [philbot_runner.py::run_philbot -- Line 57]
2025/05/22 13:27:36 [INFO] Running trading game number 19 [philbot_runner.py::run_philbot -- Line 39]
2025/05/22 13:27:38 [INFO] Step: 500, Balance: 0.9354907187776839, Shares: 31.735490519773762, Net Worth: 14935.657329324311 [environment.py::render -- Line 89]
2025/05/22 13:27:38 [INFO] Last reward: 0.006221678032365995. [environment.py::step -- Line 69]
2025/05/22 13:27:39 [INFO] Step: 1000, Balance: 0.9354907187776839, Shares: 31.735490519773762, Net Worth: 14861.39628150804 [environment.py::render -- Line 89]
2025/05/22 13:27:39 [INFO] Last reward: -0.013856439102459692. [environment.py::step -- Line 69]
2025/05/22 13:27:39 [INFO] episode 19 score 0.16290847087172,
average score 0.1794651350746111,
epsilon 0.7996300000009119,
net worth: 15128.926466589732 [philbot_runner.py::run_philbot -- Line 57]
2025/05/22 13:27:39 [INFO] Running trading game number 20 [philbot_runner.py::run_philbot -- Line 39]
2025/05/22 13:27:41 [INFO] Step: 500, Balance: 0.9972842355733134, Shares: 31.740729057040838, Net Worth: 14938.184378478993 [environment.py::render -- Line 89]
2025/05/22 13:27:41 [INFO] Last reward: 0.0062216522002703604. [environment.py::step -- Line 69]
2025/05/22 13:27:43 [INFO] Step: 1000, Balance: 0.9972842355733134, Shares: 31.740729057040838, Net Worth: 14863.911072485515 [environment.py::render -- Line 89]
2025/05/22 13:27:43 [INFO] Last reward: -0.013856382437449551. [environment.py::step -- Line 69]
2025/05/22 13:27:43 [INFO] episode 20 score 0.1610019925093672,
average score 0.1785859378095995,
epsilon 0.7895800000009576,
net worth: 15131.48541843637 [philbot_runner.py::run_philbot -- Line 57]
2025/05/22 13:27:43 [INFO] Running trading game number 21 [philbot_runner.py::run_philbot -- Line 39]
2025/05/22 13:27:45 [INFO] Step: 500, Balance: 0.9940450328834739, Shares: 31.55366554571758, Net Worth: 14850.149050847576 [environment.py::render -- Line 89]
2025/05/22 13:27:45 [INFO] Last reward: 0.006221651088054712. [environment.py::step -- Line 69]
2025/05/22 13:27:47 [INFO] Step: 1000, Balance: 0.9940450328834739, Shares: 31.55366554571758, Net Worth: 14776.313473470596 [environment.py::render -- Line 89]
2025/05/22 13:27:47 [INFO] Last reward: -0.013856379997705158. [environment.py::step -- Line 69]
2025/05/22 13:27:47 [INFO] episode 21 score 0.1577717365559241,
average score 0.17763983775261424,
epsilon 0.7795300000010034,
net worth: 15042.310874020995 [philbot_runner.py::run_philbot -- Line 57]
2025/05/22 13:27:47 [INFO] Running trading game number 22 [philbot_runner.py::run_philbot -- Line 39]
2025/05/22 13:27:49 [INFO] Step: 500, Balance: 0.9646068648418765, Shares: 31.731598575692303, Net Worth: 14933.85489658564 [environment.py::render -- Line 89]
2025/05/22 13:27:49 [INFO] Last reward: 0.006221665778559. [environment.py::step -- Line 69]
2025/05/22 13:27:50 [INFO] Step: 1000, Balance: 0.9646068648418765, Shares: 31.731598575692303, Net Worth: 14859.602955918519 [environment.py::render -- Line 89]
2025/05/22 13:27:50 [INFO] Last reward: -0.013856412222639806. [environment.py::step -- Line 69]
2025/05/22 13:27:50 [INFO] episode 22 score 0.16654828589046566,
average score 0.17715759636730344,
epsilon 0.7694800000010491,
net worth: 15127.100331911606 [philbot_runner.py::run_philbot -- Line 57]
2025/05/22 13:27:50 [INFO] Running trading game number 23 [philbot_runner.py::run_philbot -- Line 39]
2025/05/22 13:27:52 [INFO] Step: 500, Balance: 0.9833636567460102, Shares: 31.591255550363652, Net Worth: 14867.82822565788 [environment.py::render -- Line 89]
2025/05/22 13:27:52 [INFO] Last reward: 0.006221656084267933. [environment.py::step -- Line 69]
2025/05/22 13:27:54 [INFO] Step: 1000, Balance: 0.9833636567460102, Shares: 31.591255550363652, Net Worth: 14793.904687670029 [environment.py::render -- Line 89]
2025/05/22 13:27:54 [INFO] Last reward: -0.013856390957345865. [environment.py::step -- Line 69]
2025/05/22 13:27:54 [INFO] episode 23 score 0.157945815696948,
average score 0.17635710550603864,
epsilon 0.7594300000010948,
net worth: 15060.218971959595 [philbot_runner.py::run_philbot -- Line 57]
2025/05/22 13:27:54 [INFO] Running trading game number 24 [philbot_runner.py::run_philbot -- Line 39]
2025/05/22 13:27:56 [INFO] Step: 500, Balance: 0.926624104276083, Shares: 31.76320658567728, Net Worth: 14948.691643324006 [environment.py::render -- Line 89]
2025/05/22 13:27:56 [INFO] Last reward: 0.00622168208778588. [environment.py::step -- Line 69]
2025/05/22 13:27:58 [INFO] Step: 1000, Balance: 0.926624104276083, Shares: 31.76320658567728, Net Worth: 14874.36573991352 [environment.py::render -- Line 89]
2025/05/22 13:27:58 [INFO] Last reward: -0.013856447998385212. [environment.py::step -- Line 69]
2025/05/22 13:27:58 [INFO] episode 24 score 0.16702024996591244,
average score 0.1759836312844336,
epsilon 0.7493800000011406,
net worth: 15142.12957143078 [philbot_runner.py::run_philbot -- Line 57]
2025/05/22 13:27:58 [INFO] Running trading game number 25 [philbot_runner.py::run_philbot -- Line 39]
2025/05/22 13:27:59 [INFO] Step: 500, Balance: 0.9672496046466399, Shares: 31.760615076917166, Net Worth: 14947.512704801864 [environment.py::render -- Line 89]
2025/05/22 13:27:59 [INFO] Last reward: 0.006221665041148701. [environment.py::step -- Line 69]
2025/05/22 13:28:01 [INFO] Step: 1000, Balance: 0.9672496046466399, Shares: 31.760615076917166, Net Worth: 14873.192865521878 [environment.py::render -- Line 89]
2025/05/22 13:28:01 [INFO] Last reward: -0.013856410605064717. [environment.py::step -- Line 69]
2025/05/22 13:28:01 [INFO] episode 25 score 0.16180011321940946,
average score 0.17543811135885573,
epsilon 0.7393300000011863,
net worth: 15140.93485062029 [philbot_runner.py::run_philbot -- Line 57]
2025/05/22 13:28:01 [INFO] Running trading game number 26 [philbot_runner.py::run_philbot -- Line 39]
2025/05/22 13:28:03 [INFO] Step: 500, Balance: 0.95038369669342, Shares: 31.486575968508898, Net Worth: 14818.533034476983 [environment.py::render -- Line 89]
2025/05/22 13:28:03 [INFO] Last reward: 0.006221668640678983. [environment.py::step -- Line 69]
2025/05/22 13:28:05 [INFO] Step: 1000, Balance: 0.95038369669342, Shares: 31.486575968508898, Net Worth: 14744.854446710671 [environment.py::render -- Line 89]
2025/05/22 13:28:05 [INFO] Last reward: -0.01385641850095585. [environment.py::step -- Line 69]
2025/05/22 13:28:05 [INFO] episode 26 score 0.1547712345692119,
average score 0.17467267147775783,
epsilon 0.729280000001232,
net worth: 15010.2862821252 [philbot_runner.py::run_philbot -- Line 57]
2025/05/22 13:28:05 [INFO] Running trading game number 27 [philbot_runner.py::run_philbot -- Line 39]
2025/05/22 13:28:07 [INFO] Step: 500, Balance: 0.9329347512718557, Shares: 31.849749233707726, Net Worth: 14989.42492413413 [environment.py::render -- Line 89]
2025/05/22 13:28:07 [INFO] Last reward: 0.006221680506569649. [environment.py::step -- Line 69]
2025/05/22 13:28:08 [INFO] Step: 1000, Balance: 0.9329347512718557, Shares: 31.849749233707726, Net Worth: 14914.896510927252 [environment.py::render -- Line 89]
2025/05/22 13:28:08 [INFO] Last reward: -0.013856444529846246. [environment.py::step -- Line 69]
2025/05/22 13:28:08 [INFO] episode 27 score 0.16909003186349666,
average score 0.1744732914915342,
epsilon 0.7192300000012778,
net worth: 15183.389896967408 [philbot_runner.py::run_philbot -- Line 57]
2025/05/22 13:28:08 [INFO] Running trading game number 28 [philbot_runner.py::run_philbot -- Line 39]
2025/05/22 13:28:11 [INFO] Step: 500, Balance: 0.9926687159382314, Shares: 31.872050611568323, Net Worth: 14999.979686519991 [environment.py::render -- Line 89]
2025/05/22 13:28:11 [INFO] Last reward: 0.0062216558486483005. [environment.py::step -- Line 69]
2025/05/22 13:28:14 [INFO] Step: 1000, Balance: 0.9926687159382314, Shares: 31.872050611568323, Net Worth: 14925.399088088921 [environment.py::render -- Line 89]
2025/05/22 13:28:14 [INFO] Last reward: -0.013856390440493211. [environment.py::step -- Line 69]
2025/05/22 13:28:14 [INFO] episode 28 score 0.16253060724899077,
average score 0.17406147479351547,
epsilon 0.7091800000013235,
net worth: 15194.080474744442 [philbot_runner.py::run_philbot -- Line 57]
2025/05/22 13:28:14 [INFO] Running trading game number 29 [philbot_runner.py::run_philbot -- Line 39]
2025/05/22 13:28:16 [INFO] Step: 500, Balance: 0.9940101601489584, Shares: 31.711783889863927, Net Worth: 14924.559508730114 [environment.py::render -- Line 89]
2025/05/22 13:28:16 [INFO] Last reward: 0.006221653192153326. [environment.py::step -- Line 69]
2025/05/22 13:28:18 [INFO] Step: 1000, Balance: 0.9940101601489584, Shares: 31.711783889863927, Net Worth: 14850.353934427832 [environment.py::render -- Line 89]
2025/05/22 13:28:18 [INFO] Last reward: -0.013856384613233878. [environment.py::step -- Line 69]
2025/05/22 13:28:18 [INFO] episode 29 score 0.15837652077106243,
average score 0.17353864299276706,
epsilon 0.6991300000013693,
net worth: 15117.684272619385 [philbot_runner.py::run_philbot -- Line 57]
2025/05/22 13:28:18 [INFO] Running trading game number 30 [philbot_runner.py::run_philbot -- Line 39]
2025/05/22 13:28:21 [INFO] Step: 500, Balance: 0.9887592936891562, Shares: 32.03651409414613, Net Worth: 15077.372291998858 [environment.py::render -- Line 89]
2025/05/22 13:28:21 [INFO] Last reward: 0.006221659598757271. [environment.py::step -- Line 69]
2025/05/22 13:28:23 [INFO] Step: 1000, Balance: 0.9887592936891562, Shares: 32.03651409414613, Net Worth: 15002.406849018555 [environment.py::render -- Line 89]
2025/05/22 13:28:23 [INFO] Last reward: -0.013856398666692433. [environment.py::step -- Line 69]
2025/05/22 13:28:23 [INFO] episode 30 score 0.16790478383479399,
average score 0.17335690560057435,
epsilon 0.689080000001415,
net worth: 15272.474662832206 [philbot_runner.py::run_philbot -- Line 57]
2025/05/22 13:28:23 [INFO] Running trading game number 31 [philbot_runner.py::run_philbot -- Line 39]
2025/05/22 13:28:26 [INFO] Step: 500, Balance: 0.9892015507528389, Shares: 31.655158786798694, Net Worth: 14897.906926618218 [environment.py::render -- Line 89]
2025/05/22 13:28:26 [INFO] Last reward: 0.006221654466962301. [environment.py::step -- Line 69]
2025/05/22 13:28:29 [INFO] Step: 1000, Balance: 0.9892015507528389, Shares: 31.655158786798694, Net Worth: 14823.833855057108 [environment.py::render -- Line 89]
2025/05/22 13:28:29 [INFO] Last reward: -0.013856387409641407. [environment.py::step -- Line 69]
2025/05/22 13:28:29 [INFO] episode 31 score 0.15431313869602892,
average score 0.1727617878848073,
epsilon 0.6790300000014607,
net worth: 15090.686843629821 [philbot_runner.py::run_philbot -- Line 57]
2025/05/22 13:28:29 [INFO] Running trading game number 32 [philbot_runner.py::run_philbot -- Line 39]
2025/05/22 13:28:31 [INFO] Step: 500, Balance: 0.9900259877617296, Shares: 31.941164283055915, Net Worth: 15032.501937593875 [environment.py::render -- Line 89]
2025/05/22 13:28:31 [INFO] Last reward: 0.006221657845677698. [environment.py::step -- Line 69]
2025/05/22 13:28:32 [INFO] Step: 1000, Balance: 0.9900259877617296, Shares: 31.941164283055915, Net Worth: 14957.759613171524 [environment.py::render -- Line 89]
2025/05/22 13:28:32 [INFO] Last reward: -0.013856394821155728. [environment.py::step -- Line 69]
2025/05/22 13:28:32 [INFO] episode 32 score 0.17050193645939263,
average score 0.1726933075385826,
epsilon 0.6689800000015065,
net worth: 15227.023628077686 [philbot_runner.py::run_philbot -- Line 57]
2025/05/22 13:28:32 [INFO] Running trading game number 33 [philbot_runner.py::run_philbot -- Line 39]
2025/05/22 13:28:34 [INFO] Step: 500, Balance: 0.9391565758797916, Shares: 31.74651398161676, Net Worth: 14940.848636324728 [environment.py::render -- Line 89]
2025/05/22 13:28:34 [INFO] Last reward: 0.006221676632486216. [environment.py::step -- Line 69]
2025/05/22 13:28:37 [INFO] Step: 1000, Balance: 0.9391565758797916, Shares: 31.74651398161676, Net Worth: 14866.561793607743 [environment.py::render -- Line 89]
2025/05/22 13:28:37 [INFO] Last reward: -0.013856436031698545. [environment.py::step -- Line 69]
2025/05/22 13:28:37 [INFO] episode 33 score 0.15721083081751938,
average score 0.17223794057619843,
epsilon 0.6589300000015522,
net worth: 15134.184906472774 [philbot_runner.py::run_philbot -- Line 57]
2025/05/22 13:28:37 [INFO] Running trading game number 34 [philbot_runner.py::run_philbot -- Line 39]
2025/05/22 13:28:39 [INFO] Step: 500, Balance: 0.9907468334855919, Shares: 31.855065499996325, Net Worth: 14991.984571131758 [environment.py::render -- Line 89]
2025/05/22 13:28:39 [INFO] Last reward: 0.00622165643028573. [environment.py::step -- Line 69]
2025/05/22 13:28:42 [INFO] Step: 1000, Balance: 0.9907468334855919, Shares: 31.855065499996325, Net Worth: 14917.443717861765 [environment.py::render -- Line 89]
2025/05/22 13:28:42 [INFO] Last reward: -0.013856391716366876. [environment.py::step -- Line 69]
2025/05/22 13:28:42 [INFO] episode 34 score 0.16500300548746166,
average score 0.17203122814509164,
epsilon 0.648880000001598,
net worth: 15185.981920026734 [philbot_runner.py::run_philbot -- Line 57]
2025/05/22 13:28:42 [INFO] Running trading game number 35 [philbot_runner.py::run_philbot -- Line 39]
2025/05/22 13:28:44 [INFO] Step: 500, Balance: 0.9522940963540021, Shares: 32.01522617050159, Net Worth: 15067.317729934404 [environment.py::render -- Line 89]
2025/05/22 13:28:44 [INFO] Last reward: 0.006221674476813117. [environment.py::step -- Line 69]
2025/05/22 13:28:46 [INFO] Step: 1000, Balance: 0.9522940963540021, Shares: 32.01522617050159, Net Worth: 14992.40210069543 [environment.py::render -- Line 89]
2025/05/22 13:28:46 [INFO] Last reward: -0.013856431303037018. [environment.py::step -- Line 69]
2025/05/22 13:28:46 [INFO] episode 35 score 0.16648430074098752,
average score 0.17187714682831098,
epsilon 0.6388300000016437,
net worth: 15262.290457312758 [philbot_runner.py::run_philbot -- Line 57]
2025/05/22 13:28:46 [INFO] Running trading game number 36 [philbot_runner.py::run_philbot -- Line 39]
2025/05/22 13:28:48 [INFO] Step: 500, Balance: 0.9588468399953338, Shares: 32.00691260440953, Net Worth: 15063.411918475122 [environment.py::render -- Line 89]
2025/05/22 13:28:48 [INFO] Last reward: 0.006221671650706759. [environment.py::step -- Line 69]
2025/05/22 13:28:50 [INFO] Step: 1000, Balance: 0.9588468399953338, Shares: 32.00691260440953, Net Worth: 14988.515742980802 [environment.py::render -- Line 89]
2025/05/22 13:28:50 [INFO] Last reward: -0.013856425103720652. [environment.py::step -- Line 69]
2025/05/22 13:28:50 [INFO] episode 36 score 0.16450946004445122,
average score 0.17167802015847694,
epsilon 0.6287800000016894,
net worth: 15258.334016235975 [philbot_runner.py::run_philbot -- Line 57]
2025/05/22 13:28:50 [INFO] Running trading game number 37 [philbot_runner.py::run_philbot -- Line 39]
2025/05/22 13:28:52 [INFO] Step: 500, Balance: 0.9901301902922428, Shares: 32.15406835245702, Net Worth: 15132.694696856564 [environment.py::render -- Line 89]
2025/05/22 13:28:52 [INFO] Last reward: 0.006221660532573584. [environment.py::step -- Line 69]
2025/05/22 13:28:54 [INFO] Step: 1000, Balance: 0.9901301902922428, Shares: 32.15406835245702, Net Worth: 15057.454176911815 [environment.py::render -- Line 89]
2025/05/22 13:28:54 [INFO] Last reward: -0.013856400715102161. [environment.py::step -- Line 69]
2025/05/22 13:28:54 [INFO] episode 37 score 0.16642431007185793,
average score 0.17153976462988169,
epsilon 0.6187300000017352,
net worth: 15328.512973123028 [philbot_runner.py::run_philbot -- Line 57]
2025/05/22 13:28:54 [INFO] Running trading game number 38 [philbot_runner.py::run_philbot -- Line 39]
2025/05/22 13:28:57 [INFO] Step: 500, Balance: 0.9791115893049018, Shares: 31.60380017202932, Net Worth: 14873.727472546303 [environment.py::render -- Line 89]
2025/05/22 13:28:57 [INFO] Last reward: 0.0062216580383225905. [environment.py::step -- Line 69]
2025/05/22 13:28:59 [INFO] Step: 1000, Balance: 0.9791115893049018, Shares: 31.60380017202932, Net Worth: 14799.774580143754 [environment.py::render -- Line 89]
2025/05/22 13:28:59 [INFO] Last reward: -0.013856395243739389. [environment.py::step -- Line 69]
2025/05/22 13:28:59 [INFO] episode 38 score 0.15080406753133122,
average score 0.17100808008889323,
epsilon 0.6086800000017809,
net worth: 15066.19461559396 [philbot_runner.py::run_philbot -- Line 57]
2025/05/22 13:28:59 [INFO] Running trading game number 39 [philbot_runner.py::run_philbot -- Line 39]
2025/05/22 13:29:02 [INFO] Step: 500, Balance: 0.9900259877617291, Shares: 31.452218197332463, Net Worth: 14802.40390965242 [environment.py::render -- Line 89]
2025/05/22 13:29:02 [INFO] Last reward: 0.006221651436174712. [environment.py::step -- Line 69]
2025/05/22 13:29:04 [INFO] Step: 1000, Balance: 0.9900259877617291, Shares: 31.452218197332463, Net Worth: 14728.80571907066 [environment.py::render -- Line 89]
2025/05/22 13:29:04 [INFO] Last reward: -0.013856380761337333. [environment.py::step -- Line 69]
2025/05/22 13:29:04 [INFO] episode 39 score 0.15658834336035837,
average score 0.17064758667067986,
epsilon 0.5986300000018266,
net worth: 14993.947918474174 [philbot_runner.py::run_philbot -- Line 57]
2025/05/22 13:29:04 [INFO] Running trading game number 40 [philbot_runner.py::run_philbot -- Line 39]
2025/05/22 13:29:07 [INFO] Step: 500, Balance: 0.9991589712591231, Shares: 32.90146098555674, Net Worth: 15484.426698774261 [environment.py::render -- Line 89]
2025/05/22 13:29:07 [INFO] Last reward: 0.006221666187092219. [environment.py::step -- Line 69]
2025/05/22 13:29:10 [INFO] Step: 1000, Balance: 0.9991589712591231, Shares: 32.90146098555674, Net Worth: 15407.437280068058 [environment.py::render -- Line 89]
2025/05/22 13:29:10 [INFO] Last reward: -0.013856413118794103. [environment.py::step -- Line 69]
2025/05/22 13:29:10 [INFO] episode 40 score 0.19751998162197948,
average score 0.17130301093778474,
epsilon 0.5885800000018724,
net worth: 15684.7965961763 [philbot_runner.py::run_philbot -- Line 57]
2025/05/22 13:29:10 [INFO] Running trading game number 41 [philbot_runner.py::run_philbot -- Line 39]
2025/05/22 13:29:12 [INFO] Step: 500, Balance: 0.9522606883110041, Shares: 31.478023635822208, Net Worth: 14814.510183706243 [environment.py::render -- Line 89]
2025/05/22 13:29:12 [INFO] Last reward: 0.006221667738405398. [environment.py::step -- Line 69]
2025/05/22 13:29:14 [INFO] Step: 1000, Balance: 0.9522606883110041, Shares: 31.478023635822208, Net Worth: 14740.851608398418 [environment.py::render -- Line 89]
2025/05/22 13:29:14 [INFO] Last reward: -0.013856416521738238. [environment.py::step -- Line 69]
2025/05/22 13:29:14 [INFO] episode 41 score 0.13118730559123554,
average score 0.17034787509620022,
epsilon 0.5785300000019181,
net worth: 15006.2113476484 [philbot_runner.py::run_philbot -- Line 57]
2025/05/22 13:29:14 [INFO] Running trading game number 42 [philbot_runner.py::run_philbot -- Line 39]
2025/05/22 13:29:16 [INFO] Step: 500, Balance: 0.983907048022266, Shares: 31.854464402864824, Net Worth: 14991.69485503621 [environment.py::render -- Line 89]
2025/05/22 13:29:16 [INFO] Last reward: 0.006221659278697425. [environment.py::step -- Line 69]
2025/05/22 13:29:18 [INFO] Step: 1000, Balance: 0.983907048022266, Shares: 31.854464402864824, Net Worth: 14917.155408333505 [environment.py::render -- Line 89]
2025/05/22 13:29:18 [INFO] Last reward: -0.013856397964612502. [environment.py::step -- Line 69]
2025/05/22 13:29:18 [INFO] episode 42 score 0.16905412532719322,
average score 0.17031778789226984,
epsilon 0.5684800000019639,
net worth: 15185.688543249657 [philbot_runner.py::run_philbot -- Line 57]
2025/05/22 13:29:18 [INFO] Running trading game number 43 [philbot_runner.py::run_philbot -- Line 39]
2025/05/22 13:29:20 [INFO] Step: 500, Balance: 0.9783648852768994, Shares: 31.729003542377612, Net Worth: 14932.647431928182 [environment.py::render -- Line 89]
2025/05/22 13:29:20 [INFO] Last reward: 0.006221659977563254. [environment.py::step -- Line 69]
2025/05/22 13:29:22 [INFO] Step: 1000, Balance: 0.9783648852768994, Shares: 31.729003542377612, Net Worth: 14858.401563639018 [environment.py::render -- Line 89]
2025/05/22 13:29:22 [INFO] Last reward: -0.013856399497637307. [environment.py::step -- Line 69]
2025/05/22 13:29:22 [INFO] episode 43 score 0.15977801090682958,
average score 0.1700782475062371,
epsilon 0.5584300000020096,
net worth: 15125.87706350126 [philbot_runner.py::run_philbot -- Line 57]
2025/05/22 13:29:22 [INFO] Running trading game number 44 [philbot_runner.py::run_philbot -- Line 39]
2025/05/22 13:29:24 [INFO] Step: 500, Balance: 0.9913638607181647, Shares: 32.06630785807937, Net Worth: 15091.395841872869 [environment.py::render -- Line 89]
2025/05/22 13:29:24 [INFO] Last reward: 0.006221658899757009. [environment.py::step -- Line 69]
2025/05/22 13:29:26 [INFO] Step: 1000, Balance: 0.9913638607181647, Shares: 32.06630785807937, Net Worth: 15016.360681484963 [environment.py::render -- Line 89]
2025/05/22 13:29:26 [INFO] Last reward: -0.013856397133372932. [environment.py::step -- Line 69]
2025/05/22 13:29:26 [INFO] episode 44 score 0.16906075132748177,
average score 0.17005563648004254,
epsilon 0.5483800000020553,
net worth: 15286.679656728573 [philbot_runner.py::run_philbot -- Line 57]
2025/05/22 13:29:26 [INFO] Running trading game number 45 [philbot_runner.py::run_philbot -- Line 39]
2025/05/22 13:29:28 [INFO] Step: 500, Balance: 0.9905730605372217, Shares: 31.49034539790825, Net Worth: 14820.34711731616 [environment.py::render -- Line 89]
2025/05/22 13:29:28 [INFO] Last reward: 0.006221651712039068. [environment.py::step -- Line 69]
2025/05/22 13:29:30 [INFO] Step: 1000, Balance: 0.9905730605372217, Shares: 31.49034539790825, Net Worth: 14746.659709085054 [environment.py::render -- Line 89]
2025/05/22 13:29:30 [INFO] Last reward: -0.013856381366470676. [environment.py::step -- Line 69]
2025/05/22 13:29:30 [INFO] episode 45 score 0.1496070861417327,
average score 0.16961110277703578,
epsilon 0.5383300000021011,
net worth: 15012.12332078942 [philbot_runner.py::run_philbot -- Line 57]
2025/05/22 13:29:30 [INFO] Running trading game number 46 [philbot_runner.py::run_philbot -- Line 39]
2025/05/22 13:29:33 [INFO] Step: 500, Balance: 0.988793982208178, Shares: 31.926751663740593, Net Worth: 15025.718126938531 [environment.py::render -- Line 89]
2025/05/22 13:29:33 [INFO] Last reward: 0.006221658172860362. [environment.py::step -- Line 69]
2025/05/22 13:29:35 [INFO] Step: 1000, Balance: 0.988793982208178, Shares: 31.926751663740593, Net Worth: 14951.009528045377 [environment.py::render -- Line 89]
2025/05/22 13:29:35 [INFO] Last reward: -0.013856395538860046. [environment.py::step -- Line 69]
2025/05/22 13:29:35 [INFO] episode 46 score 0.17294725209353293,
average score 0.1696820846773868,
epsilon 0.5282800000021468,
net worth: 15220.15204457071 [philbot_runner.py::run_philbot -- Line 57]
2025/05/22 13:29:35 [INFO] Running trading game number 47 [philbot_runner.py::run_philbot -- Line 39]
2025/05/22 13:29:37 [INFO] Step: 500, Balance: 0.9954232580668849, Shares: 31.85314449980384, Net Worth: 14991.085224865756 [environment.py::render -- Line 89]
2025/05/22 13:29:37 [INFO] Last reward: 0.006221654452432946. [environment.py::step -- Line 69]
2025/05/22 13:29:39 [INFO] Step: 1000, Balance: 0.9954232580668849, Shares: 31.85314449980384, Net Worth: 14916.548866736213 [environment.py::render -- Line 89]
2025/05/22 13:29:39 [INFO] Last reward: -0.013856387377769522. [environment.py::step -- Line 69]
2025/05/22 13:29:39 [INFO] episode 47 score 0.16082705269905728,
average score 0.16949760484450493,
epsilon 0.5182300000021925,
net worth: 15185.07087486956 [philbot_runner.py::run_philbot -- Line 57]
2025/05/22 13:29:39 [INFO] Running trading game number 48 [philbot_runner.py::run_philbot -- Line 39]
2025/05/22 13:29:41 [INFO] Step: 500, Balance: 0.9322232632818803, Shares: 31.634180466920018, Net Worth: 14887.977550995844 [environment.py::render -- Line 89]
2025/05/22 13:29:41 [INFO] Last reward: 0.006221678150553118. [environment.py::step -- Line 69]
2025/05/22 13:29:43 [INFO] Step: 1000, Balance: 0.9322232632818803, Shares: 31.634180466920018, Net Worth: 14813.95356870325 [environment.py::render -- Line 89]
2025/05/22 13:29:43 [INFO] Last reward: -0.01385643936171366. [environment.py::step -- Line 69]
2025/05/22 13:29:44 [INFO] episode 48 score 0.1579793896941846,
average score 0.1692625392291923,
epsilon 0.5081800000022383,
net worth: 15080.629710039386 [philbot_runner.py::run_philbot -- Line 57]
2025/05/22 13:29:44 [INFO] Running trading game number 49 [philbot_runner.py::run_philbot -- Line 39]
2025/05/22 13:29:46 [INFO] Step: 500, Balance: 0.979353439194156, Shares: 31.595185346044815, Net Worth: 14869.673577287884 [environment.py::render -- Line 89]
2025/05/22 13:29:46 [INFO] Last reward: 0.006221657824133177. [environment.py::step -- Line 69]
2025/05/22 13:29:48 [INFO] Step: 1000, Balance: 0.979353439194156, Shares: 31.595185346044815, Net Worth: 14795.740843578138 [environment.py::render -- Line 89]
2025/05/22 13:29:48 [INFO] Last reward: -0.013856394773896089. [environment.py::step -- Line 69]
2025/05/22 13:29:48 [INFO] episode 49 score 0.16029145647613602,
average score 0.16908311757413116,
epsilon 0.49813000000227364,
net worth: 15062.088256045297 [philbot_runner.py::run_philbot -- Line 57]
2025/05/22 13:29:48 [INFO] Running trading game number 50 [philbot_runner.py::run_philbot -- Line 39]
2025/05/22 13:29:51 [INFO] Step: 500, Balance: 0.9323213819416317, Shares: 31.523089062313453, Net Worth: 14835.698034106654 [environment.py::render -- Line 89]
2025/05/22 13:29:51 [INFO] Last reward: 0.006221676727692876. [environment.py::step -- Line 69]
2025/05/22 13:29:53 [INFO] Step: 1000, Balance: 0.9323213819416317, Shares: 31.523089062313453, Net Worth: 14761.93400570084 [environment.py::render -- Line 89]
2025/05/22 13:29:53 [INFO] Last reward: -0.013856436240542912. [environment.py::step -- Line 69]
2025/05/22 13:29:53 [INFO] episode 50 score 0.16037622516896485,
average score 0.1689123941936377,
epsilon 0.4880800000022636,
net worth: 15027.673646496141 [philbot_runner.py::run_philbot -- Line 57]
2025/05/22 13:29:53 [INFO] Running trading game number 51 [philbot_runner.py::run_philbot -- Line 39]
2025/05/22 13:29:56 [INFO] Step: 500, Balance: 0.9634064912868704, Shares: 31.49473487210519, Net Worth: 14822.385637303989 [environment.py::render -- Line 89]
2025/05/22 13:29:56 [INFO] Last reward: 0.006221663244388889. [environment.py::step -- Line 69]
2025/05/22 13:29:59 [INFO] Step: 1000, Balance: 0.9634064912868704, Shares: 31.49473487210519, Net Worth: 14748.687957703263 [environment.py::render -- Line 89]
2025/05/22 13:29:59 [INFO] Last reward: -0.013856406663711457. [environment.py::step -- Line 69]
2025/05/22 13:29:59 [INFO] episode 51 score 0.161676239722649,
average score 0.16877323737688793,
epsilon 0.47803000000225354,
net worth: 15014.18857267511 [philbot_runner.py::run_philbot -- Line 57]
2025/05/22 13:29:59 [INFO] Running trading game number 52 [philbot_runner.py::run_philbot -- Line 39]
2025/05/22 13:30:02 [INFO] Step: 500, Balance: 0.989921796197619, Shares: 31.738246111198976, Net Worth: 14937.008541726436 [environment.py::render -- Line 89]
2025/05/22 13:30:02 [INFO] Last reward: 0.006221655253300549. [environment.py::step -- Line 69]
2025/05/22 13:30:04 [INFO] Step: 1000, Balance: 0.989921796197619, Shares: 31.738246111198976, Net Worth: 14862.74104582623 [environment.py::render -- Line 89]
2025/05/22 13:30:04 [INFO] Last reward: -0.013856389134544367. [environment.py::step -- Line 69]
2025/05/22 13:30:04 [INFO] episode 52 score 0.1659690929641526,
average score 0.16872032899174197,
epsilon 0.4679800000022435,
net worth: 15130.294460543637 [philbot_runner.py::run_philbot -- Line 57]
2025/05/22 13:30:04 [INFO] Running trading game number 53 [philbot_runner.py::run_philbot -- Line 39]
2025/05/22 13:30:07 [INFO] Step: 500, Balance: 0.9607068418184739, Shares: 31.670050695879713, Net Worth: 14904.886564322813 [environment.py::render -- Line 89]
2025/05/22 13:30:07 [INFO] Last reward: 0.006221666630796607. [environment.py::step -- Line 69]
2025/05/22 13:30:09 [INFO] Step: 1000, Balance: 0.9607068418184739, Shares: 31.670050695879713, Net Worth: 14830.778645694452 [environment.py::render -- Line 89]
2025/05/22 13:30:09 [INFO] Last reward: -0.013856414092099438. [environment.py::step -- Line 69]
2025/05/22 13:30:09 [INFO] episode 53 score 0.16085703737247894,
average score 0.16857471248027414,
epsilon 0.45793000000223344,
net worth: 15097.75717306072 [philbot_runner.py::run_philbot -- Line 57]
2025/05/22 13:30:09 [INFO] Running trading game number 54 [philbot_runner.py::run_philbot -- Line 39]
2025/05/22 13:30:12 [INFO] Step: 500, Balance: 0.9723521296839792, Shares: 31.84218490244238, Net Worth: 14985.904567219068 [environment.py::render -- Line 89]
2025/05/22 13:30:12 [INFO] Last reward: 0.00622166394732361. [environment.py::step -- Line 69]
2025/05/22 13:30:14 [INFO] Step: 1000, Balance: 0.9723521296839792, Shares: 31.84218490244238, Net Worth: 14911.393854547352 [environment.py::render -- Line 89]
2025/05/22 13:30:14 [INFO] Last reward: -0.013856408205661693. [environment.py::step -- Line 69]
2025/05/22 13:30:14 [INFO] episode 54 score 0.1665095141359041,
average score 0.16853716341946742,
epsilon 0.4478800000022234,
net worth: 15179.823473274942 [philbot_runner.py::run_philbot -- Line 57]
2025/05/22 13:30:14 [INFO] Running trading game number 55 [philbot_runner.py::run_philbot -- Line 39]
2025/05/22 13:30:16 [INFO] Step: 500, Balance: 0.9873210178418242, Shares: 31.63446320088888, Net Worth: 14888.16570335615 [environment.py::render -- Line 89]
2025/05/22 13:30:16 [INFO] Last reward: 0.006221654985770464. [environment.py::step -- Line 69]
2025/05/22 13:30:18 [INFO] Step: 1000, Balance: 0.9873210178418242, Shares: 31.63446320088888, Net Worth: 14814.141059466068 [environment.py::render -- Line 89]
2025/05/22 13:30:18 [INFO] Last reward: -0.013856388547693346. [environment.py::step -- Line 69]
2025/05/22 13:30:18 [INFO] episode 55 score 0.1578914071612613,
average score 0.16834706062914226,
epsilon 0.43783000000221334,
net worth: 15080.819584249562 [philbot_runner.py::run_philbot -- Line 57]
2025/05/22 13:30:18 [INFO] Running trading game number 56 [philbot_runner.py::run_philbot -- Line 39]
2025/05/22 13:30:20 [INFO] Step: 500, Balance: 0.9267216336113698, Shares: 31.462645599343315, Net Worth: 14807.247740684577 [environment.py::render -- Line 89]
2025/05/22 13:30:20 [INFO] Last reward: 0.006221678339411223. [environment.py::step -- Line 69]
2025/05/22 13:30:22 [INFO] Step: 1000, Balance: 0.9267216336113698, Shares: 31.462645599343315, Net Worth: 14733.625149982112 [environment.py::render -- Line 89]
2025/05/22 13:30:22 [INFO] Last reward: -0.013856439775990688. [environment.py::step -- Line 69]
2025/05/22 13:30:22 [INFO] episode 56 score 0.158168758932783,
average score 0.1681684939327149,
epsilon 0.4277800000022033,
net worth: 14998.855252384577 [philbot_runner.py::run_philbot -- Line 57]
2025/05/22 13:30:22 [INFO] Running trading game number 57 [philbot_runner.py::run_philbot -- Line 39]
2025/05/22 13:30:24 [INFO] Step: 500, Balance: 0.9620050943074194, Shares: 31.932493797980555, Net Worth: 15028.393586423957 [environment.py::render -- Line 89]
2025/05/22 13:30:24 [INFO] Last reward: 0.006221669406370223. [environment.py::step -- Line 69]
2025/05/22 13:30:26 [INFO] Step: 1000, Balance: 0.9620050943074194, Shares: 31.932493797980555, Net Worth: 14953.67155093668 [environment.py::render -- Line 89]
2025/05/22 13:30:26 [INFO] Last reward: -0.013856420180568105. [environment.py::step -- Line 69]
2025/05/22 13:30:26 [INFO] episode 57 score 0.17216385511401774,
average score 0.1682373794703236,
epsilon 0.41773000000219324,
net worth: 15222.862473653659 [philbot_runner.py::run_philbot -- Line 57]
2025/05/22 13:30:26 [INFO] Running trading game number 58 [philbot_runner.py::run_philbot -- Line 39]
2025/05/22 13:30:28 [INFO] Step: 500, Balance: 0.9899912560219262, Shares: 31.969647058413845, Net Worth: 15045.905896945578 [environment.py::render -- Line 89]
2025/05/22 13:30:28 [INFO] Last reward: 0.006221658227461781. [environment.py::step -- Line 69]
2025/05/22 13:30:30 [INFO] Step: 1000, Balance: 0.9899912560219262, Shares: 31.969647058413845, Net Worth: 14971.096922828889 [environment.py::render -- Line 89]
2025/05/22 13:30:30 [INFO] Last reward: -0.01385639565863313. [environment.py::step -- Line 69]
2025/05/22 13:30:30 [INFO] episode 58 score 0.16292888220621657,
average score 0.16814740494042346,
epsilon 0.4076800000021832,
net worth: 15240.601047531316 [philbot_runner.py::run_philbot -- Line 57]
2025/05/22 13:30:30 [INFO] Running trading game number 59 [philbot_runner.py::run_philbot -- Line 39]
2025/05/22 13:30:32 [INFO] Step: 500, Balance: 0.9562941539679399, Shares: 31.847167056236696, Net Worth: 14988.233110818957 [environment.py::render -- Line 89]
2025/05/22 13:30:32 [INFO] Last reward: 0.00622167071805897. [environment.py::step -- Line 69]
2025/05/22 13:30:34 [INFO] Step: 1000, Balance: 0.9562941539679399, Shares: 31.847167056236696, Net Worth: 14913.710739907363 [environment.py::render -- Line 89]
2025/05/22 13:30:34 [INFO] Last reward: -0.013856423057874519. [environment.py::step -- Line 69]
2025/05/22 13:30:34 [INFO] episode 59 score 0.16103376290650093,
average score 0.1680288442398581,
epsilon 0.39763000000217313,
net worth: 15182.182358191438 [philbot_runner.py::run_philbot -- Line 57]
2025/05/22 13:30:34 [INFO] Running trading game number 60 [philbot_runner.py::run_philbot -- Line 39]
2025/05/22 13:30:36 [INFO] Step: 500, Balance: 0.9900954548968449, Shares: 31.82210306874654, Net Worth: 14976.47179960702 [environment.py::render -- Line 89]
2025/05/22 13:30:36 [INFO] Last reward: 0.006221656274028435. [environment.py::step -- Line 69]
2025/05/22 13:30:38 [INFO] Step: 1000, Balance: 0.9900954548968449, Shares: 31.82210306874654, Net Worth: 14902.008078426152 [environment.py::render -- Line 89]
2025/05/22 13:30:38 [INFO] Last reward: -0.01385639137360251. [environment.py::step -- Line 69]
2025/05/22 13:30:38 [INFO] episode 60 score 0.1622386237778635,
average score 0.16793392259294015,
epsilon 0.3875800000021631,
net worth: 15170.268407295685 [philbot_runner.py::run_philbot -- Line 57]
2025/05/22 13:30:38 [INFO] Running trading game number 61 [philbot_runner.py::run_philbot -- Line 39]
2025/05/22 13:30:40 [INFO] Step: 500, Balance: 0.9966984893074335, Shares: 31.72331258468531, Net Worth: 14929.987600842214 [environment.py::render -- Line 89]
2025/05/22 13:30:40 [INFO] Last reward: 0.006221652216424767. [environment.py::step -- Line 69]
2025/05/22 13:30:44 [INFO] Step: 1000, Balance: 0.9966984893074335, Shares: 31.72331258468531, Net Worth: 14855.75504939405 [environment.py::render -- Line 89]
2025/05/22 13:30:44 [INFO] Last reward: -0.013856382472885764. [environment.py::step -- Line 69]
2025/05/22 13:30:44 [INFO] episode 61 score 0.15855389536773945,
average score 0.16778263183124334,
epsilon 0.37753000000215303,
net worth: 15123.182574482948 [philbot_runner.py::run_philbot -- Line 57]
2025/05/22 13:30:44 [INFO] Running trading game number 62 [philbot_runner.py::run_philbot -- Line 39]
2025/05/22 13:30:46 [INFO] Step: 500, Balance: 0.9980103660846079, Shares: 32.187202044723584, Net Worth: 15148.295292613006 [environment.py::render -- Line 89]
2025/05/22 13:30:46 [INFO] Last reward: 0.006221657697575993. [environment.py::step -- Line 69]
2025/05/22 13:30:48 [INFO] Step: 1000, Balance: 0.9980103660846079, Shares: 32.187202044723584, Net Worth: 15072.977239828351 [environment.py::render -- Line 89]
2025/05/22 13:30:48 [INFO] Last reward: -0.013856394496281165. [environment.py::step -- Line 69]
2025/05/22 13:30:48 [INFO] episode 62 score 0.17294521608804458,
average score 0.1678645776130973,
epsilon 0.367480000002143,
net worth: 15344.31535306537 [philbot_runner.py::run_philbot -- Line 57]
2025/05/22 13:30:48 [INFO] Running trading game number 63 [philbot_runner.py::run_philbot -- Line 39]
2025/05/22 13:30:51 [INFO] Step: 500, Balance: 0.9972842355733118, Shares: 31.69087732985193, Net Worth: 14914.724155663891 [environment.py::render -- Line 89]
2025/05/22 13:30:51 [INFO] Last reward: 0.006221651542814698. [environment.py::step -- Line 69]
2025/05/22 13:30:53 [INFO] Step: 1000, Balance: 0.9972842355733118, Shares: 31.69087732985193, Net Worth: 14840.567502712038 [environment.py::render -- Line 89]
2025/05/22 13:30:53 [INFO] Last reward: -0.013856380995261772. [environment.py::step -- Line 69]
2025/05/22 13:30:53 [INFO] episode 63 score 0.1513330899944096,
average score 0.16760627311905535,
epsilon 0.35743000000213293,
net worth: 15107.72159860269 [philbot_runner.py::run_philbot -- Line 57]
2025/05/22 13:30:53 [INFO] Running trading game number 64 [philbot_runner.py::run_philbot -- Line 39]
2025/05/22 13:30:55 [INFO] Step: 500, Balance: 0.9613051604442682, Shares: 31.801549423570645, Net Worth: 14966.770463892792 [environment.py::render -- Line 89]
2025/05/22 13:30:55 [INFO] Last reward: 0.006221668049066563. [environment.py::step -- Line 69]
2025/05/22 13:30:58 [INFO] Step: 1000, Balance: 0.9613051604442682, Shares: 31.801549423570645, Net Worth: 14892.354838241634 [environment.py::render -- Line 89]
2025/05/22 13:30:58 [INFO] Last reward: -0.013856417203201033. [environment.py::step -- Line 69]
2025/05/22 13:30:58 [INFO] episode 64 score 0.16650852132226437,
average score 0.16758938462987394,
epsilon 0.3473800000021229,
net worth: 15160.441899882335 [philbot_runner.py::run_philbot -- Line 57]
2025/05/22 13:30:58 [INFO] Running trading game number 65 [philbot_runner.py::run_philbot -- Line 39]
2025/05/22 13:31:01 [INFO] Step: 500, Balance: 0.977388755715606, Shares: 32.25428594807832, Net Worth: 15179.844355921372 [environment.py::render -- Line 89]
2025/05/22 13:31:01 [INFO] Last reward: 0.006221667060031032. [environment.py::step -- Line 69]
2025/05/22 13:31:03 [INFO] Step: 1000, Balance: 0.977388755715606, Shares: 32.25428594807832, Net Worth: 15104.36932680287 [environment.py::render -- Line 89]
2025/05/22 13:31:03 [INFO] Last reward: -0.01385641503366342. [environment.py::step -- Line 69]
2025/05/22 13:31:03 [INFO] episode 65 score 0.17488380743422832,
average score 0.16769990618751568,
epsilon 0.33733000000211283,
net worth: 15376.272957345169 [philbot_runner.py::run_philbot -- Line 57]
2025/05/22 13:31:03 [INFO] Running trading game number 66 [philbot_runner.py::run_philbot -- Line 39]
2025/05/22 13:31:06 [INFO] Step: 500, Balance: 0.9880052319914022, Shares: 31.924938635588518, Net Worth: 15024.864127139948 [environment.py::render -- Line 89]
2025/05/22 13:31:06 [INFO] Last reward: 0.006221658478110482. [environment.py::step -- Line 69]
2025/05/22 13:31:08 [INFO] Step: 1000, Balance: 0.9880052319914022, Shares: 31.924938635588518, Net Worth: 14950.159770732671 [environment.py::render -- Line 89]
2025/05/22 13:31:08 [INFO] Last reward: -0.013856396208453504. [environment.py::step -- Line 69]
2025/05/22 13:31:08 [INFO] episode 66 score 0.15538605089184254,
average score 0.16751611730250562,
epsilon 0.3272800000021028,
net worth: 15219.287003430682 [philbot_runner.py::run_philbot -- Line 57]
2025/05/22 13:31:08 [INFO] Running trading game number 67 [philbot_runner.py::run_philbot -- Line 39]
2025/05/22 13:31:11 [INFO] Step: 500, Balance: 0.9531212103904604, Shares: 31.541103411277348, Net Worth: 14844.19638655751 [environment.py::render -- Line 89]
2025/05/22 13:31:11 [INFO] Last reward: 0.006221668180279193. [environment.py::step -- Line 69]
2025/05/22 13:31:14 [INFO] Step: 1000, Balance: 0.9531212103904604, Shares: 31.541103411277348, Net Worth: 14770.39020457512 [environment.py::render -- Line 89]
2025/05/22 13:31:14 [INFO] Last reward: -0.01385641749102796. [environment.py::step -- Line 69]
2025/05/22 13:31:14 [INFO] episode 67 score 0.15253068961435215,
average score 0.16729574336591513,
epsilon 0.3172300000020927,
net worth: 15036.281706332189 [philbot_runner.py::run_philbot -- Line 57]
2025/05/22 13:31:14 [INFO] Running trading game number 68 [philbot_runner.py::run_philbot -- Line 39]
2025/05/22 13:31:17 [INFO] Step: 500, Balance: 0.9818987817046819, Shares: 31.88675052036356, Net Worth: 15006.886693664797 [environment.py::render -- Line 89]
2025/05/22 13:31:17 [INFO] Last reward: 0.0062216605324934456. [environment.py::step -- Line 69]
2025/05/22 13:31:20 [INFO] Step: 1000, Balance: 0.9818987817046819, Shares: 31.88675052036356, Net Worth: 14932.271697447146 [environment.py::render -- Line 89]
2025/05/22 13:31:20 [INFO] Last reward: -0.013856400714926173. [environment.py::step -- Line 69]
2025/05/22 13:31:20 [INFO] episode 68 score 0.16920064814470537,
average score 0.16732335068154977,
epsilon 0.3071800000020827,
net worth: 15201.07700433381 [philbot_runner.py::run_philbot -- Line 57]
2025/05/22 13:31:20 [INFO] Running trading game number 69 [philbot_runner.py::run_philbot -- Line 39]
2025/05/22 13:31:23 [INFO] Step: 500, Balance: 0.9980803934594492, Shares: 31.899212874519673, Net Worth: 15012.767659142419 [environment.py::render -- Line 89]
2025/05/22 13:31:23 [INFO] Last reward: 0.006221653944740228. [environment.py::step -- Line 69]
2025/05/22 13:31:26 [INFO] Step: 1000, Balance: 0.9980803934594492, Shares: 31.899212874519673, Net Worth: 14938.123501016042 [environment.py::render -- Line 89]
2025/05/22 13:31:26 [INFO] Last reward: -0.013856386264100422. [environment.py::step -- Line 69]
2025/05/22 13:31:26 [INFO] episode 69 score 0.16259065436544648,
average score 0.1672557407341769,
epsilon 0.2971300000020726,
net worth: 15207.033865548243 [philbot_runner.py::run_philbot -- Line 57]
2025/05/22 13:31:26 [INFO] Running trading game number 70 [philbot_runner.py::run_philbot -- Line 39]
2025/05/22 13:31:29 [INFO] Step: 500, Balance: 0.9716105806513651, Shares: 32.126402682949994, Net Worth: 15119.656713176919 [environment.py::render -- Line 89]
2025/05/22 13:31:29 [INFO] Last reward: 0.006221667847970129. [environment.py::step -- Line 69]
2025/05/22 13:31:32 [INFO] Step: 1000, Balance: 0.9716105806513651, Shares: 32.126402682949994, Net Worth: 15044.480930898815 [environment.py::render -- Line 89]
2025/05/22 13:31:32 [INFO] Last reward: -0.013856416762078145. [environment.py::step -- Line 69]
2025/05/22 13:31:32 [INFO] episode 70 score 0.16774914022456705,
average score 0.1672626900227739,
epsilon 0.2870800000020626,
net worth: 15315.306505516084 [philbot_runner.py::run_philbot -- Line 57]
2025/05/22 13:31:32 [INFO] Running trading game number 71 [philbot_runner.py::run_philbot -- Line 39]
2025/05/22 13:31:35 [INFO] Step: 500, Balance: 0.9808145168901956, Shares: 31.40999794137691, Net Worth: 14782.525845728866 [environment.py::render -- Line 89]
2025/05/22 13:31:35 [INFO] Last reward: 0.006221654774391512. [environment.py::step -- Line 69]
2025/05/22 13:31:38 [INFO] Step: 1000, Balance: 0.9808145168901956, Shares: 31.40999794137691, Net Worth: 14709.026450546042 [environment.py::render -- Line 89]
2025/05/22 13:31:38 [INFO] Last reward: -0.013856388084014801. [environment.py::step -- Line 69]
2025/05/22 13:31:38 [INFO] episode 71 score 0.14768466264560795,
average score 0.16699077297586884,
epsilon 0.2770300000020525,
net worth: 14973.81273319185 [philbot_runner.py::run_philbot -- Line 57]
2025/05/22 13:31:38 [INFO] Running trading game number 72 [philbot_runner.py::run_philbot -- Line 39]
2025/05/22 13:31:42 [INFO] Step: 500, Balance: 0.9404916932208304, Shares: 32.06764858905623, Net Worth: 15091.975917703086 [environment.py::render -- Line 89]
2025/05/22 13:31:42 [INFO] Last reward: 0.006221680019455868. [environment.py::step -- Line 69]
2025/05/22 13:31:45 [INFO] Step: 1000, Balance: 0.9404916932208304, Shares: 32.06764858905623, Net Worth: 15016.937620004694 [environment.py::render -- Line 89]
2025/05/22 13:31:45 [INFO] Last reward: -0.013856443461318658. [environment.py::step -- Line 69]
2025/05/22 13:31:45 [INFO] episode 72 score 0.17748564674925896,
average score 0.16713453837002487,
epsilon 0.2669800000020425,
net worth: 15287.267897610438 [philbot_runner.py::run_philbot -- Line 57]
2025/05/22 13:31:45 [INFO] Running trading game number 73 [philbot_runner.py::run_philbot -- Line 39]
2025/05/22 13:31:48 [INFO] Step: 500, Balance: 0.9581828186379957, Shares: 31.671653686232222, Net Worth: 14905.638407559523 [environment.py::render -- Line 89]
2025/05/22 13:31:48 [INFO] Last reward: 0.006221667711310821. [environment.py::step -- Line 69]
2025/05/22 13:31:51 [INFO] Step: 1000, Balance: 0.9581828186379957, Shares: 31.671653686232222, Net Worth: 14831.526737933738 [environment.py::render -- Line 89]
2025/05/22 13:31:51 [INFO] Last reward: -0.013856416462303884. [environment.py::step -- Line 69]
2025/05/22 13:31:51 [INFO] episode 73 score 0.1543953818917865,
average score 0.16696238760680543,
epsilon 0.2569300000020324,
net worth: 15098.518778508676 [philbot_runner.py::run_philbot -- Line 57]
2025/05/22 13:31:51 [INFO] Running trading game number 74 [philbot_runner.py::run_philbot -- Line 39]
2025/05/22 13:31:54 [INFO] Step: 500, Balance: 0.9665119469743585, Shares: 31.812075001685784, Net Worth: 14971.729007740305 [environment.py::render -- Line 89]
2025/05/22 13:31:54 [INFO] Last reward: 0.00622166600490819. [environment.py::step -- Line 69]
2025/05/22 13:31:57 [INFO] Step: 1000, Balance: 0.9665119469743585, Shares: 31.812075001685784, Net Worth: 14897.288752236358 [environment.py::render -- Line 89]
2025/05/22 13:31:57 [INFO] Last reward: -0.013856412719157125. [environment.py::step -- Line 69]
2025/05/22 13:31:57 [INFO] episode 74 score 0.16598156710064896,
average score 0.1669493100000567,
epsilon 0.24688000000202237,
net worth: 15165.46454450057 [philbot_runner.py::run_philbot -- Line 57]
2025/05/22 13:31:57 [INFO] Running trading game number 75 [philbot_runner.py::run_philbot -- Line 39]
2025/05/22 13:32:00 [INFO] Step: 500, Balance: 0.981390928359615, Shares: 31.634808085305092, Net Worth: 14888.322075872937 [environment.py::render -- Line 89]
2025/05/22 13:32:00 [INFO] Last reward: 0.006221657483829246. [environment.py::step -- Line 69]
2025/05/22 13:32:02 [INFO] Step: 1000, Balance: 0.981390928359615, Shares: 31.634808085305092, Net Worth: 14814.296624953322 [environment.py::render -- Line 89]
2025/05/22 13:32:02 [INFO] Last reward: -0.013856394027409036. [environment.py::step -- Line 69]
2025/05/22 13:32:02 [INFO] episode 75 score 0.15772142889147436,
average score 0.16682789051178587,
epsilon 0.23683000000201232,
net worth: 15080.978057112445 [philbot_runner.py::run_philbot -- Line 57]
2025/05/22 13:32:02 [INFO] Running trading game number 76 [philbot_runner.py::run_philbot -- Line 39]
2025/05/22 13:32:05 [INFO] Step: 500, Balance: 0.9768146948876593, Shares: 31.583521272661084, Net Worth: 14864.181925609195 [environment.py::render -- Line 89]
2025/05/22 13:32:05 [INFO] Last reward: 0.0062216587411049. [environment.py::step -- Line 69]
2025/05/22 13:32:09 [INFO] Step: 1000, Balance: 0.9768146948876593, Shares: 31.583521272661084, Net Worth: 14790.276485831168 [environment.py::render -- Line 89]
2025/05/22 13:32:09 [INFO] Last reward: -0.013856396785355163. [environment.py::step -- Line 69]
2025/05/22 13:32:09 [INFO] episode 76 score 0.1613943054459796,
average score 0.1667573244719702,
epsilon 0.22678000000200227,
net worth: 15056.5255701597 [philbot_runner.py::run_philbot -- Line 57]
2025/05/22 13:32:09 [INFO] Running trading game number 77 [philbot_runner.py::run_philbot -- Line 39]
2025/05/22 13:32:11 [INFO] Step: 500, Balance: 0.9866718915973528, Shares: 32.559341968516385, Net Worth: 15323.41300227541 [environment.py::render -- Line 89]
2025/05/22 13:32:11 [INFO] Last reward: 0.00622166704403842. [environment.py::step -- Line 69]
2025/05/22 13:32:13 [INFO] Step: 1000, Balance: 0.9866718915973528, Shares: 32.559341968516385, Net Worth: 15247.22414206908 [environment.py::render -- Line 89]
2025/05/22 13:32:13 [INFO] Last reward: -0.013856414998582063. [environment.py::step -- Line 69]
2025/05/22 13:32:13 [INFO] episode 77 score 0.18633798385960706,
average score 0.1670083585666835,
epsilon 0.21673000000199222,
net worth: 15521.699394863674 [philbot_runner.py::run_philbot -- Line 57]
2025/05/22 13:32:13 [INFO] Running trading game number 78 [philbot_runner.py::run_philbot -- Line 39]
2025/05/22 13:32:17 [INFO] Step: 500, Balance: 0.9435894892625947, Shares: 31.587488336076376, Net Worth: 14866.015600446806 [environment.py::render -- Line 89]
2025/05/22 13:32:17 [INFO] Last reward: 0.006221672784552747. [environment.py::step -- Line 69]
2025/05/22 13:32:20 [INFO] Step: 1000, Balance: 0.9435894892625947, Shares: 31.587488336076376, Net Worth: 14792.100877740386 [environment.py::render -- Line 89]
2025/05/22 13:32:20 [INFO] Last reward: -0.01385642759091298. [environment.py::step -- Line 69]
2025/05/22 13:32:20 [INFO] episode 78 score 0.13942853774386593,
average score 0.16665924691069847,
epsilon 0.20668000000198217,
net worth: 15058.383404413511 [philbot_runner.py::run_philbot -- Line 57]
2025/05/22 13:32:20 [INFO] Running trading game number 79 [philbot_runner.py::run_philbot -- Line 39]
2025/05/22 13:32:22 [INFO] Step: 500, Balance: 0.9813564995518947, Shares: 31.927615913794163, Net Worth: 15026.117405531086 [environment.py::render -- Line 89]
2025/05/22 13:32:22 [INFO] Last reward: 0.00622166128270836. [environment.py::step -- Line 69]
2025/05/22 13:32:25 [INFO] Step: 1000, Balance: 0.9813564995518947, Shares: 31.927615913794163, Net Worth: 14951.406784292805 [environment.py::render -- Line 89]
2025/05/22 13:32:25 [INFO] Last reward: -0.013856402360589628. [environment.py::step -- Line 69]
2025/05/22 13:32:25 [INFO] episode 79 score 0.1694751399149313,
average score 0.16669444557325136,
epsilon 0.19663000000197212,
net worth: 15220.556586446091 [philbot_runner.py::run_philbot -- Line 57]
2025/05/22 13:32:25 [INFO] Running trading game number 80 [philbot_runner.py::run_philbot -- Line 39]
2025/05/22 13:32:28 [INFO] Step: 500, Balance: 0.9730259703836908, Shares: 32.1078498523787, Net Worth: 15110.9271664998 [environment.py::render -- Line 89]
2025/05/22 13:32:28 [INFO] Last reward: 0.006221667029120839. [environment.py::step -- Line 69]
2025/05/22 13:32:32 [INFO] Step: 1000, Balance: 0.9730259703836908, Shares: 32.1078498523787, Net Worth: 15035.794797845232 [environment.py::render -- Line 89]
2025/05/22 13:32:32 [INFO] Last reward: -0.013856414965859168. [environment.py::step -- Line 69]
2025/05/22 13:32:32 [INFO] episode 80 score 0.1646638908148305,
average score 0.1666693769959869,
epsilon 0.18658000000196207,
net worth: 15306.463972100784 [philbot_runner.py::run_philbot -- Line 57]
2025/05/22 13:32:32 [INFO] Running trading game number 81 [philbot_runner.py::run_philbot -- Line 39]
2025/05/22 13:32:35 [INFO] Step: 500, Balance: 0.9613051604442676, Shares: 31.878384755059376, Net Worth: 15002.929170891388 [environment.py::render -- Line 89]
2025/05/22 13:32:35 [INFO] Last reward: 0.006221669018232965. [environment.py::step -- Line 69]
2025/05/22 13:32:39 [INFO] Step: 1000, Balance: 0.9613051604442676, Shares: 31.878384755059376, Net Worth: 14928.333750564547 [environment.py::render -- Line 89]
2025/05/22 13:32:39 [INFO] Last reward: -0.013856419329154327. [environment.py::step -- Line 69]
2025/05/22 13:32:39 [INFO] episode 81 score 0.15927294977984024,
average score 0.1665791766640827,
epsilon 0.17653000000195201,
net worth: 15197.068534049698 [philbot_runner.py::run_philbot -- Line 57]
2025/05/22 13:32:39 [INFO] Running trading game number 82 [philbot_runner.py::run_philbot -- Line 39]
2025/05/22 13:32:42 [INFO] Step: 500, Balance: 0.9303531277716636, Shares: 32.52267454944027, Net Worth: 15306.100996094361 [environment.py::render -- Line 89]
2025/05/22 13:32:42 [INFO] Last reward: 0.006221689624600322. [environment.py::step -- Line 69]
2025/05/22 13:32:44 [INFO] Step: 1000, Balance: 0.9303531277716636, Shares: 32.52267454944027, Net Worth: 15229.99793764867 [environment.py::render -- Line 89]
2025/05/22 13:32:44 [INFO] Last reward: -0.013856464531059454. [environment.py::step -- Line 69]
2025/05/22 13:32:44 [INFO] episode 82 score 0.18039018467746876,
average score 0.16674557435099097,
epsilon 0.16648000000194196,
net worth: 15504.164084100452 [philbot_runner.py::run_philbot -- Line 57]
2025/05/22 13:32:44 [INFO] Running trading game number 83 [philbot_runner.py::run_philbot -- Line 39]
2025/05/22 13:32:48 [INFO] Step: 500, Balance: 0.9322232632818801, Shares: 31.65688190030974, Net Worth: 14898.660845549048 [environment.py::render -- Line 89]
2025/05/22 13:32:48 [INFO] Last reward: 0.006221678431659347. [environment.py::step -- Line 69]
2025/05/22 13:32:50 [INFO] Step: 1000, Balance: 0.9322232632818801, Shares: 31.65688190030974, Net Worth: 14824.583741902321 [environment.py::render -- Line 89]
2025/05/22 13:32:50 [INFO] Last reward: -0.013856439978345507. [environment.py::step -- Line 69]
2025/05/22 13:32:50 [INFO] episode 83 score 0.14530128998848413,
average score 0.1664902852514373,
epsilon 0.1564300000019319,
net worth: 15091.451256321932 [philbot_runner.py::run_philbot -- Line 57]
2025/05/22 13:32:50 [INFO] Running trading game number 84 [philbot_runner.py::run_philbot -- Line 39]
2025/05/22 13:32:53 [INFO] Step: 500, Balance: 0.9588468399953336, Shares: 31.9051221005914, Net Worth: 15015.509307378308 [environment.py::render -- Line 89]
2025/05/22 13:32:53 [INFO] Last reward: 0.006221670379332433. [environment.py::step -- Line 69]
2025/05/22 13:32:55 [INFO] Step: 1000, Balance: 0.9588468399953336, Shares: 31.9051221005914, Net Worth: 14940.851321662924 [environment.py::render -- Line 89]
2025/05/22 13:32:55 [INFO] Last reward: -0.013856422314847813. [environment.py::step -- Line 69]
2025/05/22 13:32:55 [INFO] episode 84 score 0.16631694323869606,
average score 0.16648824593364037,
epsilon 0.14638000000192186,
net worth: 15209.811500970909 [philbot_runner.py::run_philbot -- Line 57]
2025/05/22 13:32:55 [INFO] Running trading game number 85 [philbot_runner.py::run_philbot -- Line 39]
2025/05/22 13:32:57 [INFO] Step: 500, Balance: 0.9846925265524246, Shares: 31.973062189106447, Net Worth: 15047.507758720047 [environment.py::render -- Line 89]
2025/05/22 13:32:57 [INFO] Last reward: 0.0062216604759441985. [environment.py::step -- Line 69]
2025/05/22 13:32:59 [INFO] Step: 1000, Balance: 0.9846925265524246, Shares: 31.973062189106447, Net Worth: 14972.690793197537 [environment.py::render -- Line 89]
2025/05/22 13:32:59 [INFO] Last reward: -0.013856400590880563. [environment.py::step -- Line 69]
2025/05/22 13:32:59 [INFO] episode 85 score 0.16590704468507642,
average score 0.1664814877795873,
epsilon 0.1363300000019118,
net worth: 15242.223707451703 [philbot_runner.py::run_philbot -- Line 57]
2025/05/22 13:32:59 [INFO] Running trading game number 86 [philbot_runner.py::run_philbot -- Line 39]
2025/05/22 13:33:01 [INFO] Step: 500, Balance: 0.9697294683570322, Shares: 31.735285118006257, Net Worth: 14935.594906002103 [environment.py::render -- Line 89]
2025/05/22 13:33:01 [INFO] Last reward: 0.006221663678352204. [environment.py::step -- Line 69]
2025/05/22 13:33:03 [INFO] Step: 1000, Balance: 0.9697294683570322, Shares: 31.735285118006257, Net Worth: 14861.334338825967 [environment.py::render -- Line 89]
2025/05/22 13:33:03 [INFO] Last reward: -0.013856407615648594. [environment.py::step -- Line 69]
2025/05/22 13:33:03 [INFO] episode 86 score 0.15633675618902415,
average score 0.16636488166935093,
epsilon 0.12628000000190176,
net worth: 15128.862792370759 [philbot_runner.py::run_philbot -- Line 57]
2025/05/22 13:33:03 [INFO] Running trading game number 87 [philbot_runner.py::run_philbot -- Line 39]
2025/05/22 13:33:05 [INFO] Step: 500, Balance: 0.9826826569837227, Shares: 31.56302710898085, Net Worth: 14854.543240143374 [environment.py::render -- Line 89]
2025/05/22 13:33:05 [INFO] Last reward: 0.006221656000953834. [environment.py::step -- Line 69]
2025/05/22 13:33:08 [INFO] Step: 1000, Balance: 0.9826826569837227, Shares: 31.56302710898085, Net Worth: 14780.685756708357 [environment.py::render -- Line 89]
2025/05/22 13:33:08 [INFO] Last reward: -0.013856390774588808. [environment.py::step -- Line 69]
2025/05/22 13:33:08 [INFO] episode 87 score 0.15884379638062568,
average score 0.16627941479106995,
epsilon 0.11623000000190388,
net worth: 15046.762075237066 [philbot_runner.py::run_philbot -- Line 57]
2025/05/22 13:33:08 [INFO] Running trading game number 88 [philbot_runner.py::run_philbot -- Line 39]
2025/05/22 13:33:10 [INFO] Step: 500, Balance: 0.9847270723975623, Shares: 31.61174766300395, Net Worth: 14877.473177282056 [environment.py::render -- Line 89]
2025/05/22 13:33:10 [INFO] Last reward: 0.0062216557789631505. [environment.py::step -- Line 69]
2025/05/22 13:33:12 [INFO] Step: 1000, Balance: 0.9847270723975623, Shares: 31.61174766300395, Net Worth: 14803.501687750626 [environment.py::render -- Line 89]
2025/05/22 13:33:12 [INFO] Last reward: -0.013856390287632537. [environment.py::step -- Line 69]
2025/05/22 13:33:12 [INFO] episode 88 score 0.16369763305487914,
average score 0.16625040600751723,
epsilon 0.10618000000190778,
net worth: 15069.988720549749 [philbot_runner.py::run_philbot -- Line 57]
2025/05/22 13:33:12 [INFO] Running trading game number 89 [philbot_runner.py::run_philbot -- Line 39]
2025/05/22 13:33:14 [INFO] Step: 500, Balance: 0.9886205517819464, Shares: 32.17651289341297, Net Worth: 15143.255588191925 [environment.py::render -- Line 89]
2025/05/22 13:33:14 [INFO] Last reward: 0.006221661442397657. [environment.py::step -- Line 69]
2025/05/22 13:33:16 [INFO] Step: 1000, Balance: 0.9886205517819464, Shares: 32.17651289341297, Net Worth: 15067.962548021338 [environment.py::render -- Line 89]
2025/05/22 13:33:16 [INFO] Last reward: -0.01385640271088245. [environment.py::step -- Line 69]
2025/05/22 13:33:16 [INFO] episode 89 score 0.17606155215521632,
average score 0.16635941874249166,
epsilon 0.09613000000191167,
net worth: 15339.21055171281 [philbot_runner.py::run_philbot -- Line 57]
2025/05/22 13:33:16 [INFO] Running trading game number 90 [philbot_runner.py::run_philbot -- Line 39]
2025/05/22 13:33:18 [INFO] Step: 500, Balance: 0.9447983165480808, Shares: 31.769754287531942, Net Worth: 14951.791166029081 [environment.py::render -- Line 89]
2025/05/22 13:33:18 [INFO] Last reward: 0.0062216745581294055. [environment.py::step -- Line 69]
2025/05/22 13:33:20 [INFO] Step: 1000, Balance: 0.9447983165480808, Shares: 31.769754287531942, Net Worth: 14877.449940996255 [environment.py::render -- Line 89]
2025/05/22 13:33:20 [INFO] Last reward: -0.013856431481411887. [environment.py::step -- Line 69]
2025/05/22 13:33:20 [INFO] episode 90 score 0.15230111808308344,
average score 0.16620493192205862,
epsilon 0.08608000000191557,
net worth: 15145.26896964015 [philbot_runner.py::run_philbot -- Line 57]
2025/05/22 13:33:20 [INFO] Running trading game number 91 [philbot_runner.py::run_philbot -- Line 39]
2025/05/22 13:33:23 [INFO] Step: 500, Balance: 0.9712102598976908, Shares: 31.7467522519306, Net Worth: 14940.992820018439 [environment.py::render -- Line 89]
2025/05/22 13:33:23 [INFO] Last reward: 0.006221663204710393. [environment.py::step -- Line 69]
2025/05/22 13:33:25 [INFO] Step: 1000, Balance: 0.9712102598976908, Shares: 31.7467522519306, Net Worth: 14866.70541974892 [environment.py::render -- Line 89]
2025/05/22 13:33:25 [INFO] Last reward: -0.013856406576673199. [environment.py::step -- Line 69]
2025/05/22 13:33:25 [INFO] episode 91 score 0.16254072229781447,
average score 0.1661651035565777,
epsilon 0.07603000000191946,
net worth: 15134.330541232695 [philbot_runner.py::run_philbot -- Line 57]
2025/05/22 13:33:25 [INFO] Running trading game number 92 [philbot_runner.py::run_philbot -- Line 39]
2025/05/22 13:33:27 [INFO] Step: 500, Balance: 0.9574184866138239, Shares: 32.43336720161096, Net Worth: 15264.100023564733 [environment.py::render -- Line 89]
2025/05/22 13:33:27 [INFO] Last reward: 0.006221677476244918. [environment.py::step -- Line 69]
2025/05/22 13:33:29 [INFO] Step: 1000, Balance: 0.9574184866138239, Shares: 32.43336720161096, Net Worth: 15188.205944312964 [environment.py::render -- Line 89]
2025/05/22 13:33:29 [INFO] Last reward: -0.013856437882558631. [environment.py::step -- Line 69]
2025/05/22 13:33:29 [INFO] episode 92 score 0.18016727060694607,
average score 0.16631566449260315,
epsilon 0.06598000000192336,
net worth: 15461.619229822543 [philbot_runner.py::run_philbot -- Line 57]
2025/05/22 13:33:29 [INFO] Running trading game number 93 [philbot_runner.py::run_philbot -- Line 39]
2025/05/22 13:33:31 [INFO] Step: 500, Balance: 0.989305666509447, Shares: 31.976643261391892, Net Worth: 15049.197624477534 [environment.py::render -- Line 89]
2025/05/22 13:33:31 [INFO] Last reward: 0.006221658602786866. [environment.py::step -- Line 69]
2025/05/22 13:33:33 [INFO] Step: 1000, Balance: 0.989305666509447, Shares: 31.976643261391892, Net Worth: 14974.372279245878 [environment.py::render -- Line 89]
2025/05/22 13:33:33 [INFO] Last reward: -0.013856396481942356. [environment.py::step -- Line 69]
2025/05/22 13:33:33 [INFO] episode 93 score 0.15254184042534666,
average score 0.16616913444933448,
epsilon 0.0559300000019227,
net worth: 15243.935381939411 [philbot_runner.py::run_philbot -- Line 57]
2025/05/22 13:33:33 [INFO] Running trading game number 94 [philbot_runner.py::run_philbot -- Line 39]
2025/05/22 13:33:35 [INFO] Step: 500, Balance: 0.953547527078991, Shares: 31.52071737212164, Net Worth: 14834.603142847523 [environment.py::render -- Line 89]
2025/05/22 13:33:35 [INFO] Last reward: 0.0062216677403952245. [environment.py::step -- Line 69]
2025/05/22 13:33:37 [INFO] Step: 1000, Balance: 0.953547527078991, Shares: 31.52071737212164, Net Worth: 14760.844664196758 [environment.py::render -- Line 89]
2025/05/22 13:33:37 [INFO] Last reward: -0.013856416526103126. [environment.py::step -- Line 69]
2025/05/22 13:33:37 [INFO] episode 94 score 0.15256732437823897,
average score 0.16602595750121768,
epsilon 0.04588000000191962,
net worth: 15026.564311643744 [philbot_runner.py::run_philbot -- Line 57]
2025/05/22 13:33:37 [INFO] Running trading game number 95 [philbot_runner.py::run_philbot -- Line 39]
2025/05/22 13:33:40 [INFO] Step: 500, Balance: 0.9510089491254545, Shares: 31.943409787859906, Net Worth: 15033.519655115997 [environment.py::render -- Line 89]
2025/05/22 13:33:40 [INFO] Last reward: 0.006221674122418412. [environment.py::step -- Line 69]
2025/05/22 13:33:42 [INFO] Step: 1000, Balance: 0.9510089491254545, Shares: 31.943409787859906, Net Worth: 14958.772076212404 [environment.py::render -- Line 89]
2025/05/22 13:33:42 [INFO] Last reward: -0.013856430525641004. [environment.py::step -- Line 69]
2025/05/22 13:33:42 [INFO] episode 95 score 0.17325159513428345,
average score 0.16610122455989546,
epsilon 0.035830000001916544,
net worth: 15228.055020724063 [philbot_runner.py::run_philbot -- Line 57]
2025/05/22 13:33:42 [INFO] Running trading game number 96 [philbot_runner.py::run_philbot -- Line 39]
2025/05/22 13:33:44 [INFO] Step: 500, Balance: 0.954869603214302, Shares: 32.037790800516305, Net Worth: 15077.939220326189 [environment.py::render -- Line 89]
2025/05/22 13:33:44 [INFO] Last reward: 0.006221673686136053. [environment.py::step -- Line 69]
2025/05/22 13:33:46 [INFO] Step: 1000, Balance: 0.954869603214302, Shares: 32.037790800516305, Net Worth: 15002.97078985298 [environment.py::render -- Line 89]
2025/05/22 13:33:46 [INFO] Last reward: -0.013856429568616354. [environment.py::step -- Line 69]
2025/05/22 13:33:46 [INFO] episode 96 score 0.16577359910892905,
average score 0.16609784697792673,
epsilon 0.025780000001915365,
net worth: 15273.049366301331 [philbot_runner.py::run_philbot -- Line 57]
2025/05/22 13:33:46 [INFO] Running trading game number 97 [philbot_runner.py::run_philbot -- Line 39]
2025/05/22 13:33:48 [INFO] Step: 500, Balance: 0.96912590642189, Shares: 32.23559684009792, Net Worth: 15171.040998856504 [environment.py::render -- Line 89]
2025/05/22 13:33:48 [INFO] Last reward: 0.0062216702360237955. [environment.py::step -- Line 69]
2025/05/22 13:33:50 [INFO] Step: 1000, Balance: 0.96912590642189, Shares: 32.23559684009792, Net Worth: 15095.609702250673 [environment.py::render -- Line 89]
2025/05/22 13:33:50 [INFO] Last reward: -0.013856422000487124. [environment.py::step -- Line 69]
2025/05/22 13:33:51 [INFO] episode 97 score 0.16831800301749747,
average score 0.16612050163139172,
epsilon 0.015730000001915774,
net worth: 15367.355783612698 [philbot_runner.py::run_philbot -- Line 57]
2025/05/22 13:33:51 [INFO] Running trading game number 98 [philbot_runner.py::run_philbot -- Line 39]
2025/05/22 13:33:53 [INFO] Step: 500, Balance: 0.943622593094999, Shares: 31.929060621793674, Net Worth: 15026.7595512092 [environment.py::render -- Line 89]
2025/05/22 13:33:53 [INFO] Last reward: 0.006221677021712418. [environment.py::step -- Line 69]
2025/05/22 13:33:55 [INFO] Step: 1000, Balance: 0.943622593094999, Shares: 31.929060621793674, Net Worth: 14952.045549354201 [environment.py::render -- Line 89]
2025/05/22 13:33:55 [INFO] Last reward: -0.013856436885500877. [environment.py::step -- Line 69]
2025/05/22 13:33:55 [INFO] episode 98 score 0.15552520933856104,
average score 0.1660134784769187,
epsilon 0.01,
net worth: 15221.207530395921 [philbot_runner.py::run_philbot -- Line 57]
2025/05/22 13:33:55 [INFO] Running trading game number 99 [philbot_runner.py::run_philbot -- Line 39]
2025/05/22 13:33:57 [INFO] Step: 500, Balance: 0.9575192571292447, Shares: 31.51374989992245, Net Worth: 14831.328222160635 [environment.py::render -- Line 89]
2025/05/22 13:33:57 [INFO] Last reward: 0.006221665974938743. [environment.py::step -- Line 69]
2025/05/22 13:33:59 [INFO] Step: 1000, Balance: 0.9575192571292447, Shares: 31.51374989992245, Net Worth: 14757.586047394816 [environment.py::render -- Line 89]
2025/05/22 13:33:59 [INFO] Last reward: -0.013856412653416552. [environment.py::step -- Line 69]
2025/05/22 13:33:59 [INFO] episode 99 score 0.153305358879704,
average score 0.1658863972809465,
epsilon 0.01,
net worth: 15023.246959051163 [philbot_runner.py::run_philbot -- Line 57]
2025/05/22 13:34:00 [INFO] Log available at logs/philbot_runner/scott-atkinson_20250522_IS9e.log [log_wu.py::run_with_logging -- Line 49]
