2025/05/22 14:31:48 [INFO] Namespace: conf: {'logging_path': 'logs/philbot_runner', 'pipeline_id': None, 'trade_file': 'data/scott-atkinson_20250521_osvC/SPY_2020-01-01_2023-12-31_Day_scott-atkinson_20250521_osvC.csv', 'cash_at_risk': 0.1, 'gamma': 0.99, 'epsilon': 1.0, 'batch_size': 64, 'n_actions': 4, 'eps_min': 0.01, 'eps_dec': 5e-05, 'input_dims': [6], 'lr': 0.003, 'n_games': 5}, logging_path: logs/philbot_runner, pipeline_id: scott-atkinson_20250522_iPT2, trade_file: data/scott-atkinson_20250521_osvC/SPY_2020-01-01_2023-12-31_Day_scott-atkinson_20250521_osvC.csv, cash_at_risk: 0.1, gamma: 0.99, epsilon: 1.0, batch_size: 64, n_actions: 4, eps_min: 0.01, eps_dec: 5e-05, input_dims: [6], lr: 0.003, n_games: 5, logfile: logs/philbot_runner/scott-atkinson_20250522_iPT2.log, save_directory: images/philbot/scott-atkinson_20250522_iPT2, scores_plot_filename: scores_plot_scott-atkinson_20250522_iPT2.png, scores_plot_path: images/philbot/scott-atkinson_20250522_iPT2/scores_plot_scott-atkinson_20250522_iPT2.png, net_worths_plot_filename: net_worths_plot_scott-atkinson_20250522_iPT2.png, net_worths_plot_path: images/philbot/scott-atkinson_20250522_iPT2/net_worths_plot_scott-atkinson_20250522_iPT2.png, actions_plot_filename: actions_plot_scott-atkinson_20250522_iPT2.png, actions_plot_path: images/philbot/scott-atkinson_20250522_iPT2/actions_plot_scott-atkinson_20250522_iPT2.png [philbot_runner.py::<module> -- Line 37]
2025/05/22 14:31:48 [INFO] Running main() of /Users/scott.atkinson/src/reinfin/bin/agents/philbot_runner.py [philbot_runner.py::<module> -- Line 39]
2025/05/22 14:31:48 [INFO] Log will appear at logs/philbot_runner/scott-atkinson_20250522_iPT2.log [philbot_runner.py::<module> -- Line 40]
2025/05/22 14:31:48 [INFO] Loading trade_file from data/scott-atkinson_20250521_osvC/SPY_2020-01-01_2023-12-31_Day_scott-atkinson_20250521_osvC.csv. [philbot_runner.py::run_philbot -- Line 17]
2025/05/22 14:31:48 [INFO] Instantiating Environment for trade_file with cash at risk: 0.1. [philbot_runner.py::run_philbot -- Line 20]
2025/05/22 14:31:48 [INFO] Instantiating Agent according to config. [philbot_runner.py::run_philbot -- Line 24]
2025/05/22 14:31:50 [INFO] Running trading game number 0 [philbot_runner.py::run_philbot -- Line 39]
2025/05/22 14:31:50 [INFO] Step: 0, Balance: 10000, Shares: 0, Net Worth: 10000 [environment.py::render -- Line 104]
2025/05/22 14:31:50 [INFO] Purchasing 2.3086157539939056 shares at current price 324.87 for 750.0000000000001 dollars. [environment.py::resolve_action_tuple -- Line 86]
2025/05/22 14:31:50 [INFO] Step: 3, Balance: 8787.5, Shares: 3.7430356280751016, Net Worth: 9999.232923876752 [environment.py::render -- Line 104]
2025/05/22 14:31:50 [INFO] Purchasing 2.0420849600297455 shares at current price 322.74 for 659.0625000000001 dollars. [environment.py::resolve_action_tuple -- Line 86]
2025/05/22 14:31:50 [INFO] Step: 11, Balance: 6799.361447131347, Shares: 9.84357272360677, Net Worth: 10056.205918463882 [environment.py::render -- Line 104]
2025/05/22 14:31:50 [INFO] Purchasing 1.5359540632355988 shares at current price 332.01 for 509.95210853485116 dollars. [environment.py::resolve_action_tuple -- Line 86]
2025/05/22 14:31:51 [INFO] Step: 500, Balance: 0.9322886745742994, Shares: 31.69460786669835, Net Worth: 14916.414750742819 [environment.py::render -- Line 104]
2025/05/22 14:31:51 [INFO] Last reward: 0.0062216788704672265. [environment.py::step -- Line 70]
2025/05/22 14:31:51 [INFO] Last net worth: 14824.183441850726. [environment.py::step -- Line 71]
2025/05/22 14:31:52 [INFO] Step: 1000, Balance: 0.9322886745742994, Shares: 31.69460786669835, Net Worth: 14842.249368334744 [environment.py::render -- Line 104]
2025/05/22 14:31:52 [INFO] Last reward: -0.013856440940909728. [environment.py::step -- Line 70]
2025/05/22 14:31:52 [INFO] Last net worth: 15050.79988809762. [environment.py::step -- Line 71]
2025/05/22 14:31:52 [INFO] episode 0 score 0.500803588083424,
average score 0.500803588083424,
epsilon 0.9529000000000052,
net worth: 15109.434912651011 [philbot_runner.py::run_philbot -- Line 58]
2025/05/22 14:31:52 [INFO] Running trading game number 1 [philbot_runner.py::run_philbot -- Line 39]
2025/05/22 14:31:52 [INFO] Step: 0, Balance: 10000, Shares: 0, Net Worth: 10000 [environment.py::render -- Line 104]
2025/05/22 14:31:52 [INFO] Purchasing 1.5390771693292702 shares at current price 324.87 for 500.0 dollars. [environment.py::resolve_action_tuple -- Line 86]
2025/05/22 14:31:52 [INFO] Step: 2, Balance: 9500.0, Shares: 1.5390771693292702, Net Worth: 9996.244651706837 [environment.py::render -- Line 104]
2025/05/22 14:31:52 [INFO] Purchasing 2.200908164210917 shares at current price 323.73 for 712.5000000000002 dollars. [environment.py::resolve_action_tuple -- Line 86]
2025/05/22 14:31:52 [INFO] Step: 3, Balance: 8787.5, Shares: 3.7399853335401874, Net Worth: 9998.245452026964 [environment.py::render -- Line 104]
2025/05/22 14:31:52 [INFO] Purchasing 2.0420849600297455 shares at current price 322.74 for 659.0625000000001 dollars. [environment.py::resolve_action_tuple -- Line 86]
2025/05/22 14:31:52 [INFO] Step: 6, Balance: 7335.91484375, Shares: 8.217053469176717, Net Worth: 10019.522336248423 [environment.py::render -- Line 104]
2025/05/22 14:31:52 [INFO] Purchasing 1.689576259922768 shares at current price 325.64 for 550.1936132812501 dollars. [environment.py::resolve_action_tuple -- Line 86]
2025/05/22 14:31:53 [INFO] Step: 500, Balance: 0.9517681642495139, Shares: 31.42262747516188, Net Worth: 14788.440257975431 [environment.py::render -- Line 104]
2025/05/22 14:31:53 [INFO] Last reward: 0.006221667237480569. [environment.py::step -- Line 70]
2025/05/22 14:31:53 [INFO] Last net worth: 14697.000412022711. [environment.py::step -- Line 71]
2025/05/22 14:31:55 [INFO] Step: 1000, Balance: 0.9517681642495139, Shares: 31.42262747516188, Net Worth: 14714.911309683552 [environment.py::render -- Line 104]
2025/05/22 14:31:55 [INFO] Last reward: -0.013856415422915198. [environment.py::step -- Line 70]
2025/05/22 14:31:55 [INFO] Last net worth: 14921.672198470118. [environment.py::step -- Line 71]
2025/05/22 14:31:55 [INFO] episode 1 score 0.15627304688870183,
average score 0.3285383174860629,
epsilon 0.9026500000000107,
net worth: 14979.804059299167 [philbot_runner.py::run_philbot -- Line 58]
2025/05/22 14:31:55 [INFO] Running trading game number 2 [philbot_runner.py::run_philbot -- Line 39]
2025/05/22 14:31:55 [INFO] Step: 0, Balance: 10000, Shares: 0, Net Worth: 10000 [environment.py::render -- Line 104]
2025/05/22 14:31:55 [INFO] Purchasing 1.5390771693292702 shares at current price 324.87 for 500.0 dollars. [environment.py::resolve_action_tuple -- Line 86]
2025/05/22 14:31:55 [INFO] Step: 5, Balance: 9030.9375, Shares: 2.993160469003038, Net Worth: 10001.978619353966 [environment.py::render -- Line 104]
2025/05/22 14:31:55 [INFO] Purchasing 2.0739162635108244 shares at current price 326.59 for 677.3203125000001 dollars. [environment.py::resolve_action_tuple -- Line 86]
2025/05/22 14:31:55 [INFO] Step: 8, Balance: 8353.6171875, Shares: 5.067076732513862, Net Worth: 10015.212989625947 [environment.py::render -- Line 104]
2025/05/22 14:31:55 [INFO] Purchasing 1.9135095261819681 shares at current price 327.42 for 626.5212890625 dollars. [environment.py::resolve_action_tuple -- Line 86]
2025/05/22 14:31:55 [INFO] Step: 13, Balance: 7340.741103515626, Shares: 8.157922908262734, Net Worth: 10043.379383793987 [environment.py::render -- Line 104]
2025/05/22 14:31:55 [INFO] Purchasing 1.6615529885730254 shares at current price 331.35 for 550.555582763672 dollars. [environment.py::resolve_action_tuple -- Line 86]
2025/05/22 14:31:56 [INFO] Step: 500, Balance: 0.9808145168901956, Shares: 31.768706789726416, Net Worth: 14951.334229762142 [environment.py::render -- Line 104]
2025/05/22 14:31:56 [INFO] Last reward: 0.0062216594644762275. [environment.py::step -- Line 70]
2025/05/22 14:31:56 [INFO] Last net worth: 14858.887293004038. [environment.py::step -- Line 71]
2025/05/22 14:31:57 [INFO] Step: 1000, Balance: 0.9808145168901956, Shares: 31.768706789726416, Net Worth: 14876.995455874181 [environment.py::render -- Line 104]
2025/05/22 14:31:57 [INFO] Last reward: -0.01385639837213507. [environment.py::step -- Line 70]
2025/05/22 14:31:57 [INFO] Last net worth: 15086.03354655058. [environment.py::step -- Line 71]
2025/05/22 14:31:57 [INFO] episode 2 score 0.1707516772389268,
average score 0.2759427707370175,
epsilon 0.8524000000000163,
net worth: 15144.805654111575 [philbot_runner.py::run_philbot -- Line 58]
2025/05/22 14:31:57 [INFO] Running trading game number 3 [philbot_runner.py::run_philbot -- Line 39]
2025/05/22 14:31:57 [INFO] Step: 0, Balance: 10000, Shares: 0, Net Worth: 10000 [environment.py::render -- Line 104]
2025/05/22 14:31:57 [INFO] Purchasing 2.3086157539939056 shares at current price 324.87 for 750.0000000000001 dollars. [environment.py::resolve_action_tuple -- Line 86]
2025/05/22 14:31:57 [INFO] Step: 3, Balance: 8793.28125, Shares: 3.722297287735458, Net Worth: 9998.3005509586 [environment.py::render -- Line 104]
2025/05/22 14:31:57 [INFO] Purchasing 2.0434284369771336 shares at current price 322.74 for 659.4960937500001 dollars. [environment.py::resolve_action_tuple -- Line 86]
2025/05/22 14:31:57 [INFO] Step: 5, Balance: 7727.0958984375, Shares: 7.019314460957275, Net Worth: 10004.30189586126 [environment.py::render -- Line 104]
2025/05/22 14:31:57 [INFO] Purchasing 1.7744946029664492 shares at current price 326.59 for 579.5321923828126 dollars. [environment.py::resolve_action_tuple -- Line 86]
2025/05/22 14:31:59 [INFO] Step: 500, Balance: 0.9873556559019943, Shares: 31.64147701887461, Net Worth: 14891.466440738293 [environment.py::render -- Line 104]
2025/05/22 14:31:59 [INFO] Last reward: 0.006221655063235455. [environment.py::step -- Line 70]
2025/05/22 14:31:59 [INFO] Last net worth: 14799.389742613368. [environment.py::step -- Line 71]
2025/05/22 14:32:00 [INFO] Step: 1000, Balance: 0.9873556559019943, Shares: 31.64147701887461, Net Worth: 14817.425384514127 [environment.py::render -- Line 104]
2025/05/22 14:32:00 [INFO] Last reward: -0.013856388717619794. [environment.py::step -- Line 70]
2025/05/22 14:32:00 [INFO] Last net worth: 15025.62630329832. [environment.py::step -- Line 71]
2025/05/22 14:32:00 [INFO] episode 3 score 0.1586732761986433,
average score 0.24662539710242398,
epsilon 0.8021500000000218,
net worth: 15084.16303578324 [philbot_runner.py::run_philbot -- Line 58]
2025/05/22 14:32:00 [INFO] Running trading game number 4 [philbot_runner.py::run_philbot -- Line 39]
2025/05/22 14:32:00 [INFO] Step: 0, Balance: 10000, Shares: 0, Net Worth: 10000 [environment.py::render -- Line 104]
2025/05/22 14:32:00 [INFO] Purchasing 2.3086157539939056 shares at current price 324.87 for 750.0000000000001 dollars. [environment.py::resolve_action_tuple -- Line 86]
2025/05/22 14:32:00 [INFO] Step: 2, Balance: 9018.75, Shares: 3.0258256910345036, Net Worth: 9994.366977560256 [environment.py::render -- Line 104]
2025/05/22 14:32:00 [INFO] Purchasing 2.0894147901028637 shares at current price 323.73 for 676.4062500000001 dollars. [environment.py::resolve_action_tuple -- Line 86]
2025/05/22 14:32:00 [INFO] Step: 3, Balance: 8342.34375, Shares: 5.115240481137367, Net Worth: 9998.3005509586 [environment.py::render -- Line 104]
2025/05/22 14:32:00 [INFO] Purchasing 1.9386372350808703 shares at current price 322.74 for 625.6757812500001 dollars. [environment.py::resolve_action_tuple -- Line 86]
2025/05/22 14:32:01 [INFO] Step: 500, Balance: 0.9704695816940796, Shares: 32.04178670888743, Net Worth: 15079.83529478412 [environment.py::render -- Line 104]
2025/05/22 14:32:01 [INFO] Last reward: 0.006221667259258704. [environment.py::step -- Line 70]
2025/05/22 14:32:01 [INFO] Last net worth: 14986.593695461255. [environment.py::step -- Line 71]
2025/05/22 14:32:02 [INFO] Step: 1000, Balance: 0.9704695816940796, Shares: 32.04178670888743, Net Worth: 15004.857513885321 [environment.py::render -- Line 104]
2025/05/22 14:32:02 [INFO] Last reward: -0.013856415470686969. [environment.py::step -- Line 70]
2025/05/22 14:32:02 [INFO] Last net worth: 15215.6924704298. [environment.py::step -- Line 71]
2025/05/22 14:32:02 [INFO] episode 4 score 0.1731304511011877,
average score 0.23192640790217672,
epsilon 0.7519000000000273,
net worth: 15274.969775841242 [philbot_runner.py::run_philbot -- Line 58]
2025/05/22 14:32:03 [INFO] Log available at logs/philbot_runner/scott-atkinson_20250522_iPT2.log [log_wu.py::run_with_logging -- Line 49]
