2025/05/22 14:25:02 [INFO] Namespace: conf: {'logging_path': 'logs/philbot_runner', 'pipeline_id': None, 'trade_file': 'data/scott-atkinson_20250521_osvC/SPY_2020-01-01_2023-12-31_Day_scott-atkinson_20250521_osvC.csv', 'cash_at_risk': 0.1, 'gamma': 0.99, 'epsilon': 1.0, 'batch_size': 64, 'n_actions': 4, 'eps_min': 0.01, 'eps_dec': 5e-05, 'input_dims': [6], 'lr': 0.003, 'n_games': 5}, logging_path: logs/philbot_runner, pipeline_id: scott-atkinson_20250522_UI07, trade_file: data/scott-atkinson_20250521_osvC/SPY_2020-01-01_2023-12-31_Day_scott-atkinson_20250521_osvC.csv, cash_at_risk: 0.1, gamma: 0.99, epsilon: 1.0, batch_size: 64, n_actions: 4, eps_min: 0.01, eps_dec: 5e-05, input_dims: [6], lr: 0.003, n_games: 5, logfile: logs/philbot_runner/scott-atkinson_20250522_UI07.log, save_directory: images/philbot/scott-atkinson_20250522_UI07, scores_plot_filename: scores_plot_scott-atkinson_20250522_UI07.png, scores_plot_path: images/philbot/scott-atkinson_20250522_UI07/scores_plot_scott-atkinson_20250522_UI07.png, net_worths_plot_filename: net_worths_plot_scott-atkinson_20250522_UI07.png, net_worths_plot_path: images/philbot/scott-atkinson_20250522_UI07/net_worths_plot_scott-atkinson_20250522_UI07.png, actions_plot_filename: actions_plot_scott-atkinson_20250522_UI07.png, actions_plot_path: images/philbot/scott-atkinson_20250522_UI07/actions_plot_scott-atkinson_20250522_UI07.png [philbot_runner.py::<module> -- Line 37]
2025/05/22 14:25:02 [INFO] Running main() of /Users/scott.atkinson/src/reinfin/bin/agents/philbot_runner.py [philbot_runner.py::<module> -- Line 39]
2025/05/22 14:25:02 [INFO] Log will appear at logs/philbot_runner/scott-atkinson_20250522_UI07.log [philbot_runner.py::<module> -- Line 40]
2025/05/22 14:25:02 [INFO] Loading trade_file from data/scott-atkinson_20250521_osvC/SPY_2020-01-01_2023-12-31_Day_scott-atkinson_20250521_osvC.csv. [philbot_runner.py::run_philbot -- Line 17]
2025/05/22 14:25:02 [INFO] Instantiating Environment for trade_file with cash at risk: 0.1. [philbot_runner.py::run_philbot -- Line 20]
2025/05/22 14:25:02 [INFO] Instantiating Agent according to config. [philbot_runner.py::run_philbot -- Line 24]
2025/05/22 14:25:04 [INFO] Running trading game number 0 [philbot_runner.py::run_philbot -- Line 39]
2025/05/22 14:25:04 [INFO] Step: 1, Balance: 9750.0, Shares: 0.7695385846646351, Net Worth: 10000.0 [environment.py::render -- Line 104]
2025/05/22 14:25:04 [INFO] Purchasing 2.267934125236486 shares at current price 322.43 for 731.2500000000002 dollars. [environment.py::resolve_action_tuple -- Line 86]
2025/05/22 14:25:04 [INFO] Step: 3, Balance: 8793.28125, Shares: 3.7339443066020754, Net Worth: 10002.07104037629 [environment.py::render -- Line 104]
2025/05/22 14:25:04 [INFO] Purchasing 2.0434284369771336 shares at current price 322.74 for 659.4960937500001 dollars. [environment.py::resolve_action_tuple -- Line 86]
2025/05/22 14:25:04 [INFO] Step: 8, Balance: 7727.0958984375, Shares: 7.026264949120604, Net Worth: 10031.148700553129 [environment.py::render -- Line 104]
2025/05/22 14:25:04 [INFO] Purchasing 1.7699963117183206 shares at current price 327.42 for 579.5321923828126 dollars. [environment.py::resolve_action_tuple -- Line 86]
2025/05/22 14:25:04 [INFO] Step: 10, Balance: 6790.185520751953, Shares: 9.88529766168831, Net Worth: 10034.144801411589 [environment.py::render -- Line 104]
2025/05/22 14:25:04 [INFO] Purchasing 1.5392127004062037 shares at current price 330.86 for 509.2639140563966 dollars. [environment.py::resolve_action_tuple -- Line 86]
2025/05/22 14:25:05 [INFO] Step: 500, Balance: 0.9329347512718554, Shares: 31.563395607762917, Net Worth: 14854.666907764502 [environment.py::render -- Line 104]
2025/05/22 14:25:05 [INFO] Last reward: 0.006221676971594243. [environment.py::step -- Line 70]
2025/05/22 14:25:05 [INFO] Last net worth: 14762.817426545911. [environment.py::step -- Line 71]
2025/05/22 14:25:06 [INFO] Step: 1000, Balance: 0.9329347512718554, Shares: 31.563395607762917, Net Worth: 14780.808562042335 [environment.py::render -- Line 104]
2025/05/22 14:25:06 [INFO] Last reward: -0.013856436775562331. [environment.py::step -- Line 70]
2025/05/22 14:25:06 [INFO] Last net worth: 14988.495705141415. [environment.py::step -- Line 71]
2025/05/22 14:25:06 [INFO] episode 0 score 0.4966951170317128,
average score 0.4966951170317128,
epsilon 0.9529000000000052,
net worth: 15046.887987015776 [philbot_runner.py::run_philbot -- Line 58]
2025/05/22 14:25:06 [INFO] Running trading game number 1 [philbot_runner.py::run_philbot -- Line 39]
2025/05/22 14:25:06 [INFO] Step: 1, Balance: 9750.0, Shares: 0.7695385846646351, Net Worth: 10000.0 [environment.py::render -- Line 104]
2025/05/22 14:25:06 [INFO] Purchasing 2.267934125236486 shares at current price 322.43 for 731.2500000000002 dollars. [environment.py::resolve_action_tuple -- Line 86]
2025/05/22 14:25:06 [INFO] Step: 13, Balance: 6987.722135869445, Shares: 9.245442106176112, Net Worth: 10050.64465122453 [environment.py::render -- Line 104]
2025/05/22 14:25:06 [INFO] Purchasing 1.5816482878835323 shares at current price 331.35 for 524.0791601902084 dollars. [environment.py::resolve_action_tuple -- Line 86]
2025/05/22 14:25:07 [INFO] Step: 500, Balance: 0.9880745573361864, Shares: 31.66430295773962, Net Worth: 14902.209046469601 [environment.py::render -- Line 104]
2025/05/22 14:25:07 [INFO] Last reward: 0.006221655060450259. [environment.py::step -- Line 70]
2025/05/22 14:25:07 [INFO] Last net worth: 14810.065924862578. [environment.py::step -- Line 71]
2025/05/22 14:25:09 [INFO] Step: 1000, Balance: 0.9880745573361864, Shares: 31.66430295773962, Net Worth: 14828.11457754849 [environment.py::render -- Line 104]
2025/05/22 14:25:09 [INFO] Last reward: -0.013856388711510105. [environment.py::step -- Line 70]
2025/05/22 14:25:09 [INFO] Last net worth: 15036.465691010415. [environment.py::step -- Line 71]
2025/05/22 14:25:09 [INFO] episode 1 score 0.16241800266098325,
average score 0.329556559846348,
epsilon 0.9026500000000107,
net worth: 15095.044651482234 [philbot_runner.py::run_philbot -- Line 58]
2025/05/22 14:25:09 [INFO] Running trading game number 2 [philbot_runner.py::run_philbot -- Line 39]
2025/05/22 14:25:09 [INFO] Step: 1, Balance: 10000, Shares: 0, Net Worth: 10000.0 [environment.py::render -- Line 104]
2025/05/22 14:25:09 [INFO] Purchasing 1.5507241881958875 shares at current price 322.43 for 500.0 dollars. [environment.py::resolve_action_tuple -- Line 86]
2025/05/22 14:25:09 [INFO] Step: 3, Balance: 9262.5, Shares: 2.2843602429328596, Net Worth: 10002.015941444655 [environment.py::render -- Line 104]
2025/05/22 14:25:09 [INFO] Purchasing 2.1524679308421644 shares at current price 322.74 for 694.6875000000001 dollars. [environment.py::resolve_action_tuple -- Line 86]
2025/05/22 14:25:09 [INFO] Step: 5, Balance: 8139.421875, Shares: 5.757309725467275, Net Worth: 10007.208296136094 [environment.py::render -- Line 104]
2025/05/22 14:25:09 [INFO] Purchasing 1.869183504164243 shares at current price 326.59 for 610.4566406250001 dollars. [environment.py::resolve_action_tuple -- Line 86]
2025/05/22 14:25:09 [INFO] Step: 6, Balance: 7528.965234375, Shares: 7.626493229631518, Net Worth: 10019.701658240358 [environment.py::render -- Line 104]
2025/05/22 14:25:09 [INFO] Purchasing 1.7340387930786303 shares at current price 325.64 for 564.6723925781251 dollars. [environment.py::resolve_action_tuple -- Line 86]
2025/05/22 14:25:09 [INFO] Step: 7, Balance: 6964.292841796875, Shares: 9.36053202271015, Net Worth: 10012.456489672208 [environment.py::render -- Line 104]
2025/05/22 14:25:09 [INFO] Purchasing 1.592833505534172 shares at current price 327.92 for 522.3219631347657 dollars. [environment.py::resolve_action_tuple -- Line 86]
2025/05/22 14:25:10 [INFO] Step: 500, Balance: 0.9828205655733886, Shares: 31.343214805313995, Net Worth: 14751.099707946341 [environment.py::render -- Line 104]
2025/05/22 14:25:10 [INFO] Last reward: 0.006221653037988935. [environment.py::step -- Line 70]
2025/05/22 14:25:10 [INFO] Last net worth: 14659.890952862876. [environment.py::step -- Line 71]
2025/05/22 14:25:11 [INFO] Step: 1000, Balance: 0.9828205655733886, Shares: 31.343214805313995, Net Worth: 14677.756585301904 [environment.py::render -- Line 104]
2025/05/22 14:25:11 [INFO] Last reward: -0.013856384275060144. [environment.py::step -- Line 70]
2025/05/22 14:25:11 [INFO] Last net worth: 14883.99493872087. [environment.py::step -- Line 71]
2025/05/22 14:25:11 [INFO] episode 2 score 0.15445299087292577,
average score 0.2711887035218739,
epsilon 0.8524000000000163,
net worth: 14941.979886110703 [philbot_runner.py::run_philbot -- Line 58]
2025/05/22 14:25:11 [INFO] Running trading game number 3 [philbot_runner.py::run_philbot -- Line 39]
2025/05/22 14:25:11 [INFO] Step: 4, Balance: 9268.59375, Shares: 2.259635336446271, Net Worth: 9997.868458484669 [environment.py::render -- Line 104]
2025/05/22 14:25:11 [INFO] Purchasing 2.142730199278713 shares at current price 324.42 for 695.1445312500001 dollars. [environment.py::resolve_action_tuple -- Line 86]
2025/05/22 14:25:11 [INFO] Step: 6, Balance: 8144.7767578125, Shares: 5.714936223552229, Net Worth: 10011.217779062423 [environment.py::render -- Line 104]
2025/05/22 14:25:11 [INFO] Purchasing 1.8758698465665693 shares at current price 325.64 for 610.8582568359376 dollars. [environment.py::resolve_action_tuple -- Line 86]
2025/05/22 14:25:11 [INFO] Step: 13, Balance: 7345.570538452148, Shares: 8.159335040279123, Net Worth: 10048.676643946219 [environment.py::render -- Line 104]
2025/05/22 14:25:11 [INFO] Purchasing 1.6626461155391916 shares at current price 331.35 for 550.9177903839112 dollars. [environment.py::resolve_action_tuple -- Line 86]
2025/05/22 14:25:13 [INFO] Step: 500, Balance: 0.9899565255005706, Shares: 32.175751309039015, Net Worth: 15142.89852255926 [environment.py::render -- Line 104]
2025/05/22 14:25:13 [INFO] Last reward: 0.006221660880406088. [environment.py::step -- Line 70]
2025/05/22 14:25:13 [INFO] Last net worth: 15049.267086249956. [environment.py::step -- Line 71]
2025/05/22 14:25:14 [INFO] Step: 1000, Balance: 0.9899565255005706, Shares: 32.175751309039015, Net Worth: 15067.60726449611 [environment.py::render -- Line 104]
2025/05/22 14:25:14 [INFO] Last reward: -0.013856401478103752. [environment.py::step -- Line 70]
2025/05/22 14:25:14 [INFO] Last net worth: 15279.323708109585. [environment.py::step -- Line 71]
2025/05/22 14:25:14 [INFO] episode 3 score 0.1794913437734307,
average score 0.24826436358476311,
epsilon 0.8021500000000218,
net worth: 15338.848848031308 [philbot_runner.py::run_philbot -- Line 58]
2025/05/22 14:25:14 [INFO] Running trading game number 4 [philbot_runner.py::run_philbot -- Line 39]
2025/05/22 14:25:14 [INFO] Step: 1, Balance: 10000, Shares: 0, Net Worth: 10000.0 [environment.py::render -- Line 104]
2025/05/22 14:25:14 [INFO] Purchasing 1.5507241881958875 shares at current price 322.43 for 500.0 dollars. [environment.py::resolve_action_tuple -- Line 86]
2025/05/22 14:25:14 [INFO] Step: 4, Balance: 9025.0, Shares: 3.017996297669832, Net Worth: 9999.028125109962 [environment.py::render -- Line 104]
2025/05/22 14:25:14 [INFO] Purchasing 2.0864157573515816 shares at current price 324.42 for 676.8750000000001 dollars. [environment.py::resolve_action_tuple -- Line 86]
2025/05/22 14:25:14 [INFO] Step: 10, Balance: 7539.139511718749, Shares: 7.576789303268034, Net Worth: 10025.538689479188 [environment.py::render -- Line 104]
2025/05/22 14:25:14 [INFO] Purchasing 1.7089870742274869 shares at current price 330.86 for 565.4354633789063 dollars. [environment.py::resolve_action_tuple -- Line 86]
2025/05/22 14:25:15 [INFO] Step: 500, Balance: 0.9575864433651946, Shares: 32.074895360452146, Net Worth: 15095.403343072145 [environment.py::render -- Line 104]
2025/05/22 14:25:15 [INFO] Last reward: 0.006221673018037498. [environment.py::step -- Line 70]
2025/05/22 14:25:15 [INFO] Last net worth: 15002.06539757323. [environment.py::step -- Line 71]
2025/05/22 14:25:16 [INFO] Step: 1000, Balance: 0.9575864433651946, Shares: 32.074895360452146, Net Worth: 15020.348087928685 [environment.py::render -- Line 104]
2025/05/22 14:25:16 [INFO] Last reward: -0.013856428103083004. [environment.py::step -- Line 70]
2025/05/22 14:25:16 [INFO] Last net worth: 15231.400899400462. [environment.py::step -- Line 71]
2025/05/22 14:25:16 [INFO] episode 4 score 0.16188356433492232,
average score 0.23098820373479495,
epsilon 0.7519000000000273,
net worth: 15290.739455817298 [philbot_runner.py::run_philbot -- Line 58]
2025/05/22 14:25:17 [INFO] Log available at logs/philbot_runner/scott-atkinson_20250522_UI07.log [log_wu.py::run_with_logging -- Line 49]
