2025/05/22 13:26:19 [INFO] Namespace: conf: {'logging_path': 'logs/philbot_runner', 'pipeline_id': None, 'trade_file': 'data/scott-atkinson_20250521_osvC/SPY_2020-01-01_2023-12-31_Day_scott-atkinson_20250521_osvC.csv', 'cash_at_risk': 0.1, 'gamma': 0.99, 'epsilon': 1.0, 'batch_size': 64, 'n_actions': 4, 'eps_min': 0.01, 'eps_dec': '1e-5', 'input_dims': [6], 'lr': 0.003, 'n_games': 100}, logging_path: logs/philbot_runner, pipeline_id: scott-atkinson_20250522_1NzY, trade_file: data/scott-atkinson_20250521_osvC/SPY_2020-01-01_2023-12-31_Day_scott-atkinson_20250521_osvC.csv, cash_at_risk: 0.1, gamma: 0.99, epsilon: 1.0, batch_size: 64, n_actions: 4, eps_min: 0.01, eps_dec: 1e-5, input_dims: [6], lr: 0.003, n_games: 100, logfile: logs/philbot_runner/scott-atkinson_20250522_1NzY.log, save_directory: images/philbot/scott-atkinson_20250522_1NzY, scores_plot_filename: scores_plot_scott-atkinson_20250522_1NzY.png, scores_plot_path: images/philbot/scott-atkinson_20250522_1NzY/scores_plot_scott-atkinson_20250522_1NzY.png, net_worths_plot_filename: net_worths_plot_scott-atkinson_20250522_1NzY.png, net_worths_plot_path: images/philbot/scott-atkinson_20250522_1NzY/net_worths_plot_scott-atkinson_20250522_1NzY.png [philbot_runner.py::<module> -- Line 37]
2025/05/22 13:26:19 [INFO] Running main() of /Users/scott.atkinson/src/reinfin/bin/agents/philbot_runner.py [philbot_runner.py::<module> -- Line 39]
2025/05/22 13:26:19 [INFO] Log will appear at logs/philbot_runner/scott-atkinson_20250522_1NzY.log [philbot_runner.py::<module> -- Line 40]
2025/05/22 13:26:19 [INFO] Loading trade_file from data/scott-atkinson_20250521_osvC/SPY_2020-01-01_2023-12-31_Day_scott-atkinson_20250521_osvC.csv. [philbot_runner.py::run_philbot -- Line 17]
2025/05/22 13:26:19 [INFO] Instantiating Environment for trade_file with cash at risk: 0.1. [philbot_runner.py::run_philbot -- Line 20]
2025/05/22 13:26:19 [INFO] Instantiating Agent according to config. [philbot_runner.py::run_philbot -- Line 24]
2025/05/22 13:26:20 [INFO] Running trading game number 0 [philbot_runner.py::run_philbot -- Line 39]
2025/05/22 13:26:20 [ERROR] unsupported operand type(s) for -: 'float' and 'str' [log_wu.py::run_with_logging -- Line 46]
Traceback (most recent call last):
  File "/Users/scott.atkinson/src/reinfin/reinfin/log_wu.py", line 44, in run_with_logging
    fnc(*args)
  File "/Users/scott.atkinson/src/reinfin/bin/agents/philbot_runner.py", line 29, in main
    pr.run_philbot()
  File "/Users/scott.atkinson/src/reinfin/reinfin/agents/philbot_runner.py", line 48, in run_philbot
    agent.learn()
  File "/Users/scott.atkinson/src/reinfin/reinfin/agents/philbot.py", line 125, in learn
    self.epsilon - self.eps_dec if self.epsilon > self.eps_min else self.eps_min
    ~~~~~~~~~~~~~^~~~~~~~~~~~~~
TypeError: unsupported operand type(s) for -: 'float' and 'str'
2025/05/22 13:26:20 [INFO] Log available at logs/philbot_runner/scott-atkinson_20250522_1NzY.log [log_wu.py::run_with_logging -- Line 49]
