2025/05/22 13:18:25 [INFO] Namespace: conf: {'logging_path': 'logs/philbot_runner', 'pipeline_id': None, 'trade_file': 'data/scott-atkinson_20250521_osvC/SPY_2020-01-01_2023-12-31_Day_scott-atkinson_20250521_osvC.csv', 'cash_at_risk': 0.5, 'gamma': 0.99, 'epsilon': 1.0, 'batch_size': 64, 'n_actions': 4, 'eps_min': 0.01, 'input_dims': [6], 'lr': 0.003, 'n_games': 100}, logging_path: logs/philbot_runner, pipeline_id: scott-atkinson_20250522_jGl8, trade_file: data/scott-atkinson_20250521_osvC/SPY_2020-01-01_2023-12-31_Day_scott-atkinson_20250521_osvC.csv, cash_at_risk: 0.5, gamma: 0.99, epsilon: 1.0, batch_size: 64, n_actions: 4, eps_min: 0.01, input_dims: [6], lr: 0.003, n_games: 100, logfile: logs/philbot_runner/scott-atkinson_20250522_jGl8.log, save_directory: images/philbot/scott-atkinson_20250522_jGl8, scores_plot_filename: scores_plot_scott-atkinson_20250522_jGl8.png, scores_plot_path: images/philbot/scott-atkinson_20250522_jGl8/scores_plot_scott-atkinson_20250522_jGl8.png, net_worths_plot_filename: net_worths_plot_scott-atkinson_20250522_jGl8.png, net_worths_plot_path: images/philbot/scott-atkinson_20250522_jGl8/net_worths_plot_scott-atkinson_20250522_jGl8.png [philbot_runner.py::<module> -- Line 37]
2025/05/22 13:18:25 [INFO] Running main() of /Users/scott.atkinson/src/reinfin/bin/agents/philbot_runner.py [philbot_runner.py::<module> -- Line 39]
2025/05/22 13:18:25 [INFO] Log will appear at logs/philbot_runner/scott-atkinson_20250522_jGl8.log [philbot_runner.py::<module> -- Line 40]
2025/05/22 13:18:25 [INFO] Loading trade_file from data/scott-atkinson_20250521_osvC/SPY_2020-01-01_2023-12-31_Day_scott-atkinson_20250521_osvC.csv. [philbot_runner.py::run_philbot -- Line 17]
2025/05/22 13:18:25 [INFO] Instantiating Environment for trade_file with cash at risk: 0.5. [philbot_runner.py::run_philbot -- Line 20]
2025/05/22 13:18:25 [INFO] Instantiating Agent according to config. [philbot_runner.py::run_philbot -- Line 24]
2025/05/22 13:18:28 [INFO] Running trading game number 0 [philbot_runner.py::run_philbot -- Line 38]
2025/05/22 13:18:29 [INFO] Step: 500, Balance: 0.7958022513301148, Shares: 30.78712907248751, Net Worth: 14489.218743763953 [environment.py::render -- Line 89]
2025/05/22 13:18:29 [INFO] Last reward: 0.006221726309042458. [environment.py::step -- Line 69]
2025/05/22 13:18:30 [INFO] Step: 1000, Balance: 0.7958022513301148, Shares: 30.78712907248751, Net Worth: 14417.176861734331 [environment.py::render -- Line 89]
2025/05/22 13:18:30 [INFO] Last reward: -0.013856545001644635. [environment.py::step -- Line 69]
2025/05/22 13:18:30 [INFO] episode 0 score 0.4826793918810223,
average score 0.4826793918810223,
epsilon 0.5290000000000519,
net worth: 14676.712359815401 [philbot_runner.py::run_philbot -- Line 56]
2025/05/22 13:18:30 [INFO] Running trading game number 1 [philbot_runner.py::run_philbot -- Line 38]
2025/05/22 13:18:31 [INFO] Step: 500, Balance: 0.8594664314365243, Shares: 30.76453326406081, Net Worth: 14478.648820498454 [environment.py::render -- Line 89]
2025/05/22 13:18:31 [INFO] Last reward: 0.006221698528684231. [environment.py::step -- Line 69]
2025/05/22 13:18:33 [INFO] Step: 1000, Balance: 0.8594664314365243, Shares: 30.76453326406081, Net Worth: 14406.659812660551 [environment.py::render -- Line 89]
2025/05/22 13:18:33 [INFO] Last reward: -0.013856484062960358. [environment.py::step -- Line 69]
2025/05/22 13:18:33 [INFO] episode 1 score 0.16329566955673405,
average score 0.3229875307188782,
epsilon 0.026500000000054647,
net worth: 14666.004828076584 [philbot_runner.py::run_philbot -- Line 56]
2025/05/22 13:18:33 [INFO] Running trading game number 2 [philbot_runner.py::run_philbot -- Line 38]
2025/05/22 13:18:34 [INFO] Step: 500, Balance: 0.9026460721105467, Shares: 30.761988563561143, Net Worth: 14477.494464083986 [environment.py::render -- Line 89]
2025/05/22 13:18:34 [INFO] Last reward: 0.006221679826054105. [environment.py::step -- Line 69]
2025/05/22 13:18:35 [INFO] Step: 1000, Balance: 0.9026460721105467, Shares: 30.761988563561143, Net Worth: 14405.51141084525 [environment.py::render -- Line 89]
2025/05/22 13:18:35 [INFO] Last reward: -0.01385644303707457. [environment.py::step -- Line 69]
2025/05/22 13:18:35 [INFO] episode 2 score 0.16365321759109758,
average score 0.269876093009618,
epsilon 0.01,
net worth: 14664.834974436071 [philbot_runner.py::run_philbot -- Line 56]
2025/05/22 13:18:35 [INFO] Running trading game number 3 [philbot_runner.py::run_philbot -- Line 38]
2025/05/22 13:18:36 [INFO] Step: 500, Balance: 0.814408995593997, Shares: 30.78356979292566, Net Worth: 14487.56235354641 [environment.py::render -- Line 89]
2025/05/22 13:18:36 [INFO] Last reward: 0.006221718228848809. [environment.py::step -- Line 69]
2025/05/22 13:18:38 [INFO] Step: 1000, Balance: 0.814408995593997, Shares: 30.78356979292566, Net Worth: 14415.528800230963 [environment.py::render -- Line 89]
2025/05/22 13:18:38 [INFO] Last reward: -0.013856527277022919. [environment.py::step -- Line 69]
2025/05/22 13:18:38 [INFO] episode 3 score 0.16446394394978744,
average score 0.24352305574466038,
epsilon 0.01,
net worth: 14675.034293585326 [philbot_runner.py::run_philbot -- Line 56]
2025/05/22 13:18:38 [INFO] Running trading game number 4 [philbot_runner.py::run_philbot -- Line 38]
2025/05/22 13:18:39 [INFO] Step: 500, Balance: 0.9359014586404167, Shares: 30.72035385953747, Net Worth: 14457.934427756976 [environment.py::render -- Line 89]
2025/05/22 13:18:39 [INFO] Last reward: 0.006221664897236298. [environment.py::step -- Line 69]
2025/05/22 13:18:40 [INFO] Step: 1000, Balance: 0.9359014586404167, Shares: 30.72035385953747, Net Worth: 14386.048799725657 [environment.py::render -- Line 89]
2025/05/22 13:18:40 [INFO] Last reward: -0.013856410289379817. [environment.py::step -- Line 69]
2025/05/22 13:18:40 [INFO] episode 4 score 0.16192175189151986,
average score 0.22720279497403228,
epsilon 0.01,
net worth: 14645.021382761559 [philbot_runner.py::run_philbot -- Line 56]
2025/05/22 13:18:40 [INFO] Running trading game number 5 [philbot_runner.py::run_philbot -- Line 38]
2025/05/22 13:18:42 [INFO] Step: 500, Balance: 0.9976510196026467, Shares: 30.832543497199232, Net Worth: 14510.792620801561 [environment.py::render -- Line 89]
2025/05/22 13:18:42 [INFO] Last reward: 0.0062216397312684964. [environment.py::step -- Line 69]
2025/05/22 13:18:44 [INFO] Step: 1000, Balance: 0.9976510196026467, Shares: 30.832543497199232, Net Worth: 14438.644469018114 [environment.py::render -- Line 89]
2025/05/22 13:18:44 [INFO] Last reward: -0.013856355085577445. [environment.py::step -- Line 69]
2025/05/22 13:18:44 [INFO] episode 5 score 0.16697566383047543,
average score 0.21716493978343945,
epsilon 0.01,
net worth: 14698.562810699505 [philbot_runner.py::run_philbot -- Line 56]
2025/05/22 13:18:44 [INFO] Running trading game number 6 [philbot_runner.py::run_philbot -- Line 38]
2025/05/22 13:18:45 [INFO] Step: 500, Balance: 0.9165918742599317, Shares: 30.835733765209316, Net Worth: 14512.212901781764 [environment.py::render -- Line 89]
2025/05/22 13:18:45 [INFO] Last reward: 0.00622167474348651. [environment.py::step -- Line 69]
2025/05/22 13:18:46 [INFO] Step: 1000, Balance: 0.9165918742599317, Shares: 30.835733765209316, Net Worth: 14440.057284771174 [environment.py::render -- Line 89]
2025/05/22 13:18:46 [INFO] Last reward: -0.013856431888009172. [environment.py::step -- Line 69]
2025/05/22 13:18:47 [INFO] episode 6 score 0.1646259870012126,
average score 0.2096593751002642,
epsilon 0.01,
net worth: 14700.002520411888 [philbot_runner.py::run_philbot -- Line 56]
2025/05/22 13:18:47 [INFO] Running trading game number 7 [philbot_runner.py::run_philbot -- Line 38]
2025/05/22 13:18:48 [INFO] Step: 500, Balance: 0.6821162154258127, Shares: 30.83452672457216, Net Worth: 14511.410392799085 [environment.py::render -- Line 89]
2025/05/22 13:18:48 [INFO] Last reward: 0.006221775883427282. [environment.py::step -- Line 69]
2025/05/22 13:18:49 [INFO] Step: 1000, Balance: 0.6821162154258127, Shares: 30.83452672457216, Net Worth: 14439.257600263587 [environment.py::render -- Line 89]
2025/05/22 13:18:49 [INFO] Last reward: -0.013856653747442816. [environment.py::step -- Line 69]
2025/05/22 13:18:49 [INFO] episode 7 score 0.16446802321176035,
average score 0.2040104561142012,
epsilon 0.01,
net worth: 14699.19266055173 [philbot_runner.py::run_philbot -- Line 56]
2025/05/22 13:18:49 [INFO] Running trading game number 8 [philbot_runner.py::run_philbot -- Line 38]
2025/05/22 13:18:51 [INFO] Step: 500, Balance: 0.707085160143376, Shares: 30.55437892834452, Net Worth: 14379.597808839075 [environment.py::render -- Line 89]
2025/05/22 13:18:51 [INFO] Last reward: 0.006221762314455007. [environment.py::step -- Line 69]
2025/05/22 13:18:52 [INFO] Step: 1000, Balance: 0.707085160143376, Shares: 30.55437892834452, Net Worth: 14308.100562146748 [environment.py::render -- Line 89]
2025/05/22 13:18:52 [INFO] Last reward: -0.013856623982704576. [environment.py::step -- Line 69]
2025/05/22 13:18:52 [INFO] episode 8 score 0.15524881301534563,
average score 0.19859249576988391,
epsilon 0.01,
net worth: 14565.673976512693 [philbot_runner.py::run_philbot -- Line 56]
2025/05/22 13:18:52 [INFO] Running trading game number 9 [philbot_runner.py::run_philbot -- Line 38]
2025/05/22 13:18:53 [INFO] Step: 500, Balance: 0.6365221349027301, Shares: 30.839368231982153, Net Worth: 14513.643212105704 [environment.py::render -- Line 89]
2025/05/22 13:18:53 [INFO] Last reward: 0.006221795596716291. [environment.py::step -- Line 69]
2025/05/22 13:18:55 [INFO] Step: 1000, Balance: 0.6365221349027301, Shares: 30.839368231982153, Net Worth: 14441.479090442865 [environment.py::render -- Line 89]
2025/05/22 13:18:55 [INFO] Last reward: -0.013856696990278593. [environment.py::step -- Line 69]
2025/05/22 13:18:55 [INFO] episode 9 score 0.17093406974213915,
average score 0.19582665316710943,
epsilon 0.01,
net worth: 14701.454964638475 [philbot_runner.py::run_philbot -- Line 56]
2025/05/22 13:18:55 [INFO] Running trading game number 10 [philbot_runner.py::run_philbot -- Line 38]
2025/05/22 13:18:57 [INFO] Step: 500, Balance: 0.9824719152223644, Shares: 30.834957239928315, Net Worth: 14511.913349025488 [environment.py::render -- Line 89]
2025/05/22 13:18:57 [INFO] Last reward: 0.006221646313131829. [environment.py::step -- Line 69]
2025/05/22 13:18:58 [INFO] Step: 1000, Balance: 0.9824719152223644, Shares: 30.834957239928315, Net Worth: 14439.759549084054 [environment.py::render -- Line 89]
2025/05/22 13:18:58 [INFO] Last reward: -0.01385636952348399. [environment.py::step -- Line 69]
2025/05/22 13:18:58 [INFO] episode 10 score 0.16445838182822328,
average score 0.19297499213630162,
epsilon 0.01,
net worth: 14699.698238616651 [philbot_runner.py::run_philbot -- Line 56]
2025/05/22 13:18:58 [INFO] Running trading game number 11 [philbot_runner.py::run_philbot -- Line 38]
2025/05/22 13:18:59 [INFO] Step: 500, Balance: 0.7366855126598776, Shares: 30.780746415029082, Net Worth: 14486.155948425347 [environment.py::render -- Line 89]
2025/05/22 13:18:59 [INFO] Last reward: 0.006221751786037044. [environment.py::step -- Line 69]
2025/05/22 13:19:01 [INFO] Step: 1000, Balance: 0.7366855126598776, Shares: 30.780746415029082, Net Worth: 14414.129001814177 [environment.py::render -- Line 89]
2025/05/22 13:19:01 [INFO] Last reward: -0.013856600887689217. [environment.py::step -- Line 69]
2025/05/22 13:19:01 [INFO] episode 11 score 0.1627566476796697,
average score 0.19045679676491564,
epsilon 0.01,
net worth: 14673.610694092873 [philbot_runner.py::run_philbot -- Line 56]
2025/05/22 13:19:01 [INFO] Running trading game number 12 [philbot_runner.py::run_philbot -- Line 38]
2025/05/22 13:19:02 [INFO] Step: 500, Balance: 0.9748577578793906, Shares: 30.505898221371616, Net Worth: 14357.050560735363 [environment.py::render -- Line 89]
2025/05/22 13:19:02 [INFO] Last reward: 0.0062216450614960275. [environment.py::step -- Line 69]
2025/05/22 13:19:04 [INFO] Step: 1000, Balance: 0.9748577578793906, Shares: 30.505898221371616, Net Worth: 14285.666758897352 [environment.py::render -- Line 89]
2025/05/22 13:19:04 [INFO] Last reward: -0.013856366777908819. [environment.py::step -- Line 69]
2025/05/22 13:19:04 [INFO] episode 12 score 0.15491960616292744,
average score 0.18772316671860884,
epsilon 0.01,
net worth: 14542.831480903515 [philbot_runner.py::run_philbot -- Line 56]
2025/05/22 13:19:04 [INFO] Running trading game number 13 [philbot_runner.py::run_philbot -- Line 38]
2025/05/22 13:19:05 [INFO] Step: 500, Balance: 0.9427802135245007, Shares: 30.690123658162534, Net Worth: 14443.714973744814 [environment.py::render -- Line 89]
2025/05/22 13:19:05 [INFO] Last reward: 0.006221661516583234. [environment.py::step -- Line 69]
2025/05/22 13:19:07 [INFO] Step: 1000, Balance: 0.9427802135245007, Shares: 30.690123658162534, Net Worth: 14371.900084384713 [environment.py::render -- Line 89]
2025/05/22 13:19:07 [INFO] Last reward: -0.01385640287361533. [environment.py::step -- Line 69]
2025/05/22 13:19:07 [INFO] episode 13 score 0.16713535920906683,
average score 0.18625260903935587,
epsilon 0.01,
net worth: 14630.617826823023 [philbot_runner.py::run_philbot -- Line 56]
2025/05/22 13:19:07 [INFO] Running trading game number 14 [philbot_runner.py::run_philbot -- Line 38]
2025/05/22 13:19:08 [INFO] Step: 500, Balance: 0.9356875383070136, Shares: 30.784932598081248, Net Worth: 14488.324968195344 [environment.py::render -- Line 89]
2025/05/22 13:19:08 [INFO] Last reward: 0.006221665839781701. [environment.py::step -- Line 69]
2025/05/22 13:19:10 [INFO] Step: 1000, Balance: 0.9356875383070136, Shares: 30.784932598081248, Net Worth: 14416.288225915832 [environment.py::render -- Line 89]
2025/05/22 13:19:10 [INFO] Last reward: -0.013856412356937298. [environment.py::step -- Line 69]
2025/05/22 13:19:10 [INFO] episode 14 score 0.16609902134892723,
average score 0.1849090365266606,
epsilon 0.01,
net worth: 14675.805207717658 [philbot_runner.py::run_philbot -- Line 56]
2025/05/22 13:19:10 [INFO] Running trading game number 15 [philbot_runner.py::run_philbot -- Line 38]
2025/05/22 13:19:11 [INFO] Step: 500, Balance: 0.8486961798703069, Shares: 30.811461671749914, Net Worth: 14500.72255890538 [environment.py::render -- Line 89]
2025/05/22 13:19:11 [INFO] Last reward: 0.006221703744547516. [environment.py::step -- Line 69]
2025/05/22 13:19:13 [INFO] Step: 1000, Balance: 0.8486961798703069, Shares: 30.811461671749914, Net Worth: 14428.623738593484 [environment.py::render -- Line 89]
2025/05/22 13:19:13 [INFO] Last reward: -0.013856495504420668. [environment.py::step -- Line 69]
2025/05/22 13:19:13 [INFO] episode 15 score 0.16486674345863256,
average score 0.18365639320990884,
epsilon 0.01,
net worth: 14688.364360486335 [philbot_runner.py::run_philbot -- Line 56]
2025/05/22 13:19:13 [INFO] Running trading game number 16 [philbot_runner.py::run_philbot -- Line 38]
2025/05/22 13:19:14 [INFO] Step: 500, Balance: 0.7638265618832764, Shares: 30.80689004544643, Net Worth: 14498.486281948974 [environment.py::render -- Line 89]
2025/05/22 13:19:14 [INFO] Last reward: 0.006221740336682585. [environment.py::step -- Line 69]
2025/05/22 13:19:15 [INFO] Step: 1000, Balance: 0.7638265618832764, Shares: 30.80689004544643, Net Worth: 14426.398159242628 [environment.py::render -- Line 89]
2025/05/22 13:19:15 [INFO] Last reward: -0.013856575772516673. [environment.py::step -- Line 69]
2025/05/22 13:19:15 [INFO] episode 16 score 0.16411694983976366,
average score 0.18250701418813559,
epsilon 0.01,
net worth: 14686.100242325741 [philbot_runner.py::run_philbot -- Line 56]
2025/05/22 13:19:15 [INFO] Running trading game number 17 [philbot_runner.py::run_philbot -- Line 38]
2025/05/22 13:19:17 [INFO] Step: 500, Balance: 0.9549627015961379, Shares: 30.78759181698107, Net Worth: 14489.59567177289 [environment.py::render -- Line 89]
2025/05/22 13:19:17 [INFO] Last reward: 0.006221657546675682. [environment.py::step -- Line 69]
2025/05/22 13:19:18 [INFO] Step: 1000, Balance: 0.9549627015961379, Shares: 30.78759181698107, Net Worth: 14417.552706921153 [environment.py::render -- Line 89]
2025/05/22 13:19:18 [INFO] Last reward: -0.013856394165267918. [environment.py::step -- Line 69]
2025/05/22 13:19:18 [INFO] episode 17 score 0.1636169595249398,
average score 0.18145756670684693,
epsilon 0.01,
net worth: 14677.092105938304 [philbot_runner.py::run_philbot -- Line 56]
2025/05/22 13:19:18 [INFO] Running trading game number 18 [philbot_runner.py::run_philbot -- Line 38]
2025/05/22 13:19:20 [INFO] Step: 500, Balance: 0.9165918742599315, Shares: 30.812905666669167, Net Worth: 14501.46999860877 [environment.py::render -- Line 89]
2025/05/22 13:19:20 [INFO] Last reward: 0.006221674450545356. [environment.py::step -- Line 69]
2025/05/22 13:19:21 [INFO] Step: 1000, Balance: 0.9165918742599315, Shares: 30.812905666669167, Net Worth: 14429.367799348764 [environment.py::render -- Line 89]
2025/05/22 13:19:21 [INFO] Last reward: -0.013856431245416634. [environment.py::step -- Line 69]
2025/05/22 13:19:21 [INFO] episode 18 score 0.164825358953155,
average score 0.18058218735138948,
epsilon 0.01,
net worth: 14689.120594118785 [philbot_runner.py::run_philbot -- Line 56]
2025/05/22 13:19:21 [INFO] Running trading game number 19 [philbot_runner.py::run_philbot -- Line 38]
2025/05/22 13:19:23 [INFO] Step: 500, Balance: 0.6496344908817264, Shares: 30.6089180814405, Net Worth: 14405.206483616781 [environment.py::render -- Line 89]
2025/05/22 13:19:23 [INFO] Last reward: 0.006221787830918752. [environment.py::step -- Line 69]
2025/05/22 13:19:24 [INFO] Step: 1000, Balance: 0.6496344908817264, Shares: 30.6089180814405, Net Worth: 14333.58161530621 [environment.py::render -- Line 89]
2025/05/22 13:19:24 [INFO] Last reward: -0.013856679955318222. [environment.py::step -- Line 69]
2025/05/22 13:19:24 [INFO] episode 19 score 0.15753976193104538,
average score 0.17943006608037226,
epsilon 0.01,
net worth: 14591.614794732754 [philbot_runner.py::run_philbot -- Line 56]
2025/05/22 13:19:24 [INFO] Running trading game number 20 [philbot_runner.py::run_philbot -- Line 38]
2025/05/22 13:19:26 [INFO] Step: 500, Balance: 0.7579069060286808, Shares: 30.84617918612139, Net Worth: 14516.969831894756 [environment.py::render -- Line 89]
2025/05/22 13:19:26 [INFO] Last reward: 0.0062217433096335185. [environment.py::step -- Line 69]
2025/05/22 13:19:28 [INFO] Step: 1000, Balance: 0.7579069060286808, Shares: 30.84617918612139, Net Worth: 14444.78977259923 [environment.py::render -- Line 89]
2025/05/22 13:19:28 [INFO] Last reward: -0.013856582293947978. [environment.py::step -- Line 69]
2025/05/22 13:19:28 [INFO] episode 20 score 0.16989180573120696,
average score 0.17897586320660247,
epsilon 0.01,
net worth: 14704.823063138234 [philbot_runner.py::run_philbot -- Line 56]
2025/05/22 13:19:28 [INFO] Running trading game number 21 [philbot_runner.py::run_philbot -- Line 38]
2025/05/22 13:19:29 [INFO] Step: 500, Balance: 0.879561715241517, Shares: 30.77802046750558, Net Worth: 14485.015993723368 [environment.py::render -- Line 89]
2025/05/22 13:19:29 [INFO] Last reward: 0.00622169000637329. [environment.py::step -- Line 69]
2025/05/22 13:19:31 [INFO] Step: 1000, Balance: 0.879561715241517, Shares: 30.77802046750558, Net Worth: 14412.995425829404 [environment.py::render -- Line 89]
2025/05/22 13:19:31 [INFO] Last reward: -0.013856465368512458. [environment.py::step -- Line 69]
2025/05/22 13:19:31 [INFO] episode 21 score 0.1624373573314934,
average score 0.17822411293955207,
epsilon 0.01,
net worth: 14672.454138370476 [philbot_runner.py::run_philbot -- Line 56]
2025/05/22 13:19:31 [INFO] Running trading game number 22 [philbot_runner.py::run_philbot -- Line 38]
2025/05/22 13:19:32 [INFO] Step: 500, Balance: 0.9899192242007262, Shares: 30.81520163871668, Net Worth: 14502.623810404271 [environment.py::render -- Line 89]
2025/05/22 13:19:32 [INFO] Last reward: 0.006221642826629413. [environment.py::step -- Line 69]
2025/05/22 13:19:34 [INFO] Step: 1000, Balance: 0.9899192242007262, Shares: 30.81520163871668, Net Worth: 14430.516238569673 [environment.py::render -- Line 89]
2025/05/22 13:19:34 [INFO] Last reward: -0.013856361875528675. [environment.py::step -- Line 69]
2025/05/22 13:19:34 [INFO] episode 22 score 0.16515822273774916,
average score 0.177656030756865,
epsilon 0.01,
net worth: 14690.288388384055 [philbot_runner.py::run_philbot -- Line 56]
2025/05/22 13:19:34 [INFO] Running trading game number 23 [philbot_runner.py::run_philbot -- Line 38]
2025/05/22 13:19:35 [INFO] Step: 500, Balance: 0.8123814648994924, Shares: 30.555086117675206, Net Worth: 14380.035908442851 [environment.py::render -- Line 89]
2025/05/22 13:19:35 [INFO] Last reward: 0.006221716479927716. [environment.py::step -- Line 69]
2025/05/22 13:19:36 [INFO] Step: 1000, Balance: 0.8123814648994924, Shares: 30.555086117675206, Net Worth: 14308.53700692749 [environment.py::render -- Line 89]
2025/05/22 13:19:36 [INFO] Last reward: -0.013856523440609185. [environment.py::step -- Line 69]
2025/05/22 13:19:36 [INFO] episode 23 score 0.15569743604281774,
average score 0.17674108931044638,
epsilon 0.01,
net worth: 14566.116382899492 [philbot_runner.py::run_philbot -- Line 56]
2025/05/22 13:19:36 [INFO] Running trading game number 24 [philbot_runner.py::run_philbot -- Line 38]
2025/05/22 13:19:38 [INFO] Step: 500, Balance: 0.7856501779370841, Shares: 30.435204798451554, Net Worth: 14323.59302832924 [environment.py::render -- Line 89]
2025/05/22 13:19:38 [INFO] Last reward: 0.0062217267703040995. [environment.py::step -- Line 69]
2025/05/22 13:19:40 [INFO] Step: 1000, Balance: 0.7856501779370841, Shares: 30.435204798451554, Net Worth: 14252.374649100862 [environment.py::render -- Line 89]
2025/05/22 13:19:40 [INFO] Last reward: -0.013856546013462928. [environment.py::step -- Line 69]
2025/05/22 13:19:40 [INFO] episode 24 score 0.15759193454777784,
average score 0.17597512311993962,
epsilon 0.01,
net worth: 14508.943425551808 [philbot_runner.py::run_philbot -- Line 56]
2025/05/22 13:19:40 [INFO] Running trading game number 25 [philbot_runner.py::run_philbot -- Line 38]
2025/05/22 13:19:41 [INFO] Step: 500, Balance: 0.7797396152558447, Shares: 30.71541970214829, Net Worth: 14455.456251446241 [environment.py::render -- Line 89]
2025/05/22 13:19:41 [INFO] Last reward: 0.006221732462765391. [environment.py::step -- Line 69]
2025/05/22 13:19:43 [INFO] Step: 1000, Balance: 0.7797396152558447, Shares: 30.71541970214829, Net Worth: 14383.582169343214 [environment.py::render -- Line 89]
2025/05/22 13:19:43 [INFO] Last reward: -0.013856558500381918. [environment.py::step -- Line 69]
2025/05/22 13:19:43 [INFO] episode 25 score 0.16954077338431098,
average score 0.17572764813010774,
epsilon 0.01,
net worth: 14642.513157432324 [philbot_runner.py::run_philbot -- Line 56]
2025/05/22 13:19:43 [INFO] Running trading game number 26 [philbot_runner.py::run_philbot -- Line 38]
2025/05/22 13:19:44 [INFO] Step: 500, Balance: 0.687601071654184, Shares: 30.64844913739289, Net Worth: 14423.84776512875 [environment.py::render -- Line 89]
2025/05/22 13:19:44 [INFO] Last reward: 0.006221771716135004. [environment.py::step -- Line 69]
2025/05/22 13:19:46 [INFO] Step: 1000, Balance: 0.687601071654184, Shares: 30.64844913739289, Net Worth: 14352.13039414725 [environment.py::render -- Line 89]
2025/05/22 13:19:46 [INFO] Last reward: -0.01385664460611952. [environment.py::step -- Line 69]
2025/05/22 13:19:46 [INFO] episode 26 score 0.16106965363703626,
average score 0.1751847594451792,
epsilon 0.01,
net worth: 14610.496820375472 [philbot_runner.py::run_philbot -- Line 56]
2025/05/22 13:19:46 [INFO] Running trading game number 27 [philbot_runner.py::run_philbot -- Line 38]
2025/05/22 13:19:48 [INFO] Step: 500, Balance: 0.6734144382317866, Shares: 30.811418572822266, Net Worth: 14500.526994808391 [environment.py::render -- Line 89]
2025/05/22 13:19:48 [INFO] Last reward: 0.006221779419645776. [environment.py::step -- Line 69]
2025/05/22 13:19:49 [INFO] Step: 1000, Balance: 0.6734144382317866, Shares: 30.811418572822266, Net Worth: 14428.428275347986 [environment.py::render -- Line 89]
2025/05/22 13:19:49 [INFO] Last reward: -0.013856661504449757. [environment.py::step -- Line 69]
2025/05/22 13:19:49 [INFO] episode 27 score 0.16791251203323995,
average score 0.1749250363233242,
epsilon 0.01,
net worth: 14688.168533916878 [philbot_runner.py::run_philbot -- Line 56]
2025/05/22 13:19:49 [INFO] Running trading game number 28 [philbot_runner.py::run_philbot -- Line 38]
2025/05/22 13:19:51 [INFO] Step: 500, Balance: 0.9165918742599313, Shares: 30.75166753388049, Net Worth: 14472.65133331842 [environment.py::render -- Line 89]
2025/05/22 13:19:51 [INFO] Last reward: 0.006221673662559982. [environment.py::step -- Line 69]
2025/05/22 13:19:52 [INFO] Step: 1000, Balance: 0.9165918742599313, Shares: 30.75166753388049, Net Worth: 14400.692431289137 [environment.py::render -- Line 89]
2025/05/22 13:19:52 [INFO] Last reward: -0.013856429516900443. [environment.py::step -- Line 69]
2025/05/22 13:19:52 [INFO] episode 28 score 0.1623393023198563,
average score 0.17449104549561845,
epsilon 0.01,
net worth: 14659.928988599751 [philbot_runner.py::run_philbot -- Line 56]
2025/05/22 13:19:52 [INFO] Running trading game number 29 [philbot_runner.py::run_philbot -- Line 38]
2025/05/22 13:19:54 [INFO] Step: 500, Balance: 0.8485021921720513, Shares: 30.829146313456608, Net Worth: 14509.044757304851 [environment.py::render -- Line 89]
2025/05/22 13:19:54 [INFO] Last reward: 0.006221704038434264. [environment.py::step -- Line 69]
2025/05/22 13:19:55 [INFO] Step: 1000, Balance: 0.8485021921720513, Shares: 30.829146313456608, Net Worth: 14436.904554931363 [environment.py::render -- Line 89]
2025/05/22 13:19:55 [INFO] Last reward: -0.013856496149087537. [environment.py::step -- Line 69]
2025/05/22 13:19:55 [INFO] episode 29 score 0.1661840790477959,
average score 0.17421414661402437,
epsilon 0.01,
net worth: 14696.794258353802 [philbot_runner.py::run_philbot -- Line 56]
2025/05/22 13:19:55 [INFO] Running trading game number 30 [philbot_runner.py::run_philbot -- Line 38]
2025/05/22 13:19:57 [INFO] Step: 500, Balance: 0.7368539364167731, Shares: 30.754929832679824, Net Worth: 14474.006833195543 [environment.py::render -- Line 89]
2025/05/22 13:19:57 [INFO] Last reward: 0.00622175144593748. [environment.py::step -- Line 69]
2025/05/22 13:19:58 [INFO] Step: 1000, Balance: 0.7368539364167731, Shares: 30.754929832679824, Net Worth: 14402.04029738707 [environment.py::render -- Line 89]
2025/05/22 13:19:58 [INFO] Last reward: -0.013856600141650785. [environment.py::step -- Line 69]
2025/05/22 13:19:58 [INFO] episode 30 score 0.1620403571596996,
average score 0.17382144372840097,
epsilon 0.01,
net worth: 14661.304355876562 [philbot_runner.py::run_philbot -- Line 56]
2025/05/22 13:19:58 [INFO] Running trading game number 31 [philbot_runner.py::run_philbot -- Line 38]
2025/05/22 13:20:00 [INFO] Step: 500, Balance: 0.8123814648994923, Shares: 30.6752826733106, Net Worth: 14436.60040752487 [environment.py::render -- Line 89]
2025/05/22 13:20:00 [INFO] Last reward: 0.006221717865749906. [environment.py::step -- Line 69]
2025/05/22 13:20:01 [INFO] Step: 1000, Balance: 0.8123814648994923, Shares: 30.6752826733106, Net Worth: 14364.820246069321 [environment.py::render -- Line 89]
2025/05/22 13:20:01 [INFO] Last reward: -0.013856526480533078. [environment.py::step -- Line 69]
2025/05/22 13:20:01 [INFO] episode 31 score 0.16108281047240913,
average score 0.1734233614391512,
epsilon 0.01,
net worth: 14623.41287900533 [philbot_runner.py::run_philbot -- Line 56]
2025/05/22 13:20:01 [INFO] Running trading game number 32 [philbot_runner.py::run_philbot -- Line 38]
2025/05/22 13:20:03 [INFO] Step: 500, Balance: 0.7898153130967285, Shares: 30.634722555662222, Net Worth: 14417.49025000774 [environment.py::render -- Line 89]
2025/05/22 13:20:03 [INFO] Last reward: 0.006221727198097752. [environment.py::step -- Line 69]
2025/05/22 13:20:04 [INFO] Step: 1000, Balance: 0.7898153130967285, Shares: 30.634722555662222, Net Worth: 14345.804999227488 [environment.py::render -- Line 89]
2025/05/22 13:20:04 [INFO] Last reward: -0.013856546951866474. [environment.py::step -- Line 69]
2025/05/22 13:20:04 [INFO] episode 32 score 0.1614553347713106,
average score 0.17306069396436816,
epsilon 0.01,
net worth: 14604.055710371722 [philbot_runner.py::run_philbot -- Line 56]
2025/05/22 13:20:04 [INFO] Running trading game number 33 [philbot_runner.py::run_philbot -- Line 38]
2025/05/22 13:20:06 [INFO] Step: 500, Balance: 0.9165918742599316, Shares: 30.71887641008521, Net Worth: 14457.21983046036 [environment.py::render -- Line 89]
2025/05/22 13:20:06 [INFO] Last reward: 0.006221673239326843. [environment.py::step -- Line 69]
2025/05/22 13:20:07 [INFO] Step: 1000, Balance: 0.9165918742599316, Shares: 30.71887641008521, Net Worth: 14385.33765966076 [environment.py::render -- Line 89]
2025/05/22 13:20:07 [INFO] Last reward: -0.013856428588500535. [environment.py::step -- Line 69]
2025/05/22 13:20:07 [INFO] episode 33 score 0.1651827927982686,
average score 0.17282899098889465,
epsilon 0.01,
net worth: 14644.297787797777 [philbot_runner.py::run_philbot -- Line 56]
2025/05/22 13:20:07 [INFO] Running trading game number 34 [philbot_runner.py::run_philbot -- Line 38]
2025/05/22 13:20:09 [INFO] Step: 500, Balance: 0.6683482416478668, Shares: 30.726659995723853, Net Worth: 14460.634542229294 [environment.py::render -- Line 89]
2025/05/22 13:20:09 [INFO] Last reward: 0.006221780810969041. [environment.py::step -- Line 69]
2025/05/22 13:20:10 [INFO] Step: 1000, Balance: 0.6683482416478668, Shares: 30.726659995723853, Net Worth: 14388.734157839299 [environment.py::render -- Line 89]
2025/05/22 13:20:10 [INFO] Last reward: -0.013856664556439966. [environment.py::step -- Line 69]
2025/05/22 13:20:10 [INFO] episode 34 score 0.16350963298686302,
average score 0.17256272361740801,
epsilon 0.01,
net worth: 14647.759901603253 [philbot_runner.py::run_philbot -- Line 56]
2025/05/22 13:20:10 [INFO] Running trading game number 35 [philbot_runner.py::run_philbot -- Line 38]
2025/05/22 13:20:12 [INFO] Step: 500, Balance: 0.8082820760669591, Shares: 30.37502713356376, Net Worth: 14295.296051131172 [environment.py::render -- Line 89]
2025/05/22 13:20:12 [INFO] Last reward: 0.006221716178663447. [environment.py::step -- Line 69]
2025/05/22 13:20:14 [INFO] Step: 1000, Balance: 0.8082820760669591, Shares: 30.37502713356376, Net Worth: 14224.21848763863 [environment.py::render -- Line 89]
2025/05/22 13:20:14 [INFO] Last reward: -0.013856522779759397. [environment.py::step -- Line 69]
2025/05/22 13:20:14 [INFO] episode 35 score 0.1515901145927175,
average score 0.17198015114449994,
epsilon 0.01,
net worth: 14480.279966374574 [philbot_runner.py::run_philbot -- Line 56]
2025/05/22 13:20:14 [INFO] Running trading game number 36 [philbot_runner.py::run_philbot -- Line 38]
2025/05/22 13:20:15 [INFO] Step: 500, Balance: 0.9356875383070136, Shares: 30.665980079340823, Net Worth: 14432.345912876099 [environment.py::render -- Line 89]
2025/05/22 13:20:15 [INFO] Last reward: 0.006221664271479653. [environment.py::step -- Line 69]
2025/05/22 13:20:17 [INFO] Step: 1000, Balance: 0.9356875383070136, Shares: 30.665980079340823, Net Worth: 14360.58751949044 [environment.py::render -- Line 89]
2025/05/22 13:20:17 [INFO] Last reward: -0.013856408916726761. [environment.py::step -- Line 69]
2025/05/22 13:20:17 [INFO] episode 36 score 0.16931108317616403,
average score 0.17190801417238277,
epsilon 0.01,
net worth: 14619.101731559284 [philbot_runner.py::run_philbot -- Line 56]
2025/05/22 13:20:17 [INFO] Running trading game number 37 [philbot_runner.py::run_philbot -- Line 38]
2025/05/22 13:20:18 [INFO] Step: 500, Balance: 0.9356875383070133, Shares: 30.81869734553061, Net Worth: 14504.214658345012 [environment.py::render -- Line 89]
2025/05/22 13:20:18 [INFO] Last reward: 0.006221666282739302. [environment.py::step -- Line 69]
2025/05/22 13:20:20 [INFO] Step: 1000, Balance: 0.9356875383070133, Shares: 30.81869734553061, Net Worth: 14432.09890655647 [environment.py::render -- Line 89]
2025/05/22 13:20:20 [INFO] Last reward: -0.013856413328604626. [environment.py::step -- Line 69]
2025/05/22 13:20:20 [INFO] episode 37 score 0.16776506342561653,
average score 0.17179898915273104,
epsilon 0.01,
net worth: 14691.900525179293 [philbot_runner.py::run_philbot -- Line 56]
2025/05/22 13:20:20 [INFO] Running trading game number 38 [philbot_runner.py::run_philbot -- Line 38]
2025/05/22 13:20:22 [INFO] Step: 500, Balance: 0.7856501779370842, Shares: 30.774908696378407, Net Worth: 14483.457682693615 [environment.py::render -- Line 89]
2025/05/22 13:20:22 [INFO] Last reward: 0.006221730560711415. [environment.py::step -- Line 69]
2025/05/22 13:20:23 [INFO] Step: 1000, Balance: 0.7856501779370842, Shares: 30.774908696378407, Net Worth: 14411.44439634409 [environment.py::render -- Line 89]
2025/05/22 13:20:23 [INFO] Last reward: -0.013856554328057786. [environment.py::step -- Line 69]
2025/05/22 13:20:23 [INFO] episode 38 score 0.16291119714013633,
average score 0.171571097049844,
epsilon 0.01,
net worth: 14670.87687665456 [philbot_runner.py::run_philbot -- Line 56]
2025/05/22 13:20:23 [INFO] Running trading game number 39 [philbot_runner.py::run_philbot -- Line 38]
2025/05/22 13:20:25 [INFO] Step: 500, Balance: 0.8020178899774401, Shares: 30.871420216187392, Net Worth: 14528.892371627764 [environment.py::render -- Line 89]
2025/05/22 13:20:25 [INFO] Last reward: 0.006221724569587393. [environment.py::step -- Line 69]
2025/05/22 13:20:26 [INFO] Step: 1000, Balance: 0.8020178899774401, Shares: 30.871420216187392, Net Worth: 14456.653248321885 [environment.py::render -- Line 89]
2025/05/22 13:20:26 [INFO] Last reward: -0.013856541185995868. [environment.py::step -- Line 69]
2025/05/22 13:20:26 [INFO] episode 39 score 0.16705690962078407,
average score 0.1714582423641175,
epsilon 0.01,
net worth: 14716.899320744345 [philbot_runner.py::run_philbot -- Line 56]
2025/05/22 13:20:26 [INFO] Running trading game number 40 [philbot_runner.py::run_philbot -- Line 38]
2025/05/22 13:20:28 [INFO] Step: 500, Balance: 0.8082820760669587, Shares: 30.657931677889838, Net Worth: 14428.430929691025 [environment.py::render -- Line 89]
2025/05/22 13:20:28 [INFO] Last reward: 0.006221719445075532. [environment.py::step -- Line 69]
2025/05/22 13:20:30 [INFO] Step: 1000, Balance: 0.8082820760669587, Shares: 30.657931677889838, Net Worth: 14356.691369564762 [environment.py::render -- Line 89]
2025/05/22 13:20:30 [INFO] Last reward: -0.013856529944924237. [environment.py::step -- Line 69]
2025/05/22 13:20:30 [INFO] episode 40 score 0.1579412846258367,
average score 0.17112856046806185,
epsilon 0.01,
net worth: 14615.137733609374 [philbot_runner.py::run_philbot -- Line 56]
2025/05/22 13:20:30 [INFO] Running trading game number 41 [philbot_runner.py::run_philbot -- Line 38]
2025/05/22 13:20:32 [INFO] Step: 500, Balance: 0.8596629258195687, Shares: 30.726661938741003, Net Worth: 14460.826771297336 [environment.py::render -- Line 89]
2025/05/22 13:20:32 [INFO] Last reward: 0.006221697985582569. [environment.py::step -- Line 69]
2025/05/22 13:20:33 [INFO] Step: 1000, Balance: 0.8596629258195687, Shares: 30.726661938741003, Net Worth: 14388.926382360682 [environment.py::render -- Line 89]
2025/05/22 13:20:33 [INFO] Last reward: -0.013856482871618567. [environment.py::step -- Line 69]
2025/05/22 13:20:33 [INFO] episode 41 score 0.16491694714930746,
average score 0.1709806649128534,
epsilon 0.01,
net worth: 14647.952142504268 [philbot_runner.py::run_philbot -- Line 56]
2025/05/22 13:20:33 [INFO] Running trading game number 42 [philbot_runner.py::run_philbot -- Line 38]
2025/05/22 13:20:35 [INFO] Step: 500, Balance: 0.8775725701074764, Shares: 30.225061842366767, Net Worth: 14224.791675587909 [environment.py::render -- Line 89]
2025/05/22 13:20:35 [INFO] Last reward: 0.00622168392716977. [environment.py::step -- Line 69]
2025/05/22 13:20:36 [INFO] Step: 1000, Balance: 0.8775725701074764, Shares: 30.225061842366767, Net Worth: 14154.065030876769 [environment.py::render -- Line 89]
2025/05/22 13:20:36 [INFO] Last reward: -0.013856452033237727. [environment.py::step -- Line 69]
2025/05/22 13:20:36 [INFO] episode 42 score 0.14675553186169013,
average score 0.17041728972561707,
epsilon 0.01,
net worth: 14408.862302207921 [philbot_runner.py::run_philbot -- Line 56]
2025/05/22 13:20:36 [INFO] Running trading game number 43 [philbot_runner.py::run_philbot -- Line 38]
2025/05/22 13:20:38 [INFO] Step: 500, Balance: 0.8596629258195682, Shares: 30.88693382234632, Net Worth: 14536.250719721998 [environment.py::render -- Line 89]
2025/05/22 13:20:38 [INFO] Last reward: 0.00622169991675189. [environment.py::step -- Line 69]
2025/05/22 13:20:40 [INFO] Step: 1000, Balance: 0.8596629258195682, Shares: 30.88693382234632, Net Worth: 14463.975294577707 [environment.py::render -- Line 89]
2025/05/22 13:20:40 [INFO] Last reward: -0.013856487107810452. [environment.py::step -- Line 69]
2025/05/22 13:20:40 [INFO] episode 43 score 0.179942705949608,
average score 0.1706337764579805,
epsilon 0.01,
net worth: 14724.352146700086 [philbot_runner.py::run_philbot -- Line 56]
2025/05/22 13:20:40 [INFO] Running trading game number 44 [philbot_runner.py::run_philbot -- Line 38]
2025/05/22 13:20:42 [INFO] Step: 500, Balance: 0.8978859176423817, Shares: 30.814844354870786, Net Worth: 14502.363639319834 [environment.py::render -- Line 89]
2025/05/22 13:20:42 [INFO] Last reward: 0.006221682550432099. [environment.py::step -- Line 69]
2025/05/22 13:20:44 [INFO] Step: 1000, Balance: 0.8978859176423817, Shares: 30.814844354870786, Net Worth: 14430.256903529436 [environment.py::render -- Line 89]
2025/05/22 13:20:44 [INFO] Last reward: -0.013856449013240938. [environment.py::step -- Line 69]
2025/05/22 13:20:44 [INFO] episode 44 score 0.1627371301451852,
average score 0.17045829542880725,
epsilon 0.01,
net worth: 14690.026041440997 [philbot_runner.py::run_philbot -- Line 56]
2025/05/22 13:20:44 [INFO] Running trading game number 45 [philbot_runner.py::run_philbot -- Line 38]
2025/05/22 13:20:45 [INFO] Step: 500, Balance: 0.7797396152558448, Shares: 30.852190988980723, Net Worth: 14519.820819029586 [environment.py::render -- Line 89]
2025/05/22 13:20:45 [INFO] Last reward: 0.006221733959800099. [environment.py::step -- Line 69]
2025/05/22 13:20:47 [INFO] Step: 1000, Balance: 0.7797396152558448, Shares: 30.852190988980723, Net Worth: 14447.62669211537 [environment.py::render -- Line 89]
2025/05/22 13:20:47 [INFO] Last reward: -0.013856561784260119. [environment.py::step -- Line 69]
2025/05/22 13:20:47 [INFO] episode 45 score 0.1655276619073709,
average score 0.17035110774355863,
epsilon 0.01,
net worth: 14707.710662152478 [philbot_runner.py::run_philbot -- Line 56]
2025/05/22 13:20:47 [INFO] Running trading game number 46 [philbot_runner.py::run_philbot -- Line 38]
2025/05/22 13:20:49 [INFO] Step: 500, Balance: 0.9976510196026465, Shares: 30.419996391601657, Net Worth: 14316.647952907344 [environment.py::render -- Line 89]
2025/05/22 13:20:49 [INFO] Last reward: 0.006221633894130058. [environment.py::step -- Line 69]
2025/05/22 13:20:50 [INFO] Step: 1000, Balance: 0.9976510196026465, Shares: 30.419996391601657, Net Worth: 14245.465161350994 [environment.py::render -- Line 89]
2025/05/22 13:20:50 [INFO] Last reward: -0.013856342281290453. [environment.py::step -- Line 69]
2025/05/22 13:20:50 [INFO] episode 46 score 0.15052625126372887,
average score 0.169929302286541,
epsilon 0.01,
net worth: 14501.905730932196 [philbot_runner.py::run_philbot -- Line 56]
2025/05/22 13:20:50 [INFO] Running trading game number 47 [philbot_runner.py::run_philbot -- Line 38]
2025/05/22 13:20:52 [INFO] Step: 500, Balance: 0.6268375500767687, Shares: 30.659644137441546, Net Worth: 14429.05536863007 [environment.py::render -- Line 89]
2025/05/22 13:20:52 [INFO] Last reward: 0.006221798189201455. [environment.py::step -- Line 69]
2025/05/22 13:20:54 [INFO] Step: 1000, Balance: 0.6268375500767687, Shares: 30.659644137441546, Net Worth: 14357.311801348455 [environment.py::render -- Line 89]
2025/05/22 13:20:54 [INFO] Last reward: -0.013856702677122815. [environment.py::step -- Line 69]
2025/05/22 13:20:54 [INFO] episode 47 score 0.1680002497404357,
average score 0.16988911369183046,
epsilon 0.01,
net worth: 14615.772601427087 [philbot_runner.py::run_philbot -- Line 56]
2025/05/22 13:20:54 [INFO] Running trading game number 48 [philbot_runner.py::run_philbot -- Line 38]
2025/05/22 13:20:55 [INFO] Step: 500, Balance: 0.7579069060286808, Shares: 30.839840235527372, Net Worth: 14513.98672174521 [environment.py::render -- Line 89]
2025/05/22 13:20:55 [INFO] Last reward: 0.0062217432424518495. [environment.py::step -- Line 69]
2025/05/22 13:20:57 [INFO] Step: 1000, Balance: 0.7579069060286808, Shares: 30.839840235527372, Net Worth: 14441.821495594075 [environment.py::render -- Line 89]
2025/05/22 13:20:57 [INFO] Last reward: -0.013856582146578995. [environment.py::step -- Line 69]
2025/05/22 13:20:57 [INFO] episode 48 score 0.16858577737547034,
average score 0.1698625149914966,
epsilon 0.01,
net worth: 14701.80134877957 [philbot_runner.py::run_philbot -- Line 56]
2025/05/22 13:20:57 [INFO] Running trading game number 49 [philbot_runner.py::run_philbot -- Line 38]
2025/05/22 13:20:59 [INFO] Step: 500, Balance: 0.7108337817870556, Shares: 30.625921977531114, Net Worth: 14413.269716407929 [environment.py::render -- Line 89]
2025/05/22 13:20:59 [INFO] Last reward: 0.006221761405358112. [environment.py::step -- Line 69]
2025/05/22 13:21:00 [INFO] Step: 1000, Balance: 0.7108337817870556, Shares: 30.625921977531114, Net Worth: 14341.605058980505 [environment.py::render -- Line 89]
2025/05/22 13:21:00 [INFO] Last reward: -0.013856621988520158. [environment.py::step -- Line 69]
2025/05/22 13:21:01 [INFO] episode 49 score 0.1575496080337235,
average score 0.16961625685234114,
epsilon 0.01,
net worth: 14599.781581251093 [philbot_runner.py::run_philbot -- Line 56]
2025/05/22 13:21:01 [INFO] Running trading game number 50 [philbot_runner.py::run_philbot -- Line 38]
2025/05/22 13:21:02 [INFO] Step: 500, Balance: 0.7218161009796964, Shares: 30.79172025854515, Net Worth: 14491.30536977233 [environment.py::render -- Line 89]
2025/05/22 13:21:02 [INFO] Last reward: 0.006221758323311428. [environment.py::step -- Line 69]
2025/05/22 13:21:04 [INFO] Step: 1000, Balance: 0.7218161009796964, Shares: 30.79172025854515, Net Worth: 14419.252744367333 [environment.py::render -- Line 89]
2025/05/22 13:21:04 [INFO] Last reward: -0.013856615227778262. [environment.py::step -- Line 69]
2025/05/22 13:21:04 [INFO] episode 50 score 0.16777836314330868,
average score 0.16958021972079151,
epsilon 0.01,
net worth: 14678.826946146868 [philbot_runner.py::run_philbot -- Line 56]
2025/05/22 13:21:04 [INFO] Running trading game number 51 [philbot_runner.py::run_philbot -- Line 38]
2025/05/22 13:21:06 [INFO] Step: 500, Balance: 0.8775725701074764, Shares: 30.446022662728836, Net Worth: 14328.775837650299 [environment.py::render -- Line 89]
2025/05/22 13:21:06 [INFO] Last reward: 0.006221686730173387. [environment.py::step -- Line 69]
2025/05/22 13:21:07 [INFO] Step: 1000, Balance: 0.8775725701074764, Shares: 30.446022662728836, Net Worth: 14257.532144619512 [environment.py::render -- Line 89]
2025/05/22 13:21:07 [INFO] Last reward: -0.013856458181875775. [environment.py::step -- Line 69]
2025/05/22 13:21:07 [INFO] episode 51 score 0.15269604877090473,
average score 0.16925552412560135,
epsilon 0.01,
net worth: 14514.192115666316 [philbot_runner.py::run_philbot -- Line 56]
2025/05/22 13:21:07 [INFO] Running trading game number 52 [philbot_runner.py::run_philbot -- Line 38]
2025/05/22 13:21:09 [INFO] Step: 500, Balance: 0.842118784476312, Shares: 30.707077799225747, Net Worth: 14451.592931100113 [environment.py::render -- Line 89]
2025/05/22 13:21:09 [INFO] Last reward: 0.006221705348319011. [environment.py::step -- Line 69]
2025/05/22 13:21:11 [INFO] Step: 1000, Balance: 0.842118784476312, Shares: 30.707077799225747, Net Worth: 14379.738369049925 [environment.py::render -- Line 89]
2025/05/22 13:21:11 [INFO] Last reward: -0.01385649902243626. [environment.py::step -- Line 69]
2025/05/22 13:21:11 [INFO] episode 52 score 0.16897966327124675,
average score 0.16925031920382108,
epsilon 0.01,
net worth: 14638.599034897397 [philbot_runner.py::run_philbot -- Line 56]
2025/05/22 13:21:11 [INFO] Running trading game number 53 [philbot_runner.py::run_philbot -- Line 38]
2025/05/22 13:21:13 [INFO] Step: 500, Balance: 0.9772907947127963, Shares: 30.81398156253688, Net Worth: 14502.037014124571 [environment.py::render -- Line 89]
2025/05/22 13:21:13 [INFO] Last reward: 0.006221648261248059. [environment.py::step -- Line 69]
2025/05/22 13:21:14 [INFO] Step: 1000, Balance: 0.9772907947127963, Shares: 30.81398156253688, Net Worth: 14429.932297268233 [environment.py::render -- Line 89]
2025/05/22 13:21:14 [INFO] Last reward: -0.013856373796851418. [environment.py::step -- Line 69]
2025/05/22 13:21:14 [INFO] episode 53 score 0.16668992297557847,
average score 0.16920290445885364,
epsilon 0.01,
net worth: 14689.69416184042 [philbot_runner.py::run_philbot -- Line 56]
2025/05/22 13:21:14 [INFO] Running trading game number 54 [philbot_runner.py::run_philbot -- Line 38]
2025/05/22 13:21:16 [INFO] Step: 500, Balance: 0.9477783757160749, Shares: 30.820597347964846, Net Worth: 14505.120890327973 [environment.py::render -- Line 89]
2025/05/22 13:21:16 [INFO] Last reward: 0.00622166108926013. [environment.py::step -- Line 69]
2025/05/22 13:21:18 [INFO] Step: 1000, Balance: 0.9477783757160749, Shares: 30.820597347964846, Net Worth: 14433.000692533735 [environment.py::render -- Line 89]
2025/05/22 13:21:18 [INFO] Last reward: -0.013856401936243691. [environment.py::step -- Line 69]
2025/05/22 13:21:18 [INFO] episode 54 score 0.1645337907278276,
average score 0.16911801148192587,
epsilon 0.01,
net worth: 14692.818328177078 [philbot_runner.py::run_philbot -- Line 56]
2025/05/22 13:21:18 [INFO] Running trading game number 55 [philbot_runner.py::run_philbot -- Line 38]
2025/05/22 13:21:20 [INFO] Step: 500, Balance: 0.9429957554114521, Shares: 30.558685623260725, Net Worth: 14381.86045006191 [environment.py::render -- Line 89]
2025/05/22 13:21:20 [INFO] Last reward: 0.006221659665167665. [environment.py::step -- Line 69]
2025/05/22 13:21:21 [INFO] Step: 1000, Balance: 0.9429957554114521, Shares: 30.558685623260725, Net Worth: 14310.353125703477 [environment.py::render -- Line 89]
2025/05/22 13:21:21 [INFO] Last reward: -0.013856398812369521. [environment.py::step -- Line 69]
2025/05/22 13:21:21 [INFO] episode 55 score 0.15578559685185267,
average score 0.16887993264924597,
epsilon 0.01,
net worth: 14567.962845507567 [philbot_runner.py::run_philbot -- Line 56]
2025/05/22 13:21:21 [INFO] Running trading game number 56 [philbot_runner.py::run_philbot -- Line 38]
2025/05/22 13:21:23 [INFO] Step: 500, Balance: 0.6771393287866329, Shares: 30.820539712075163, Net Worth: 14504.82312783136 [environment.py::render -- Line 89]
2025/05/22 13:21:23 [INFO] Last reward: 0.00622177789797247. [environment.py::step -- Line 69]
2025/05/22 13:21:25 [INFO] Step: 1000, Balance: 0.6771393287866329, Shares: 30.820539712075163, Net Worth: 14432.703064905103 [environment.py::render -- Line 89]
2025/05/22 13:21:25 [INFO] Last reward: -0.013856658166525418. [environment.py::step -- Line 69]
2025/05/22 13:21:25 [INFO] episode 56 score 0.1702007980590154,
average score 0.16890310572661035,
epsilon 0.01,
net worth: 14692.520214677897 [philbot_runner.py::run_philbot -- Line 56]
2025/05/22 13:21:25 [INFO] Running trading game number 57 [philbot_runner.py::run_philbot -- Line 38]
2025/05/22 13:21:27 [INFO] Step: 500, Balance: 0.7638265618832764, Shares: 30.740906620015426, Net Worth: 14467.434481941144 [environment.py::render -- Line 89]
2025/05/22 13:21:27 [INFO] Last reward: 0.006221739628743662. [environment.py::step -- Line 69]
2025/05/22 13:21:29 [INFO] Step: 1000, Balance: 0.7638265618832764, Shares: 30.740906620015426, Net Worth: 14395.500760450306 [environment.py::render -- Line 89]
2025/05/22 13:21:29 [INFO] Last reward: -0.0138565742195899. [environment.py::step -- Line 69]
2025/05/22 13:21:29 [INFO] episode 57 score 0.1617521734283406,
average score 0.16877981379043328,
epsilon 0.01,
net worth: 14654.646603257035 [philbot_runner.py::run_philbot -- Line 56]
2025/05/22 13:21:29 [INFO] Running trading game number 58 [philbot_runner.py::run_philbot -- Line 38]
2025/05/22 13:21:30 [INFO] Step: 500, Balance: 0.808282076066959, Shares: 30.563429399906475, Net Worth: 14383.958157672054 [environment.py::render -- Line 89]
2025/05/22 13:21:30 [INFO] Last reward: 0.006221718360679093. [environment.py::step -- Line 69]
2025/05/22 13:21:32 [INFO] Step: 1000, Balance: 0.808282076066959, Shares: 30.563429399906475, Net Worth: 14312.439732876272 [environment.py::render -- Line 89]
2025/05/22 13:21:32 [INFO] Last reward: -0.013856527566204582. [environment.py::step -- Line 69]
2025/05/22 13:21:32 [INFO] episode 58 score 0.15770081615126305,
average score 0.16859203416943036,
epsilon 0.01,
net worth: 14570.089442717484 [philbot_runner.py::run_philbot -- Line 56]
2025/05/22 13:21:32 [INFO] Running trading game number 59 [philbot_runner.py::run_philbot -- Line 38]
2025/05/22 13:21:34 [INFO] Step: 500, Balance: 0.7638265618832762, Shares: 30.771926167700435, Net Worth: 14482.032281081709 [environment.py::render -- Line 89]
2025/05/22 13:21:34 [INFO] Last reward: 0.006221739961931765. [environment.py::step -- Line 69]
2025/05/22 13:21:36 [INFO] Step: 1000, Balance: 0.7638265618832762, Shares: 30.771926167700435, Net Worth: 14410.025973849288 [environment.py::render -- Line 89]
2025/05/22 13:21:36 [INFO] Last reward: -0.013856574950467672. [environment.py::step -- Line 69]
2025/05/22 13:21:36 [INFO] episode 59 score 0.1685254409387479,
average score 0.16859092428225234,
epsilon 0.01,
net worth: 14669.433311443003 [philbot_runner.py::run_philbot -- Line 56]
2025/05/22 13:21:36 [INFO] Running trading game number 60 [philbot_runner.py::run_philbot -- Line 38]
2025/05/22 13:21:37 [INFO] Step: 500, Balance: 0.8842247237001277, Shares: 30.787794427536387, Net Worth: 14489.620282322325 [environment.py::render -- Line 89]
2025/05/22 13:21:37 [INFO] Last reward: 0.0062216881123509345. [environment.py::step -- Line 69]
2025/05/22 13:21:39 [INFO] Step: 1000, Balance: 0.8842247237001277, Shares: 30.787794427536387, Net Worth: 14417.576843361889 [environment.py::render -- Line 89]
2025/05/22 13:21:39 [INFO] Last reward: -0.013856461213805748. [environment.py::step -- Line 69]
2025/05/22 13:21:39 [INFO] episode 60 score 0.1643167252335422,
average score 0.16852085544538822,
epsilon 0.01,
net worth: 14677.11795038602 [philbot_runner.py::run_philbot -- Line 56]
2025/05/22 13:21:39 [INFO] Running trading game number 61 [philbot_runner.py::run_philbot -- Line 38]
2025/05/22 13:21:41 [INFO] Step: 500, Balance: 0.7580801814987376, Shares: 30.74129337154011, Net Worth: 14467.610740828275 [environment.py::render -- Line 89]
2025/05/22 13:21:41 [INFO] Last reward: 0.006221742119485613. [environment.py::step -- Line 69]
2025/05/22 13:21:43 [INFO] Step: 1000, Balance: 0.7580801814987376, Shares: 30.74129337154011, Net Worth: 14395.67611433887 [environment.py::render -- Line 89]
2025/05/22 13:21:43 [INFO] Last reward: -0.013856579683253167. [environment.py::step -- Line 69]
2025/05/22 13:21:43 [INFO] episode 61 score 0.16250228875377032,
average score 0.1684237817890718,
epsilon 0.01,
net worth: 14654.825217460953 [philbot_runner.py::run_philbot -- Line 56]
2025/05/22 13:21:43 [INFO] Running trading game number 62 [philbot_runner.py::run_philbot -- Line 38]
2025/05/22 13:21:45 [INFO] Step: 500, Balance: 0.8123814648994923, Shares: 30.61559297898902, Net Worth: 14408.510437377132 [environment.py::render -- Line 89]
2025/05/22 13:21:45 [INFO] Last reward: 0.00622171717890959. [environment.py::step -- Line 69]
2025/05/22 13:21:47 [INFO] Step: 1000, Balance: 0.8123814648994923, Shares: 30.61559297898902, Net Worth: 14336.869949806298 [environment.py::render -- Line 89]
2025/05/22 13:21:47 [INFO] Last reward: -0.013856524973888089. [environment.py::step -- Line 69]
2025/05/22 13:21:47 [INFO] episode 62 score 0.15939444479596512,
average score 0.1682804589796574,
epsilon 0.01,
net worth: 14594.959398619176 [philbot_runner.py::run_philbot -- Line 56]
2025/05/22 13:21:47 [INFO] Running trading game number 63 [philbot_runner.py::run_philbot -- Line 38]
2025/05/22 13:21:49 [INFO] Step: 500, Balance: 0.9237509440765246, Shares: 30.865171864587634, Net Worth: 14526.073630419018 [environment.py::render -- Line 89]
2025/05/22 13:21:49 [INFO] Last reward: 0.006221672035225724. [environment.py::step -- Line 69]
2025/05/22 13:21:50 [INFO] Step: 1000, Balance: 0.9237509440765246, Shares: 30.865171864587634, Net Worth: 14453.849128255883 [environment.py::render -- Line 89]
2025/05/22 13:21:50 [INFO] Last reward: -0.013856425947197487. [environment.py::step -- Line 69]
2025/05/22 13:21:50 [INFO] episode 63 score 0.17041254469493153,
average score 0.16831377281895862,
epsilon 0.01,
net worth: 14714.042527074356 [philbot_runner.py::run_philbot -- Line 56]
2025/05/22 13:21:50 [INFO] Running trading game number 64 [philbot_runner.py::run_philbot -- Line 38]
2025/05/22 13:21:52 [INFO] Step: 500, Balance: 0.8313758496688722, Shares: 30.785304445859197, Net Worth: 14488.395648071008 [environment.py::render -- Line 89]
2025/05/22 13:21:52 [INFO] Last reward: 0.006221710917310079. [environment.py::step -- Line 69]
2025/05/22 13:21:54 [INFO] Step: 1000, Balance: 0.8313758496688722, Shares: 30.785304445859197, Net Worth: 14416.358035667698 [environment.py::render -- Line 89]
2025/05/22 13:21:54 [INFO] Last reward: -0.013856511238513338. [environment.py::step -- Line 69]
2025/05/22 13:21:54 [INFO] episode 64 score 0.16224240458854733,
average score 0.16822036715387537,
epsilon 0.01,
net worth: 14675.87815214629 [philbot_runner.py::run_philbot -- Line 56]
2025/05/22 13:21:54 [INFO] Running trading game number 65 [philbot_runner.py::run_philbot -- Line 38]
2025/05/22 13:21:56 [INFO] Step: 500, Balance: 0.9026460721105473, Shares: 30.616931830073227, Net Worth: 14409.230765304572 [environment.py::render -- Line 89]
2025/05/22 13:21:56 [INFO] Last reward: 0.006221677976778996. [environment.py::step -- Line 69]
2025/05/22 13:21:58 [INFO] Step: 1000, Balance: 0.9026460721105473, Shares: 30.616931830073227, Net Worth: 14337.5871448222 [environment.py::render -- Line 89]
2025/05/22 13:21:58 [INFO] Last reward: -0.013856438980524606. [environment.py::step -- Line 69]
2025/05/22 13:21:58 [INFO] episode 65 score 0.15847102082064513,
average score 0.16807264978519007,
epsilon 0.01,
net worth: 14595.687880149717 [philbot_runner.py::run_philbot -- Line 56]
2025/05/22 13:21:58 [INFO] Running trading game number 66 [philbot_runner.py::run_philbot -- Line 38]
2025/05/22 13:22:00 [INFO] Step: 500, Balance: 0.8729446421523158, Shares: 30.733873289115728, Net Worth: 14464.233714500015 [environment.py::render -- Line 89]
2025/05/22 13:22:00 [INFO] Last reward: 0.006221692324316689. [environment.py::step -- Line 69]
2025/05/22 13:22:02 [INFO] Step: 1000, Balance: 0.8729446421523158, Shares: 30.733873289115728, Net Worth: 14392.316451003484 [environment.py::render -- Line 89]
2025/05/22 13:22:02 [INFO] Last reward: -0.01385647045312778. [environment.py::step -- Line 69]
2025/05/22 13:22:02 [INFO] episode 66 score 0.16605868763901743,
average score 0.16804259064868002,
epsilon 0.01,
net worth: 14651.40300283073 [philbot_runner.py::run_philbot -- Line 56]
2025/05/22 13:22:02 [INFO] Running trading game number 67 [philbot_runner.py::run_philbot -- Line 38]
2025/05/22 13:22:03 [INFO] Step: 500, Balance: 0.8596629258195687, Shares: 30.774872200933736, Net Worth: 14483.514520685236 [environment.py::render -- Line 89]
2025/05/22 13:22:03 [INFO] Last reward: 0.006221698568599225. [environment.py::step -- Line 69]
2025/05/22 13:22:06 [INFO] Step: 1000, Balance: 0.8596629258195687, Shares: 30.774872200933736, Net Worth: 14411.501319735049 [environment.py::render -- Line 89]
2025/05/22 13:22:06 [INFO] Last reward: -0.013856484150517568. [environment.py::step -- Line 69]
2025/05/22 13:22:06 [INFO] episode 67 score 0.1648033556401403,
average score 0.1679949548397309,
epsilon 0.01,
net worth: 14670.933492388922 [philbot_runner.py::run_philbot -- Line 56]
2025/05/22 13:22:06 [INFO] Running trading game number 68 [philbot_runner.py::run_philbot -- Line 38]
2025/05/22 13:22:07 [INFO] Step: 500, Balance: 0.7017656537302601, Shares: 30.81294602563564, Net Worth: 14501.274165317862 [environment.py::render -- Line 89]
2025/05/22 13:22:07 [INFO] Last reward: 0.006221767194271836. [environment.py::step -- Line 69]
2025/05/22 13:22:09 [INFO] Step: 1000, Balance: 0.7017656537302601, Shares: 30.81294602563564, Net Worth: 14429.171871617875 [environment.py::render -- Line 89]
2025/05/22 13:22:09 [INFO] Last reward: -0.013856634687013704. [environment.py::step -- Line 69]
2025/05/22 13:22:09 [INFO] episode 68 score 0.1650749206099634,
average score 0.1679526355030676,
epsilon 0.01,
net worth: 14688.925006613983 [philbot_runner.py::run_philbot -- Line 56]
2025/05/22 13:22:09 [INFO] Running trading game number 69 [philbot_runner.py::run_philbot -- Line 38]
2025/05/22 13:22:11 [INFO] Step: 500, Balance: 0.9284359598851338, Shares: 30.481794135911016, Net Worth: 14345.66075631961 [environment.py::render -- Line 89]
2025/05/22 13:22:11 [INFO] Last reward: 0.006221664983525088. [environment.py::step -- Line 69]
2025/05/22 13:22:13 [INFO] Step: 1000, Balance: 0.9284359598851338, Shares: 30.481794135911016, Net Worth: 14274.333358041578 [environment.py::render -- Line 89]
2025/05/22 13:22:13 [INFO] Last reward: -0.013856410478662203. [environment.py::step -- Line 69]
2025/05/22 13:22:13 [INFO] episode 69 score 0.1533780212375603,
average score 0.1677444267278461,
epsilon 0.01,
net worth: 14531.294882607308 [philbot_runner.py::run_philbot -- Line 56]
2025/05/22 13:22:13 [INFO] Running trading game number 70 [philbot_runner.py::run_philbot -- Line 38]
2025/05/22 13:22:15 [INFO] Step: 500, Balance: 0.8486961798703069, Shares: 30.76866759004849, Net Worth: 14480.58366405669 [environment.py::render -- Line 89]
2025/05/22 13:22:15 [INFO] Last reward: 0.006221703234934358. [environment.py::step -- Line 69]
2025/05/22 13:22:17 [INFO] Step: 1000, Balance: 0.8486961798703069, Shares: 30.76866759004849, Net Worth: 14408.584981895976 [environment.py::render -- Line 89]
2025/05/22 13:22:17 [INFO] Last reward: -0.013856494386538966. [environment.py::step -- Line 69]
2025/05/22 13:22:17 [INFO] episode 70 score 0.17020445183339974,
average score 0.16777907496876937,
epsilon 0.01,
net worth: 14667.964849680086 [philbot_runner.py::run_philbot -- Line 56]
2025/05/22 13:22:17 [INFO] Running trading game number 71 [philbot_runner.py::run_philbot -- Line 38]
2025/05/22 13:22:19 [INFO] Step: 500, Balance: 0.9624214679729278, Shares: 30.819804520697826, Net Worth: 14504.76242890837 [environment.py::render -- Line 89]
2025/05/22 13:22:19 [INFO] Last reward: 0.006221654758662834. [environment.py::step -- Line 69]
2025/05/22 13:22:21 [INFO] Step: 1000, Balance: 0.9624214679729278, Shares: 30.819804520697826, Net Worth: 14432.644086329938 [environment.py::render -- Line 89]
2025/05/22 13:22:21 [INFO] Last reward: -0.013856388049512405. [environment.py::step -- Line 69]
2025/05/22 13:22:21 [INFO] episode 71 score 0.16548353215656394,
average score 0.16774719242971095,
epsilon 0.01,
net worth: 14692.45503843942 [philbot_runner.py::run_philbot -- Line 56]
2025/05/22 13:22:21 [INFO] Running trading game number 72 [philbot_runner.py::run_philbot -- Line 38]
2025/05/22 13:22:23 [INFO] Step: 500, Balance: 0.7368539364167731, Shares: 30.697579900889586, Net Worth: 14447.017955295056 [environment.py::render -- Line 89]
2025/05/22 13:22:23 [INFO] Last reward: 0.006221750850511558. [environment.py::step -- Line 69]
2025/05/22 13:22:25 [INFO] Step: 1000, Balance: 0.7368539364167731, Shares: 30.697579900889586, Net Worth: 14375.185618326974 [environment.py::render -- Line 89]
2025/05/22 13:22:25 [INFO] Last reward: -0.013856598835531378. [environment.py::step -- Line 69]
2025/05/22 13:22:25 [INFO] episode 72 score 0.16035990252574384,
average score 0.16764599667760183,
epsilon 0.01,
net worth: 14633.966216891473 [philbot_runner.py::run_philbot -- Line 56]
2025/05/22 13:22:25 [INFO] Running trading game number 73 [philbot_runner.py::run_philbot -- Line 38]
2025/05/22 13:22:27 [INFO] Step: 500, Balance: 0.9356875383070133, Shares: 30.71617619226616, Net Worth: 14455.968203618764 [environment.py::render -- Line 89]
2025/05/22 13:22:27 [INFO] Last reward: 0.006221664934760077. [environment.py::step -- Line 69]
2025/05/22 13:22:29 [INFO] Step: 1000, Balance: 0.9356875383070133, Shares: 30.71617619226616, Net Worth: 14384.09235132886 [environment.py::render -- Line 89]
2025/05/22 13:22:29 [INFO] Last reward: -0.01385641037169143. [environment.py::step -- Line 69]
2025/05/22 13:22:29 [INFO] episode 73 score 0.16369300907775416,
average score 0.1675925779262525,
epsilon 0.01,
net worth: 14643.029716629664 [philbot_runner.py::run_philbot -- Line 56]
2025/05/22 13:22:29 [INFO] Running trading game number 74 [philbot_runner.py::run_philbot -- Line 38]
2025/05/22 13:22:31 [INFO] Step: 500, Balance: 0.989919224200726, Shares: 30.841534253728277, Net Worth: 14515.015939028728 [environment.py::render -- Line 89]
2025/05/22 13:22:31 [INFO] Last reward: 0.006221643191475622. [environment.py::step -- Line 69]
2025/05/22 13:22:33 [INFO] Step: 1000, Balance: 0.989919224200726, Shares: 30.841534253728277, Net Worth: 14442.846748875003 [environment.py::render -- Line 89]
2025/05/22 13:22:33 [INFO] Last reward: -0.013856362675851781. [environment.py::step -- Line 69]
2025/05/22 13:22:33 [INFO] episode 74 score 0.1673844249907165,
average score 0.1675898025537787,
epsilon 0.01,
net worth: 14702.840882633933 [philbot_runner.py::run_philbot -- Line 56]
2025/05/22 13:22:33 [INFO] Running trading game number 75 [philbot_runner.py::run_philbot -- Line 38]
2025/05/22 13:22:35 [INFO] Step: 500, Balance: 0.7484093296916292, Shares: 30.842151498131436, Net Worth: 14515.064904350345 [environment.py::render -- Line 89]
2025/05/22 13:22:35 [INFO] Last reward: 0.006221747363324293. [environment.py::step -- Line 69]
2025/05/22 13:22:37 [INFO] Step: 1000, Balance: 0.7484093296916292, Shares: 30.842151498131436, Net Worth: 14442.894269844717 [environment.py::render -- Line 89]
2025/05/22 13:22:37 [INFO] Last reward: -0.013856591186077568. [environment.py::step -- Line 69]
2025/05/22 13:22:37 [INFO] episode 75 score 0.16461400616703686,
average score 0.1675506473381637,
epsilon 0.01,
net worth: 14702.893606973967 [philbot_runner.py::run_philbot -- Line 56]
2025/05/22 13:22:37 [INFO] Running trading game number 76 [philbot_runner.py::run_philbot -- Line 38]
2025/05/22 13:22:39 [INFO] Step: 500, Balance: 0.8421187844763123, Shares: 30.853431210558536, Net Worth: 14520.466846473324 [environment.py::render -- Line 89]
2025/05/22 13:22:39 [INFO] Last reward: 0.006221707078773929. [environment.py::step -- Line 69]
2025/05/22 13:22:41 [INFO] Step: 1000, Balance: 0.8421187844763123, Shares: 30.853431210558536, Net Worth: 14448.269817440616 [environment.py::render -- Line 89]
2025/05/22 13:22:41 [INFO] Last reward: -0.013856502818342787. [environment.py::step -- Line 69]
2025/05/22 13:22:41 [INFO] episode 76 score 0.16493026285775772,
average score 0.1675166163708857,
epsilon 0.01,
net worth: 14708.364242545626 [philbot_runner.py::run_philbot -- Line 56]
2025/05/22 13:22:41 [INFO] Running trading game number 77 [philbot_runner.py::run_philbot -- Line 38]
2025/05/22 13:22:43 [INFO] Step: 500, Balance: 0.9901455431820251, Shares: 30.82832966594852, Net Worth: 14508.802086338557 [environment.py::render -- Line 89]
2025/05/22 13:22:43 [INFO] Last reward: 0.0062216429109464835. [environment.py::step -- Line 69]
2025/05/22 13:22:45 [INFO] Step: 1000, Balance: 0.9901455431820251, Shares: 30.82832966594852, Net Worth: 14436.663794920236 [environment.py::render -- Line 89]
2025/05/22 13:22:45 [INFO] Last reward: -0.013856362060485775. [environment.py::step -- Line 69]
2025/05/22 13:22:45 [INFO] episode 77 score 0.16392088690537612,
average score 0.16747051727517404,
epsilon 0.01,
net worth: 14696.546614004183 [philbot_runner.py::run_philbot -- Line 56]
2025/05/22 13:22:45 [INFO] Running trading game number 78 [philbot_runner.py::run_philbot -- Line 38]
2025/05/22 13:22:47 [INFO] Step: 500, Balance: 0.7736966332376118, Shares: 30.620393704366656, Net Worth: 14410.730973908187 [environment.py::render -- Line 89]
2025/05/22 13:22:47 [INFO] Last reward: 0.006221734040029442. [environment.py::step -- Line 69]
2025/05/22 13:22:49 [INFO] Step: 1000, Balance: 0.7736966332376118, Shares: 30.620393704366656, Net Worth: 14339.079252639967 [environment.py::render -- Line 89]
2025/05/22 13:22:49 [INFO] Last reward: -0.013856561960250379. [environment.py::step -- Line 69]
2025/05/22 13:22:49 [INFO] episode 78 score 0.15753777428661325,
average score 0.16734478635126818,
epsilon 0.01,
net worth: 14597.209171567778 [philbot_runner.py::run_philbot -- Line 56]
2025/05/22 13:22:49 [INFO] Running trading game number 79 [philbot_runner.py::run_philbot -- Line 38]
2025/05/22 13:22:51 [INFO] Step: 500, Balance: 0.9899192242007261, Shares: 30.554808639605668, Net Worth: 14380.082865022629 [environment.py::render -- Line 89]
2025/05/22 13:22:51 [INFO] Last reward: 0.0062216391849527. [environment.py::step -- Line 69]
2025/05/22 13:22:53 [INFO] Step: 1000, Balance: 0.9899192242007261, Shares: 30.554808639605668, Net Worth: 14308.584612805951 [environment.py::render -- Line 89]
2025/05/22 13:22:53 [INFO] Last reward: -0.013856353887184359. [environment.py::step -- Line 69]
2025/05/22 13:22:54 [INFO] episode 79 score 0.1600911538868682,
average score 0.1672541159454632,
epsilon 0.01,
net worth: 14566.161649637826 [philbot_runner.py::run_philbot -- Line 56]
2025/05/22 13:22:54 [INFO] Running trading game number 80 [philbot_runner.py::run_philbot -- Line 38]
2025/05/22 13:22:56 [INFO] Step: 500, Balance: 0.7370223986793285, Shares: 30.847272891384698, Net Worth: 14517.463645084319 [environment.py::render -- Line 89]
2025/05/22 13:22:56 [INFO] Last reward: 0.00622175232737421. [environment.py::step -- Line 69]
2025/05/22 13:22:58 [INFO] Step: 1000, Balance: 0.7370223986793285, Shares: 30.847272891384698, Net Worth: 14445.281026518478 [environment.py::render -- Line 89]
2025/05/22 13:22:58 [INFO] Last reward: -0.013856602075160165. [environment.py::step -- Line 69]
2025/05/22 13:22:58 [INFO] episode 80 score 0.17115252717807836,
average score 0.1673022444791992,
epsilon 0.01,
net worth: 14705.323536992852 [philbot_runner.py::run_philbot -- Line 56]
2025/05/22 13:22:58 [INFO] Running trading game number 81 [philbot_runner.py::run_philbot -- Line 38]
2025/05/22 13:23:00 [INFO] Step: 500, Balance: 0.6718914989885363, Shares: 30.837836831095046, Net Worth: 14512.957904212319 [environment.py::render -- Line 89]
2025/05/22 13:23:00 [INFO] Last reward: 0.006221780325673063. [environment.py::step -- Line 69]
2025/05/22 13:23:02 [INFO] Step: 1000, Balance: 0.6718914989885363, Shares: 30.837836831095046, Net Worth: 14440.797366027555 [environment.py::render -- Line 89]
2025/05/22 13:23:02 [INFO] Last reward: -0.013856663491900683. [environment.py::step -- Line 69]
2025/05/22 13:23:02 [INFO] episode 81 score 0.1643430404280891,
average score 0.16726615662491737,
epsilon 0.01,
net worth: 14700.760330513687 [philbot_runner.py::run_philbot -- Line 56]
2025/05/22 13:23:02 [INFO] Running trading game number 82 [philbot_runner.py::run_philbot -- Line 38]
2025/05/22 13:23:04 [INFO] Step: 500, Balance: 0.848696179870307, Shares: 30.875895303626358, Net Worth: 14531.045026066435 [environment.py::render -- Line 89]
2025/05/22 13:23:04 [INFO] Last reward: 0.006221704509190526. [environment.py::step -- Line 69]
2025/05/22 13:23:06 [INFO] Step: 1000, Balance: 0.848696179870307, Shares: 30.875895303626358, Net Worth: 14458.795431055947 [environment.py::render -- Line 89]
2025/05/22 13:23:06 [INFO] Last reward: -0.013856497181733145. [environment.py::step -- Line 69]
2025/05/22 13:23:06 [INFO] episode 82 score 0.16581023114687443,
average score 0.16724861535409757,
epsilon 0.01,
net worth: 14719.079228465518 [philbot_runner.py::run_philbot -- Line 56]
2025/05/22 13:23:06 [INFO] Running trading game number 83 [philbot_runner.py::run_philbot -- Line 38]
2025/05/22 13:23:08 [INFO] Step: 500, Balance: 0.9549627015961383, Shares: 30.6035573812346, Net Worth: 14402.989066310602 [environment.py::render -- Line 89]
2025/05/22 13:23:08 [INFO] Last reward: 0.0062216550655034356. [environment.py::step -- Line 69]
2025/05/22 13:23:10 [INFO] Step: 1000, Balance: 0.9549627015961383, Shares: 30.6035573812346, Net Worth: 14331.37674203851 [environment.py::render -- Line 89]
2025/05/22 13:23:10 [INFO] Last reward: -0.013856388722594697. [environment.py::step -- Line 69]
2025/05/22 13:23:10 [INFO] episode 83 score 0.15601742264370091,
average score 0.16711491067897383,
epsilon 0.01,
net worth: 14589.36473076232 [philbot_runner.py::run_philbot -- Line 56]
2025/05/22 13:23:10 [INFO] Running trading game number 84 [philbot_runner.py::run_philbot -- Line 38]
2025/05/22 13:23:12 [INFO] Step: 500, Balance: 0.8080973258781438, Shares: 30.6002294376517, Net Worth: 14401.276070684768 [environment.py::render -- Line 89]
2025/05/22 13:23:12 [INFO] Last reward: 0.006221718864062434. [environment.py::step -- Line 69]
2025/05/22 13:23:15 [INFO] Step: 1000, Balance: 0.8080973258781438, Shares: 30.6002294376517, Net Worth: 14329.671533800663 [environment.py::render -- Line 89]
2025/05/22 13:23:15 [INFO] Last reward: -0.013856528670420476. [environment.py::step -- Line 69]
2025/05/22 13:23:15 [INFO] episode 84 score 0.16197726962945103,
average score 0.16705446784309708,
epsilon 0.01,
net worth: 14587.631467960067 [philbot_runner.py::run_philbot -- Line 56]
2025/05/22 13:23:15 [INFO] Running trading game number 85 [philbot_runner.py::run_philbot -- Line 38]
2025/05/22 13:23:17 [INFO] Step: 500, Balance: 0.7580801814987377, Shares: 30.874829431519146, Net Worth: 14530.45281065441 [environment.py::render -- Line 89]
2025/05/22 13:23:17 [INFO] Last reward: 0.006221743538275726. [environment.py::step -- Line 69]
2025/05/22 13:23:19 [INFO] Step: 1000, Balance: 0.7580801814987377, Shares: 30.874829431519146, Net Worth: 14458.205709784654 [environment.py::render -- Line 89]
2025/05/22 13:23:19 [INFO] Last reward: -0.013856582795494718. [environment.py::step -- Line 69]
2025/05/22 13:23:20 [INFO] episode 85 score 0.1710391689096563,
average score 0.16710080157642918,
epsilon 0.01,
net worth: 14718.48052189236 [philbot_runner.py::run_philbot -- Line 56]
2025/05/22 13:23:20 [INFO] Running trading game number 86 [philbot_runner.py::run_philbot -- Line 38]
2025/05/22 13:23:22 [INFO] Step: 500, Balance: 0.727453868460263, Shares: 30.850101226328388, Net Worth: 14518.7850909786 [environment.py::render -- Line 89]
2025/05/22 13:23:22 [INFO] Last reward: 0.00622175648243847. [environment.py::step -- Line 69]
2025/05/22 13:23:24 [INFO] Step: 1000, Balance: 0.727453868460263, Shares: 30.850101226328388, Net Worth: 14446.59585410899 [environment.py::render -- Line 89]
2025/05/22 13:23:24 [INFO] Last reward: -0.013856611189660861. [environment.py::step -- Line 69]
2025/05/22 13:23:24 [INFO] episode 86 score 0.1641692802698694,
average score 0.16706710592922733,
epsilon 0.01,
net worth: 14706.662207446938 [philbot_runner.py::run_philbot -- Line 56]
2025/05/22 13:23:24 [INFO] Running trading game number 87 [philbot_runner.py::run_philbot -- Line 38]
2025/05/22 13:23:26 [INFO] Step: 500, Balance: 0.7163857715163071, Shares: 30.844484042705382, Net Worth: 14516.13057626867 [environment.py::render -- Line 89]
2025/05/22 13:23:26 [INFO] Last reward: 0.006221761198724473. [environment.py::step -- Line 69]
2025/05/22 13:23:28 [INFO] Step: 1000, Balance: 0.7163857715163071, Shares: 30.844484042705382, Net Worth: 14443.954483608739 [environment.py::render -- Line 89]
2025/05/22 13:23:28 [INFO] Last reward: -0.013856621535251164. [environment.py::step -- Line 69]
2025/05/22 13:23:28 [INFO] episode 87 score 0.1644353452412258,
average score 0.16703719955777274,
epsilon 0.01,
net worth: 14703.973484088745 [philbot_runner.py::run_philbot -- Line 56]
2025/05/22 13:23:28 [INFO] Running trading game number 88 [philbot_runner.py::run_philbot -- Line 38]
2025/05/22 13:23:30 [INFO] Step: 500, Balance: 0.7426091573865186, Shares: 30.49141240315143, Net Worth: 14350.00128608045 [environment.py::render -- Line 89]
2025/05/22 13:23:30 [INFO] Last reward: 0.006221746180690962. [environment.py::step -- Line 69]
2025/05/22 13:23:32 [INFO] Step: 1000, Balance: 0.7426091573865186, Shares: 30.49141240315143, Net Worth: 14278.651381057074 [environment.py::render -- Line 89]
2025/05/22 13:23:32 [INFO] Last reward: -0.013856588591866637. [environment.py::step -- Line 69]
2025/05/22 13:23:32 [INFO] episode 88 score 0.15305483213992518,
average score 0.16688009430588682,
epsilon 0.01,
net worth: 14535.693987615641 [philbot_runner.py::run_philbot -- Line 56]
2025/05/22 13:23:32 [INFO] Running trading game number 89 [philbot_runner.py::run_philbot -- Line 38]
2025/05/22 13:23:34 [INFO] Step: 500, Balance: 0.8531955542711573, Shares: 30.807104820357907, Net Worth: 14498.676724014704 [environment.py::render -- Line 89]
2025/05/22 13:23:34 [INFO] Last reward: 0.006221701749934694. [environment.py::step -- Line 69]
2025/05/22 13:23:37 [INFO] Step: 1000, Balance: 0.8531955542711573, Shares: 30.807104820357907, Net Worth: 14426.588098735065 [environment.py::render -- Line 89]
2025/05/22 13:23:37 [INFO] Last reward: -0.013856491129059866. [environment.py::step -- Line 69]
2025/05/22 13:23:37 [INFO] episode 89 score 0.17128744927489162,
average score 0.16692906491665355,
epsilon 0.01,
net worth: 14686.291992370681 [philbot_runner.py::run_philbot -- Line 56]
2025/05/22 13:23:37 [INFO] Running trading game number 90 [philbot_runner.py::run_philbot -- Line 38]
2025/05/22 13:23:39 [INFO] Step: 500, Balance: 0.7017656537302602, Shares: 30.787890954836882, Net Worth: 14489.483248999968 [environment.py::render -- Line 89]
2025/05/22 13:23:39 [INFO] Last reward: 0.006221766947719578. [environment.py::step -- Line 69]
2025/05/22 13:23:41 [INFO] Step: 1000, Balance: 0.7017656537302602, Shares: 30.787890954836882, Net Worth: 14417.439584165648 [environment.py::render -- Line 89]
2025/05/22 13:23:41 [INFO] Last reward: -0.013856634146179502. [environment.py::step -- Line 69]
2025/05/22 13:23:41 [INFO] episode 90 score 0.16359161456093893,
average score 0.16689238963801933,
epsilon 0.01,
net worth: 14676.981504914924 [philbot_runner.py::run_philbot -- Line 56]
2025/05/22 13:23:41 [INFO] Running trading game number 91 [philbot_runner.py::run_philbot -- Line 38]
2025/05/22 13:23:43 [INFO] Step: 500, Balance: 0.8842247237001277, Shares: 30.814291462860297, Net Worth: 14502.089787145756 [environment.py::render -- Line 89]
2025/05/22 13:23:43 [INFO] Last reward: 0.006221688440863959. [environment.py::step -- Line 69]
2025/05/22 13:23:45 [INFO] Step: 1000, Balance: 0.8842247237001277, Shares: 30.814291462860297, Net Worth: 14429.984345122662 [environment.py::render -- Line 89]
2025/05/22 13:23:45 [INFO] Last reward: -0.013856461934428448. [environment.py::step -- Line 69]
2025/05/22 13:23:45 [INFO] episode 91 score 0.1649203543659033,
average score 0.16687095447201808,
epsilon 0.01,
net worth: 14689.748822154575 [philbot_runner.py::run_philbot -- Line 56]
2025/05/22 13:23:45 [INFO] Running trading game number 92 [philbot_runner.py::run_philbot -- Line 38]
2025/05/22 13:23:47 [INFO] Step: 500, Balance: 0.9899192242007261, Shares: 30.776009046728465, Net Worth: 14484.179776614617 [environment.py::render -- Line 89]
2025/05/22 13:23:47 [INFO] Last reward: 0.006221642282448184. [environment.py::step -- Line 69]
2025/05/22 13:23:50 [INFO] Step: 1000, Balance: 0.9899192242007261, Shares: 30.776009046728465, Net Worth: 14412.163915445271 [environment.py::render -- Line 89]
2025/05/22 13:23:50 [INFO] Last reward: -0.013856360681818418. [environment.py::step -- Line 69]
2025/05/22 13:23:50 [INFO] episode 92 score 0.16302783597906,
average score 0.1668296306172551,
epsilon 0.01,
net worth: 14671.605671709192 [philbot_runner.py::run_philbot -- Line 56]
2025/05/22 13:23:50 [INFO] Running trading game number 93 [philbot_runner.py::run_philbot -- Line 38]
2025/05/22 13:23:52 [INFO] Step: 500, Balance: 0.8166883163424347, Shares: 30.643118238307345, Net Worth: 14421.46813126378 [environment.py::render -- Line 89]
2025/05/22 13:23:52 [INFO] Last reward: 0.006221715626346534. [environment.py::step -- Line 69]
2025/05/22 13:23:54 [INFO] Step: 1000, Balance: 0.8166883163424347, Shares: 30.643118238307345, Net Worth: 14349.76323458614 [environment.py::render -- Line 89]
2025/05/22 13:23:54 [INFO] Last reward: -0.013856521568203032. [environment.py::step -- Line 69]
2025/05/22 13:23:54 [INFO] episode 93 score 0.15940033991673344,
average score 0.16675059560980274,
epsilon 0.01,
net worth: 14608.084721335072 [philbot_runner.py::run_philbot -- Line 56]
2025/05/22 13:23:54 [INFO] Running trading game number 94 [philbot_runner.py::run_philbot -- Line 38]
2025/05/22 13:23:57 [INFO] Step: 500, Balance: 0.9284359598851342, Shares: 30.624579501726746, Net Worth: 14412.855549472493 [environment.py::render -- Line 89]
2025/05/22 13:23:57 [INFO] Last reward: 0.006221666872583541. [environment.py::step -- Line 69]
2025/05/22 13:23:59 [INFO] Step: 1000, Balance: 0.9284359598851342, Shares: 30.624579501726746, Net Worth: 14341.194033438453 [environment.py::render -- Line 89]
2025/05/22 13:23:59 [INFO] Last reward: -0.013856414622480396. [environment.py::step -- Line 69]
2025/05/22 13:23:59 [INFO] episode 94 score 0.16190773166747707,
average score 0.16669961809462036,
epsilon 0.01,
net worth: 14599.359238638008 [philbot_runner.py::run_philbot -- Line 56]
2025/05/22 13:23:59 [INFO] Running trading game number 95 [philbot_runner.py::run_philbot -- Line 38]
2025/05/22 13:24:01 [INFO] Step: 500, Balance: 0.848696179870307, Shares: 30.79712557348257, Net Worth: 14493.975991060768 [environment.py::render -- Line 89]
2025/05/22 13:24:01 [INFO] Last reward: 0.006221703573983832. [environment.py::step -- Line 69]
2025/05/22 13:24:03 [INFO] Step: 1000, Balance: 0.848696179870307, Shares: 30.79712557348257, Net Worth: 14421.910717218818 [environment.py::render -- Line 89]
2025/05/22 13:24:03 [INFO] Last reward: -0.013856495130274187. [environment.py::step -- Line 69]
2025/05/22 13:24:03 [INFO] episode 95 score 0.16781984678755021,
average score 0.16671128714350503,
epsilon 0.01,
net worth: 14681.530485803276 [philbot_runner.py::run_philbot -- Line 56]
2025/05/22 13:24:03 [INFO] Running trading game number 96 [philbot_runner.py::run_philbot -- Line 38]
2025/05/22 13:24:05 [INFO] Step: 500, Balance: 0.962421467972928, Shares: 30.81920221222152, Net Worth: 14504.478982539422 [environment.py::render -- Line 89]
2025/05/22 13:24:05 [INFO] Last reward: 0.00622165475054491. [environment.py::step -- Line 69]
2025/05/22 13:24:08 [INFO] Step: 1000, Balance: 0.962421467972928, Shares: 30.81920221222152, Net Worth: 14432.362049362822 [environment.py::render -- Line 89]
2025/05/22 13:24:08 [INFO] Last reward: -0.013856388031704836. [environment.py::step -- Line 69]
2025/05/22 13:24:08 [INFO] episode 96 score 0.16485787032914365,
average score 0.16669217975366624,
epsilon 0.01,
net worth: 14692.16792401185 [philbot_runner.py::run_philbot -- Line 56]
2025/05/22 13:24:08 [INFO] Running trading game number 97 [philbot_runner.py::run_philbot -- Line 38]
2025/05/22 13:24:10 [INFO] Step: 500, Balance: 0.9750806334527518, Shares: 30.760635024656345, Net Worth: 14476.929923236728 [environment.py::render -- Line 89]
2025/05/22 13:24:10 [INFO] Last reward: 0.00622164848535051. [environment.py::step -- Line 69]
2025/05/22 13:24:12 [INFO] Step: 1000, Balance: 0.9750806334527518, Shares: 30.760635024656345, Net Worth: 14404.950037279032 [environment.py::render -- Line 89]
2025/05/22 13:24:12 [INFO] Last reward: -0.013856374288440413. [environment.py::step -- Line 69]
2025/05/22 13:24:12 [INFO] episode 97 score 0.16242869993954603,
average score 0.1666486748576038,
epsilon 0.01,
net worth: 14664.262190536885 [philbot_runner.py::run_philbot -- Line 56]
2025/05/22 13:24:12 [INFO] Running trading game number 98 [philbot_runner.py::run_philbot -- Line 38]
2025/05/22 13:24:14 [INFO] Step: 500, Balance: 0.6631685427750956, Shares: 30.733804533727373, Net Worth: 14463.991582114877 [environment.py::render -- Line 89]
2025/05/22 13:24:14 [INFO] Last reward: 0.006221783120176921. [environment.py::step -- Line 69]
2025/05/22 13:24:16 [INFO] Step: 1000, Balance: 0.6631685427750956, Shares: 30.733804533727373, Net Worth: 14392.074479505955 [environment.py::render -- Line 89]
2025/05/22 13:24:16 [INFO] Last reward: -0.013856669621890987. [environment.py::step -- Line 69]
2025/05/22 13:24:16 [INFO] episode 98 score 0.1628312303917117,
average score 0.1666101148124938,
epsilon 0.01,
net worth: 14651.160451725276 [philbot_runner.py::run_philbot -- Line 56]
2025/05/22 13:24:16 [INFO] Running trading game number 99 [philbot_runner.py::run_philbot -- Line 38]
2025/05/22 13:24:19 [INFO] Step: 500, Balance: 0.9876805035131486, Shares: 30.761854695167287, Net Worth: 14477.516500049238 [environment.py::render -- Line 89]
2025/05/22 13:24:19 [INFO] Last reward: 0.006221643053641965. [environment.py::step -- Line 69]
2025/05/22 13:24:21 [INFO] Step: 1000, Balance: 0.9876805035131486, Shares: 30.761854695167287, Net Worth: 14405.533760062546 [environment.py::render -- Line 89]
2025/05/22 13:24:21 [INFO] Last reward: -0.013856362373501298. [environment.py::step -- Line 69]
2025/05/22 13:24:21 [INFO] episode 99 score 0.16433458366294754,
average score 0.16658735950099834,
epsilon 0.01,
net worth: 14664.856195142807 [philbot_runner.py::run_philbot -- Line 56]
2025/05/22 13:24:22 [INFO] Log available at logs/philbot_runner/scott-atkinson_20250522_jGl8.log [log_wu.py::run_with_logging -- Line 49]
