2025/05/22 11:17:23 [INFO] Namespace: conf: {'logging_path': 'logs/philbot_runner', 'pipeline_id': None, 'trade_file': 'data/scott-atkinson_20250521_osvC/SPY_2020-01-01_2023-12-31_Day_scott-atkinson_20250521_osvC.csv', 'cash_at_risk': 0.5, 'gamma': 0.99, 'epsilon': 1.0, 'batch_size': 64, 'n_actions': 4, 'eps_min': 0.01, 'input_dims': [6], 'lr': 0.003, 'n_games': 20, 'report_filepath': 'images/philbot/spy_day_trade.png'}, logging_path: logs/philbot_runner, pipeline_id: scott-atkinson_20250522_HsU7, trade_file: data/scott-atkinson_20250521_osvC/SPY_2020-01-01_2023-12-31_Day_scott-atkinson_20250521_osvC.csv, cash_at_risk: 0.5, gamma: 0.99, epsilon: 1.0, batch_size: 64, n_actions: 4, eps_min: 0.01, input_dims: [6], lr: 0.003, n_games: 20, report_filepath: images/philbot/spy_day_trade.png, logfile: logs/philbot_runner/scott-atkinson_20250522_HsU7.log [philbot_runner.py::<module> -- Line 37]
2025/05/22 11:17:23 [INFO] Running main() of /Users/scott.atkinson/src/reinfin/bin/agents/philbot_runner.py [philbot_runner.py::<module> -- Line 39]
2025/05/22 11:17:23 [INFO] Log will appear at logs/philbot_runner/scott-atkinson_20250522_HsU7.log [philbot_runner.py::<module> -- Line 40]
2025/05/22 11:17:23 [INFO] Loading trade_file from data/scott-atkinson_20250521_osvC/SPY_2020-01-01_2023-12-31_Day_scott-atkinson_20250521_osvC.csv. [philbot_runner.py::run_philbot -- Line 17]
2025/05/22 11:17:23 [INFO] Instantiating Environment for trade_file with cash at risk: 0.5. [philbot_runner.py::run_philbot -- Line 20]
2025/05/22 11:17:23 [INFO] Instantiating Agent according to config. [philbot_runner.py::run_philbot -- Line 24]
2025/05/22 11:17:24 [INFO] Running trading game number 0 [philbot_runner.py::run_philbot -- Line 38]
2025/05/22 11:17:27 [INFO] episode 0 score 12242098.16656733,
average score 12242098.16656733,
epsilon 0.5290000000000519 [philbot_runner.py::run_philbot -- Line 55]
2025/05/22 11:17:27 [INFO] Running trading game number 1 [philbot_runner.py::run_philbot -- Line 38]
2025/05/22 11:17:30 [INFO] episode 1 score 12243830.634638254,
average score 12242964.400602791,
epsilon 0.026500000000054647 [philbot_runner.py::run_philbot -- Line 55]
2025/05/22 11:17:30 [INFO] Running trading game number 2 [philbot_runner.py::run_philbot -- Line 38]
2025/05/22 11:17:32 [INFO] episode 2 score 12224744.818368075,
average score 12236891.206524553,
epsilon 0.01 [philbot_runner.py::run_philbot -- Line 55]
2025/05/22 11:17:32 [INFO] Running trading game number 3 [philbot_runner.py::run_philbot -- Line 38]
2025/05/22 11:17:35 [INFO] episode 3 score 12243750.948755266,
average score 12238606.142082231,
epsilon 0.01 [philbot_runner.py::run_philbot -- Line 55]
2025/05/22 11:17:35 [INFO] Running trading game number 4 [philbot_runner.py::run_philbot -- Line 38]
2025/05/22 11:17:38 [INFO] episode 4 score 12202250.68396316,
average score 12231335.050458416,
epsilon 0.01 [philbot_runner.py::run_philbot -- Line 55]
2025/05/22 11:17:38 [INFO] Running trading game number 5 [philbot_runner.py::run_philbot -- Line 38]
2025/05/22 11:17:41 [INFO] episode 5 score 12229574.565801755,
average score 12231041.636348972,
epsilon 0.01 [philbot_runner.py::run_philbot -- Line 55]
2025/05/22 11:17:41 [INFO] Running trading game number 6 [philbot_runner.py::run_philbot -- Line 38]
2025/05/22 11:17:43 [INFO] episode 6 score 12190895.97859801,
average score 12225306.54238455,
epsilon 0.01 [philbot_runner.py::run_philbot -- Line 55]
2025/05/22 11:17:43 [INFO] Running trading game number 7 [philbot_runner.py::run_philbot -- Line 38]
2025/05/22 11:17:46 [INFO] episode 7 score 12231972.74502106,
average score 12226139.817714114,
epsilon 0.01 [philbot_runner.py::run_philbot -- Line 55]
2025/05/22 11:17:46 [INFO] Running trading game number 8 [philbot_runner.py::run_philbot -- Line 38]
2025/05/22 11:17:49 [INFO] episode 8 score 12242676.941298606,
average score 12227977.275890168,
epsilon 0.01 [philbot_runner.py::run_philbot -- Line 55]
2025/05/22 11:17:49 [INFO] Running trading game number 9 [philbot_runner.py::run_philbot -- Line 38]
2025/05/22 11:17:52 [INFO] episode 9 score 12181991.279278807,
average score 12223378.676229034,
epsilon 0.01 [philbot_runner.py::run_philbot -- Line 55]
2025/05/22 11:17:52 [INFO] Running trading game number 10 [philbot_runner.py::run_philbot -- Line 38]
2025/05/22 11:17:55 [INFO] episode 10 score 12213413.307682224,
average score 12222472.733633868,
epsilon 0.01 [philbot_runner.py::run_philbot -- Line 55]
2025/05/22 11:17:55 [INFO] Running trading game number 11 [philbot_runner.py::run_philbot -- Line 38]
2025/05/22 11:17:57 [INFO] episode 11 score 12252883.723587513,
average score 12225006.98279667,
epsilon 0.01 [philbot_runner.py::run_philbot -- Line 55]
2025/05/22 11:17:57 [INFO] Running trading game number 12 [philbot_runner.py::run_philbot -- Line 38]
2025/05/22 11:18:00 [INFO] episode 12 score 12231036.805214545,
average score 12225470.815290354,
epsilon 0.01 [philbot_runner.py::run_philbot -- Line 55]
2025/05/22 11:18:00 [INFO] Running trading game number 13 [philbot_runner.py::run_philbot -- Line 38]
2025/05/22 11:18:03 [INFO] episode 13 score 12257403.35633466,
average score 12227751.711079234,
epsilon 0.01 [philbot_runner.py::run_philbot -- Line 55]
2025/05/22 11:18:03 [INFO] Running trading game number 14 [philbot_runner.py::run_philbot -- Line 38]
2025/05/22 11:18:06 [INFO] episode 14 score 12227008.702187596,
average score 12227702.177153124,
epsilon 0.01 [philbot_runner.py::run_philbot -- Line 55]
2025/05/22 11:18:06 [INFO] Running trading game number 15 [philbot_runner.py::run_philbot -- Line 38]
2025/05/22 11:18:11 [INFO] episode 15 score 12245410.468504174,
average score 12228808.945362564,
epsilon 0.01 [philbot_runner.py::run_philbot -- Line 55]
2025/05/22 11:18:11 [INFO] Running trading game number 16 [philbot_runner.py::run_philbot -- Line 38]
2025/05/22 11:18:15 [INFO] episode 16 score 12231890.173959112,
average score 12228990.194103537,
epsilon 0.01 [philbot_runner.py::run_philbot -- Line 55]
2025/05/22 11:18:15 [INFO] Running trading game number 17 [philbot_runner.py::run_philbot -- Line 38]
2025/05/22 11:18:19 [INFO] episode 17 score 12244056.612457585,
average score 12229827.217345428,
epsilon 0.01 [philbot_runner.py::run_philbot -- Line 55]
2025/05/22 11:18:19 [INFO] Running trading game number 18 [philbot_runner.py::run_philbot -- Line 38]
2025/05/22 11:18:22 [INFO] episode 18 score 12240690.567771,
average score 12230398.972630983,
epsilon 0.01 [philbot_runner.py::run_philbot -- Line 55]
2025/05/22 11:18:22 [INFO] Running trading game number 19 [philbot_runner.py::run_philbot -- Line 38]
2025/05/22 11:18:27 [INFO] episode 19 score 12220522.46154149,
average score 12229905.14707651,
epsilon 0.01 [philbot_runner.py::run_philbot -- Line 55]
2025/05/22 11:18:27 [INFO] Log available at logs/philbot_runner/scott-atkinson_20250522_HsU7.log [log_wu.py::run_with_logging -- Line 49]
