2025/05/22 12:00:58 [INFO] Namespace: conf: {'logging_path': 'logs/philbot_runner', 'pipeline_id': None, 'trade_file': 'data/scott-atkinson_20250521_osvC/SPY_2020-01-01_2023-12-31_Day_scott-atkinson_20250521_osvC.csv', 'cash_at_risk': 0.5, 'gamma': 0.99, 'epsilon': 1.0, 'batch_size': 64, 'n_actions': 4, 'eps_min': 0.01, 'input_dims': [6], 'lr': 0.003, 'n_games': 100}, logging_path: logs/philbot_runner, pipeline_id: scott-atkinson_20250522_vffY, trade_file: data/scott-atkinson_20250521_osvC/SPY_2020-01-01_2023-12-31_Day_scott-atkinson_20250521_osvC.csv, cash_at_risk: 0.5, gamma: 0.99, epsilon: 1.0, batch_size: 64, n_actions: 4, eps_min: 0.01, input_dims: [6], lr: 0.003, n_games: 100, logfile: logs/philbot_runner/scott-atkinson_20250522_vffY.log, save_directory: images/philbot/scott-atkinson_20250522_vffY, scores_plot_filename: scores_plot_scott-atkinson_20250522_vffY.png, scores_plot_path: images/philbot/scott-atkinson_20250522_vffY/scores_plot_scott-atkinson_20250522_vffY.png, net_worths_plot_filename: net_worths_plot_scott-atkinson_20250522_vffY.png, net_worths_plot_path: images/philbot/scott-atkinson_20250522_vffY/net_worths_plot_scott-atkinson_20250522_vffY.png [philbot_runner.py::<module> -- Line 37]
2025/05/22 12:00:58 [INFO] Running main() of /Users/scott.atkinson/src/reinfin/bin/agents/philbot_runner.py [philbot_runner.py::<module> -- Line 39]
2025/05/22 12:00:58 [INFO] Log will appear at logs/philbot_runner/scott-atkinson_20250522_vffY.log [philbot_runner.py::<module> -- Line 40]
2025/05/22 12:00:58 [INFO] Loading trade_file from data/scott-atkinson_20250521_osvC/SPY_2020-01-01_2023-12-31_Day_scott-atkinson_20250521_osvC.csv. [philbot_runner.py::run_philbot -- Line 17]
2025/05/22 12:00:58 [INFO] Instantiating Environment for trade_file with cash at risk: 0.5. [philbot_runner.py::run_philbot -- Line 20]
2025/05/22 12:00:58 [INFO] Instantiating Agent according to config. [philbot_runner.py::run_philbot -- Line 24]
2025/05/22 12:01:00 [INFO] Running trading game number 0 [philbot_runner.py::run_philbot -- Line 38]
2025/05/22 12:01:01 [INFO] Step: 500, Balance: 3.6831186873188305e-47, Shares: 30.830094679522425, Net Worth: 14508.642556183253 [environment.py::render -- Line 86]
2025/05/22 12:01:01 [INFO] Last reward: 0.006222070174688336. [environment.py::step -- Line 69]
2025/05/22 12:01:03 [INFO] Step: 1000, Balance: 6.226146121535398e-98, Shares: 30.830094679522425, Net Worth: 14436.50013463317 [environment.py::render -- Line 86]
2025/05/22 12:01:03 [INFO] Last reward: -0.013857299300817121. [environment.py::step -- Line 69]
2025/05/22 12:01:03 [INFO] episode 0 score 0.4840381681027706,
average score 0.4840381681027706,
epsilon 0.5290000000000519,
net worth: 14696.397832781544 [philbot_runner.py::run_philbot -- Line 56]
2025/05/22 12:01:03 [INFO] Running trading game number 1 [philbot_runner.py::run_philbot -- Line 38]
2025/05/22 12:01:04 [INFO] Step: 500, Balance: 6.831086058094862e-47, Shares: 30.790576691067812, Net Worth: 14490.045390816513 [environment.py::render -- Line 86]
2025/05/22 12:01:04 [INFO] Last reward: 0.006222070174688425. [environment.py::step -- Line 69]
2025/05/22 12:01:05 [INFO] Step: 1000, Balance: 9.305079882808806e-94, Shares: 30.790576691067812, Net Worth: 14417.995441359413 [environment.py::render -- Line 86]
2025/05/22 12:01:05 [INFO] Last reward: -0.013857299300817125. [environment.py::step -- Line 69]
2025/05/22 12:01:05 [INFO] episode 1 score 0.1631688225328076,
average score 0.3236034953177891,
epsilon 0.026500000000054647,
net worth: 14677.560002865115 [philbot_runner.py::run_philbot -- Line 56]
2025/05/22 12:01:05 [INFO] Running trading game number 2 [philbot_runner.py::run_philbot -- Line 38]
2025/05/22 12:01:06 [INFO] Step: 500, Balance: 1.899539684877838e-46, Shares: 30.73330964770896, Net Worth: 14463.095520211837 [environment.py::render -- Line 86]
2025/05/22 12:01:06 [INFO] Last reward: 0.0062220701746883425. [environment.py::step -- Line 69]
2025/05/22 12:01:08 [INFO] Step: 1000, Balance: 6.103220759890347e-97, Shares: 30.73330964770896, Net Worth: 14391.179575636197 [environment.py::render -- Line 86]
2025/05/22 12:01:08 [INFO] Last reward: -0.01385729930081713. [environment.py::step -- Line 69]
2025/05/22 12:01:08 [INFO] episode 2 score 0.1618602199165007,
average score 0.26968907018402627,
epsilon 0.01,
net worth: 14650.261375966384 [philbot_runner.py::run_philbot -- Line 56]
2025/05/22 12:01:08 [INFO] Running trading game number 3 [philbot_runner.py::run_philbot -- Line 38]
2025/05/22 12:01:09 [INFO] Step: 500, Balance: 7.634953751590988e-49, Shares: 30.77004390980912, Net Worth: 14480.382663956174 [environment.py::render -- Line 86]
2025/05/22 12:01:09 [INFO] Last reward: 0.006222070174688458. [environment.py::step -- Line 69]
2025/05/22 12:01:11 [INFO] Step: 1000, Balance: 5.221465351746802e-96, Shares: 30.77004390980912, Net Worth: 14408.38076120722 [environment.py::render -- Line 86]
2025/05/22 12:01:11 [INFO] Last reward: -0.013857299300817055. [environment.py::step -- Line 69]
2025/05/22 12:01:11 [INFO] episode 3 score 0.16463468160488923,
average score 0.24342547303924203,
epsilon 0.01,
net worth: 14667.772231366911 [philbot_runner.py::run_philbot -- Line 56]
2025/05/22 12:01:11 [INFO] Running trading game number 4 [philbot_runner.py::run_philbot -- Line 38]
2025/05/22 12:01:12 [INFO] Step: 500, Balance: 8.216606940089405e-46, Shares: 30.844406653429875, Net Worth: 14515.3777711041 [environment.py::render -- Line 86]
2025/05/22 12:01:12 [INFO] Last reward: 0.006222070174688493. [environment.py::step -- Line 69]
2025/05/22 12:01:13 [INFO] Step: 1000, Balance: 8.385947924323102e-98, Shares: 30.844406653429875, Net Worth: 14443.201859535073 [environment.py::render -- Line 86]
2025/05/22 12:01:13 [INFO] Last reward: -0.013857299300817118. [environment.py::step -- Line 69]
2025/05/22 12:01:13 [INFO] episode 4 score 0.1662812743174591,
average score 0.22799663329488543,
epsilon 0.01,
net worth: 14703.220207623486 [philbot_runner.py::run_philbot -- Line 56]
2025/05/22 12:01:13 [INFO] Running trading game number 5 [philbot_runner.py::run_philbot -- Line 38]
2025/05/22 12:01:14 [INFO] Step: 500, Balance: 1.8683648401423706e-49, Shares: 30.737680362292235, Net Worth: 14465.152378494726 [environment.py::render -- Line 86]
2025/05/22 12:01:14 [INFO] Last reward: 0.0062220701746884405. [environment.py::step -- Line 69]
2025/05/22 12:01:16 [INFO] Step: 1000, Balance: 9.698060113857456e-102, Shares: 30.737680362292235, Net Worth: 14393.226206446961 [environment.py::render -- Line 86]
2025/05/22 12:01:16 [INFO] Last reward: -0.013857299300817038. [environment.py::step -- Line 69]
2025/05/22 12:01:16 [INFO] episode 5 score 0.16112714880081838,
average score 0.2168517192125409,
epsilon 0.01,
net worth: 14652.344851901085 [philbot_runner.py::run_philbot -- Line 56]
2025/05/22 12:01:16 [INFO] Running trading game number 6 [philbot_runner.py::run_philbot -- Line 38]
2025/05/22 12:01:17 [INFO] Step: 500, Balance: 5.308893871622491e-46, Shares: 30.698795354263215, Net Worth: 14446.85309371627 [environment.py::render -- Line 86]
2025/05/22 12:01:17 [INFO] Last reward: 0.0062220701746885385. [environment.py::step -- Line 69]
2025/05/22 12:01:19 [INFO] Step: 1000, Balance: 5.4912751989482044e-96, Shares: 30.698795354263215, Net Worth: 14375.017912587293 [environment.py::render -- Line 86]
2025/05/22 12:01:19 [INFO] Last reward: -0.013857299300817123. [environment.py::step -- Line 69]
2025/05/22 12:01:19 [INFO] episode 6 score 0.16221298046271007,
average score 0.20904618510542222,
epsilon 0.01,
net worth: 14633.808757423732 [philbot_runner.py::run_philbot -- Line 56]
2025/05/22 12:01:19 [INFO] Running trading game number 7 [philbot_runner.py::run_philbot -- Line 38]
2025/05/22 12:01:20 [INFO] Step: 500, Balance: 7.57460840631984e-49, Shares: 30.786226553583184, Net Worth: 14487.998216116246 [environment.py::render -- Line 86]
2025/05/22 12:01:20 [INFO] Last reward: 0.0062220701746883685. [environment.py::step -- Line 69]
2025/05/22 12:01:21 [INFO] Step: 1000, Balance: 2.22706059687738e-96, Shares: 30.786226553583184, Net Worth: 14415.958445980861 [environment.py::render -- Line 86]
2025/05/22 12:01:21 [INFO] Last reward: -0.01385729930081711. [environment.py::step -- Line 69]
2025/05/22 12:01:21 [INFO] episode 7 score 0.16596568984445742,
average score 0.20366112319780164,
epsilon 0.01,
net worth: 14675.486335827567 [philbot_runner.py::run_philbot -- Line 56]
2025/05/22 12:01:21 [INFO] Running trading game number 8 [philbot_runner.py::run_philbot -- Line 38]
2025/05/22 12:01:23 [INFO] Step: 500, Balance: 2.7092385767882107e-46, Shares: 30.84839346617341, Net Worth: 14517.253965181208 [environment.py::render -- Line 86]
2025/05/22 12:01:23 [INFO] Last reward: 0.006222070174688455. [environment.py::step -- Line 69]
2025/05/22 12:01:24 [INFO] Step: 1000, Balance: 2.7711556287262717e-94, Shares: 30.84839346617341, Net Worth: 14445.06872447036 [environment.py::render -- Line 86]
2025/05/22 12:01:24 [INFO] Last reward: -0.013857299300817126. [environment.py::step -- Line 69]
2025/05/22 12:01:24 [INFO] episode 8 score 0.16605905292893744,
average score 0.19948311539015007,
epsilon 0.01,
net worth: 14705.120681390203 [philbot_runner.py::run_philbot -- Line 56]
2025/05/22 12:01:24 [INFO] Running trading game number 9 [philbot_runner.py::run_philbot -- Line 38]
2025/05/22 12:01:25 [INFO] Step: 500, Balance: 5.865495586361283e-42, Shares: 30.548607522986536, Net Worth: 14376.174700317464 [environment.py::render -- Line 86]
2025/05/22 12:01:25 [INFO] Last reward: 0.006222070174688411. [environment.py::step -- Line 69]
2025/05/22 12:01:27 [INFO] Step: 1000, Balance: 4.8482511666336496e-92, Shares: 30.548607522986536, Net Worth: 14304.690958713676 [environment.py::render -- Line 86]
2025/05/22 12:01:27 [INFO] Last reward: -0.013857299300816982. [environment.py::step -- Line 69]
2025/05/22 12:01:27 [INFO] episode 9 score 0.15483140690188538,
average score 0.1950179445413236,
epsilon 0.01,
net worth: 14562.215720132452 [philbot_runner.py::run_philbot -- Line 56]
2025/05/22 12:01:27 [INFO] Running trading game number 10 [philbot_runner.py::run_philbot -- Line 38]
2025/05/22 12:01:28 [INFO] Step: 500, Balance: 1.1458045275285614e-48, Shares: 30.842032001074415, Net Worth: 14514.260259705621 [environment.py::render -- Line 86]
2025/05/22 12:01:28 [INFO] Last reward: 0.006222070174688453. [environment.py::step -- Line 69]
2025/05/22 12:01:30 [INFO] Step: 1000, Balance: 9.506084432182388e-96, Shares: 30.842032001074415, Net Worth: 14442.089904823106 [environment.py::render -- Line 86]
2025/05/22 12:01:30 [INFO] Last reward: -0.013857299300817059. [environment.py::step -- Line 69]
2025/05/22 12:01:30 [INFO] episode 10 score 0.1711414225604511,
average score 0.19284735163397154,
epsilon 0.01,
net worth: 14702.088234592164 [philbot_runner.py::run_philbot -- Line 56]
2025/05/22 12:01:30 [INFO] Running trading game number 11 [philbot_runner.py::run_philbot -- Line 38]
2025/05/22 12:01:31 [INFO] Step: 500, Balance: 8.952870289559956e-42, Shares: 30.62953587499735, Net Worth: 14414.259582773755 [environment.py::render -- Line 86]
2025/05/22 12:01:31 [INFO] Last reward: 0.006222070174688462. [environment.py::step -- Line 69]
2025/05/22 12:01:33 [INFO] Step: 1000, Balance: 3.199310035712249e-91, Shares: 30.62953587499735, Net Worth: 14342.586468826259 [environment.py::render -- Line 86]
2025/05/22 12:01:33 [INFO] Last reward: -0.013857299300817083. [environment.py::step -- Line 69]
2025/05/22 12:01:33 [INFO] episode 11 score 0.15764305340625598,
average score 0.18991366011499525,
epsilon 0.01,
net worth: 14600.793456252488 [philbot_runner.py::run_philbot -- Line 56]
2025/05/22 12:01:33 [INFO] Running trading game number 12 [philbot_runner.py::run_philbot -- Line 38]
2025/05/22 12:01:34 [INFO] Step: 500, Balance: 1.4164090831525498e-43, Shares: 30.71858794029629, Net Worth: 14456.167484703434 [environment.py::render -- Line 86]
2025/05/22 12:01:34 [INFO] Last reward: 0.006222070174688442. [environment.py::step -- Line 69]
2025/05/22 12:01:36 [INFO] Step: 1000, Balance: 1.245974206800466e-85, Shares: 30.71858794029629, Net Worth: 14384.28598892314 [environment.py::render -- Line 86]
2025/05/22 12:01:36 [INFO] Last reward: -0.013857299300817045. [environment.py::step -- Line 69]
2025/05/22 12:01:36 [INFO] episode 12 score 0.16518974697681812,
average score 0.1880118206428278,
epsilon 0.01,
net worth: 14643.243685259838 [philbot_runner.py::run_philbot -- Line 56]
2025/05/22 12:01:36 [INFO] Running trading game number 13 [philbot_runner.py::run_philbot -- Line 38]
2025/05/22 12:01:37 [INFO] Step: 500, Balance: 1.7661632550405583e-45, Shares: 30.70646085714946, Net Worth: 14450.460479374537 [environment.py::render -- Line 86]
2025/05/22 12:01:37 [INFO] Last reward: 0.006222070174688509. [environment.py::step -- Line 69]
2025/05/22 12:01:38 [INFO] Step: 1000, Balance: 1.0669880603473012e-94, Shares: 30.70646085714946, Net Worth: 14378.607360968805 [environment.py::render -- Line 86]
2025/05/22 12:01:38 [INFO] Last reward: -0.013857299300817146. [environment.py::step -- Line 69]
2025/05/22 12:01:38 [INFO] episode 13 score 0.16286638587433244,
average score 0.18621571815936383,
epsilon 0.01,
net worth: 14637.462825994575 [philbot_runner.py::run_philbot -- Line 56]
2025/05/22 12:01:38 [INFO] Running trading game number 14 [philbot_runner.py::run_philbot -- Line 38]
2025/05/22 12:01:40 [INFO] Step: 500, Balance: 2.2515800572003674e-47, Shares: 30.73218220302278, Net Worth: 14462.564944742522 [environment.py::render -- Line 86]
2025/05/22 12:01:40 [INFO] Last reward: 0.006222070174688444. [environment.py::step -- Line 69]
2025/05/22 12:01:41 [INFO] Step: 1000, Balance: 2.796219185513458e-92, Shares: 30.73218220302278, Net Worth: 14390.651638387448 [environment.py::render -- Line 86]
2025/05/22 12:01:41 [INFO] Last reward: -0.01385729930081708. [environment.py::step -- Line 69]
2025/05/22 12:01:41 [INFO] episode 14 score 0.1640215163957913,
average score 0.184736104708459,
epsilon 0.01,
net worth: 14649.72393435893 [philbot_runner.py::run_philbot -- Line 56]
2025/05/22 12:01:41 [INFO] Running trading game number 15 [philbot_runner.py::run_philbot -- Line 38]
2025/05/22 12:01:43 [INFO] Step: 500, Balance: 1.4575441438448525e-43, Shares: 30.683897355226655, Net Worth: 14439.842095369664 [environment.py::render -- Line 86]
2025/05/22 12:01:43 [INFO] Last reward: 0.006222070174688441. [environment.py::step -- Line 69]
2025/05/22 12:01:44 [INFO] Step: 1000, Balance: 6.826706995882469e-93, Shares: 30.683897355226655, Net Worth: 14368.041775558433 [environment.py::render -- Line 86]
2025/05/22 12:01:44 [INFO] Last reward: -0.01385729930081707. [environment.py::step -- Line 69]
2025/05/22 12:01:44 [INFO] episode 15 score 0.16184837063152038,
average score 0.1833056213286503,
epsilon 0.01,
net worth: 14626.707030262995 [philbot_runner.py::run_philbot -- Line 56]
2025/05/22 12:01:44 [INFO] Running trading game number 16 [philbot_runner.py::run_philbot -- Line 38]
2025/05/22 12:01:46 [INFO] Step: 500, Balance: 1.367219303070197e-45, Shares: 30.52146424150212, Net Worth: 14363.401072050898 [environment.py::render -- Line 86]
2025/05/22 12:01:46 [INFO] Last reward: 0.006222070174688386. [environment.py::step -- Line 69]
2025/05/22 12:01:47 [INFO] Step: 1000, Balance: 3.636215361086148e-93, Shares: 30.52146424150212, Net Worth: 14291.980845725782 [environment.py::render -- Line 86]
2025/05/22 12:01:47 [INFO] Last reward: -0.013857299300817067. [environment.py::step -- Line 69]
2025/05/22 12:01:47 [INFO] episode 16 score 0.1575895078766123,
average score 0.1817929087726481,
epsilon 0.01,
net worth: 14549.276789281645 [philbot_runner.py::run_philbot -- Line 56]
2025/05/22 12:01:47 [INFO] Running trading game number 17 [philbot_runner.py::run_philbot -- Line 38]
2025/05/22 12:01:49 [INFO] Step: 500, Balance: 6.7313136243877455e-43, Shares: 30.815426823166046, Net Worth: 14501.739862981942 [environment.py::render -- Line 86]
2025/05/22 12:01:49 [INFO] Last reward: 0.006222070174688432. [environment.py::step -- Line 69]
2025/05/22 12:01:50 [INFO] Step: 1000, Balance: 6.437165029464822e-88, Shares: 30.815426823166046, Net Worth: 14429.631764215732 [environment.py::render -- Line 86]
2025/05/22 12:01:50 [INFO] Last reward: -0.01385729930081706. [environment.py::step -- Line 69]
2025/05/22 12:01:50 [INFO] episode 17 score 0.17088222922257584,
average score 0.18118675990875519,
epsilon 0.01,
net worth: 14689.405812335022 [philbot_runner.py::run_philbot -- Line 56]
2025/05/22 12:01:50 [INFO] Running trading game number 18 [philbot_runner.py::run_philbot -- Line 38]
2025/05/22 12:01:52 [INFO] Step: 500, Balance: 3.2327478772798055e-45, Shares: 30.80552436288055, Net Worth: 14497.079765171587 [environment.py::render -- Line 86]
2025/05/22 12:01:52 [INFO] Last reward: 0.006222070174688432. [environment.py::step -- Line 69]
2025/05/22 12:01:53 [INFO] Step: 1000, Balance: 1.5086507689902588e-93, Shares: 30.80552436288055, Net Worth: 14424.994838162447 [environment.py::render -- Line 86]
2025/05/22 12:01:53 [INFO] Last reward: -0.013857299300816991. [environment.py::step -- Line 69]
2025/05/22 12:01:53 [INFO] episode 18 score 0.16398404323524704,
average score 0.18028135376804422,
epsilon 0.01,
net worth: 14684.685408541529 [philbot_runner.py::run_philbot -- Line 56]
2025/05/22 12:01:53 [INFO] Running trading game number 19 [philbot_runner.py::run_philbot -- Line 38]
2025/05/22 12:01:54 [INFO] Step: 500, Balance: 1.1798184569163173e-42, Shares: 30.64781559514021, Net Worth: 14422.862019072983 [environment.py::render -- Line 86]
2025/05/22 12:01:54 [INFO] Last reward: 0.006222070174688447. [environment.py::step -- Line 69]
2025/05/22 12:01:56 [INFO] Step: 1000, Balance: 9.475553475983271e-90, Shares: 30.64781559514021, Net Worth: 14351.146130580353 [environment.py::render -- Line 86]
2025/05/22 12:01:56 [INFO] Last reward: -0.013857299300817076. [environment.py::step -- Line 69]
2025/05/22 12:01:56 [INFO] episode 19 score 0.1590451525017944,
average score 0.17921954370473175,
epsilon 0.01,
net worth: 14609.507216047386 [philbot_runner.py::run_philbot -- Line 56]
2025/05/22 12:01:56 [INFO] Running trading game number 20 [philbot_runner.py::run_philbot -- Line 38]
2025/05/22 12:01:57 [INFO] Step: 500, Balance: 1.342460836488852e-43, Shares: 30.61139552848098, Net Worth: 14405.72273570315 [environment.py::render -- Line 86]
2025/05/22 12:01:57 [INFO] Last reward: 0.006222070174688368. [environment.py::step -- Line 69]
2025/05/22 12:01:59 [INFO] Step: 1000, Balance: 1.0668376964540253e-90, Shares: 30.61139552848098, Net Worth: 14334.092070166504 [environment.py::render -- Line 86]
2025/05/22 12:01:59 [INFO] Last reward: -0.013857299300817038. [environment.py::step -- Line 69]
2025/05/22 12:01:59 [INFO] episode 20 score 0.16131725693740506,
average score 0.17836705385866858,
epsilon 0.01,
net worth: 14592.146134471599 [philbot_runner.py::run_philbot -- Line 56]
2025/05/22 12:01:59 [INFO] Running trading game number 21 [philbot_runner.py::run_philbot -- Line 38]
2025/05/22 12:02:01 [INFO] Step: 500, Balance: 5.629026057620498e-41, Shares: 30.671922676949833, Net Worth: 14434.206811772592 [environment.py::render -- Line 86]
2025/05/22 12:02:01 [INFO] Last reward: 0.006222070174688463. [environment.py::step -- Line 69]
2025/05/22 12:02:02 [INFO] Step: 1000, Balance: 2.3994825267841837e-91, Shares: 30.671922676949833, Net Worth: 14362.434512708529 [environment.py::render -- Line 86]
2025/05/22 12:02:02 [INFO] Last reward: -0.013857299300817062. [environment.py::step -- Line 69]
2025/05/22 12:02:02 [INFO] episode 21 score 0.1641234913990733,
average score 0.17771961920141424,
epsilon 0.01,
net worth: 14620.998820875217 [philbot_runner.py::run_philbot -- Line 56]
2025/05/22 12:02:02 [INFO] Running trading game number 22 [philbot_runner.py::run_philbot -- Line 38]
2025/05/22 12:02:04 [INFO] Step: 500, Balance: 1.1325640259461311e-45, Shares: 30.85644885398762, Net Worth: 14521.044830686575 [environment.py::render -- Line 86]
2025/05/22 12:02:04 [INFO] Last reward: 0.006222070174688405. [environment.py::step -- Line 69]
2025/05/22 12:02:05 [INFO] Step: 1000, Balance: 1.355824914072688e-93, Shares: 30.85644885398762, Net Worth: 14448.840740368241 [environment.py::render -- Line 86]
2025/05/22 12:02:05 [INFO] Last reward: -0.013857299300817173. [environment.py::step -- Line 69]
2025/05/22 12:02:05 [INFO] episode 22 score 0.16884496656026293,
average score 0.17733376473875548,
epsilon 0.01,
net worth: 14708.960604207357 [philbot_runner.py::run_philbot -- Line 56]
2025/05/22 12:02:05 [INFO] Running trading game number 23 [philbot_runner.py::run_philbot -- Line 38]
2025/05/22 12:02:07 [INFO] Step: 500, Balance: 1.576423608065414e-40, Shares: 30.81140722942547, Net Worth: 14499.848242167627 [environment.py::render -- Line 86]
2025/05/22 12:02:07 [INFO] Last reward: 0.006222070174688494. [environment.py::step -- Line 69]
2025/05/22 12:02:08 [INFO] Step: 1000, Balance: 4.998251462833684e-86, Shares: 30.81140722942547, Net Worth: 14427.74954925077 [environment.py::render -- Line 86]
2025/05/22 12:02:08 [INFO] Last reward: -0.013857299300817126. [environment.py::step -- Line 69]
2025/05/22 12:02:08 [INFO] episode 23 score 0.16326730542784515,
average score 0.17674766226746752,
epsilon 0.01,
net worth: 14687.489712194827 [philbot_runner.py::run_philbot -- Line 56]
2025/05/22 12:02:08 [INFO] Running trading game number 24 [philbot_runner.py::run_philbot -- Line 38]
2025/05/22 12:02:10 [INFO] Step: 500, Balance: 3.525025525228297e-43, Shares: 30.51759122646178, Net Worth: 14361.578431172913 [environment.py::render -- Line 86]
2025/05/22 12:02:10 [INFO] Last reward: 0.006222070174688372. [environment.py::step -- Line 69]
2025/05/22 12:02:11 [INFO] Step: 1000, Balance: 2.5105002292238436e-93, Shares: 30.51759122646178, Net Worth: 14290.167267702993 [environment.py::render -- Line 86]
2025/05/22 12:02:11 [INFO] Last reward: -0.013857299300817059. [environment.py::step -- Line 69]
2025/05/22 12:02:11 [INFO] episode 24 score 0.154626391672499,
average score 0.17586281144366878,
epsilon 0.01,
net worth: 14547.430561742065 [philbot_runner.py::run_philbot -- Line 56]
2025/05/22 12:02:11 [INFO] Running trading game number 25 [philbot_runner.py::run_philbot -- Line 38]
2025/05/22 12:02:13 [INFO] Step: 500, Balance: 2.0142463977162084e-39, Shares: 30.701778784646756, Net Worth: 14448.257096054764 [environment.py::render -- Line 86]
2025/05/22 12:02:13 [INFO] Last reward: 0.006222070174688391. [environment.py::step -- Line 69]
2025/05/22 12:02:14 [INFO] Step: 1000, Balance: 6.151142015612177e-84, Shares: 30.701778784646756, Net Worth: 14376.41493369869 [environment.py::render -- Line 86]
2025/05/22 12:02:14 [INFO] Last reward: -0.013857299300817083. [environment.py::step -- Line 69]
2025/05/22 12:02:14 [INFO] episode 25 score 0.16715726433328826,
average score 0.17552798270865416,
epsilon 0.01,
net worth: 14635.230928853262 [philbot_runner.py::run_philbot -- Line 56]
2025/05/22 12:02:14 [INFO] Running trading game number 26 [philbot_runner.py::run_philbot -- Line 38]
2025/05/22 12:02:16 [INFO] Step: 500, Balance: 2.818598800762665e-47, Shares: 30.812162731615704, Net Worth: 14500.20378149835 [environment.py::render -- Line 86]
2025/05/22 12:02:16 [INFO] Last reward: 0.006222070174688428. [environment.py::step -- Line 69]
2025/05/22 12:02:18 [INFO] Step: 1000, Balance: 6.647023882631852e-95, Shares: 30.812162731615704, Net Worth: 14428.103320706368 [environment.py::render -- Line 86]
2025/05/22 12:02:18 [INFO] Last reward: -0.013857299300817203. [environment.py::step -- Line 69]
2025/05/22 12:02:18 [INFO] episode 26 score 0.16671914184493947,
average score 0.1752017293433314,
epsilon 0.01,
net worth: 14687.84985253389 [philbot_runner.py::run_philbot -- Line 56]
2025/05/22 12:02:18 [INFO] Running trading game number 27 [philbot_runner.py::run_philbot -- Line 38]
2025/05/22 12:02:19 [INFO] Step: 500, Balance: 3.864080189737884e-46, Shares: 30.796076093345143, Net Worth: 14492.633409528225 [environment.py::render -- Line 86]
2025/05/22 12:02:19 [INFO] Last reward: 0.0062220701746884405. [environment.py::step -- Line 69]
2025/05/22 12:02:21 [INFO] Step: 1000, Balance: 4.004435578008448e-93, Shares: 30.796076093345143, Net Worth: 14420.570591469796 [environment.py::render -- Line 86]
2025/05/22 12:02:21 [INFO] Last reward: -0.013857299300817168. [environment.py::step -- Line 69]
2025/05/22 12:02:21 [INFO] episode 27 score 0.16376028072341595,
average score 0.1747931061783344,
epsilon 0.01,
net worth: 14680.181512936695 [philbot_runner.py::run_philbot -- Line 56]
2025/05/22 12:02:21 [INFO] Running trading game number 28 [philbot_runner.py::run_philbot -- Line 38]
2025/05/22 12:02:22 [INFO] Step: 500, Balance: 5.367030547230764e-42, Shares: 30.72860318677403, Net Worth: 14460.88065969586 [environment.py::render -- Line 86]
2025/05/22 12:02:22 [INFO] Last reward: 0.006222070174688454. [environment.py::step -- Line 69]
2025/05/22 12:02:24 [INFO] Step: 1000, Balance: 4.1786906588894735e-91, Shares: 30.72860318677403, Net Worth: 14388.975728238807 [environment.py::render -- Line 86]
2025/05/22 12:02:24 [INFO] Last reward: -0.013857299300817097. [environment.py::step -- Line 69]
2025/05/22 12:02:24 [INFO] episode 28 score 0.1619147712042776,
average score 0.17434902566198762,
epsilon 0.01,
net worth: 14648.017853103313 [philbot_runner.py::run_philbot -- Line 56]
2025/05/22 12:02:24 [INFO] Running trading game number 29 [philbot_runner.py::run_philbot -- Line 38]
2025/05/22 12:02:25 [INFO] Step: 500, Balance: 6.669599586888213e-45, Shares: 30.66139940957276, Net Worth: 14429.25456214494 [environment.py::render -- Line 86]
2025/05/22 12:02:25 [INFO] Last reward: 0.006222070174688334. [environment.py::step -- Line 69]
2025/05/22 12:02:27 [INFO] Step: 1000, Balance: 3.1446918362254864e-93, Shares: 30.66139940957276, Net Worth: 14357.50688752654 [environment.py::render -- Line 86]
2025/05/22 12:02:27 [INFO] Last reward: -0.013857299300816991. [environment.py::step -- Line 69]
2025/05/22 12:02:27 [INFO] episode 29 score 0.1611850662322795,
average score 0.1739102270143307,
epsilon 0.01,
net worth: 14615.982484549239 [philbot_runner.py::run_philbot -- Line 56]
2025/05/22 12:02:27 [INFO] Running trading game number 30 [philbot_runner.py::run_philbot -- Line 38]
2025/05/22 12:02:28 [INFO] Step: 500, Balance: 8.357467407077266e-45, Shares: 30.778863590304972, Net Worth: 14484.533205597521 [environment.py::render -- Line 86]
2025/05/22 12:02:28 [INFO] Last reward: 0.006222070174688451. [environment.py::step -- Line 69]
2025/05/22 12:02:30 [INFO] Step: 1000, Balance: 9.058415150277214e-93, Shares: 30.778863590304972, Net Worth: 14412.510664796206 [environment.py::render -- Line 86]
2025/05/22 12:02:30 [INFO] Last reward: -0.013857299300817139. [environment.py::step -- Line 69]
2025/05/22 12:02:30 [INFO] episode 30 score 0.16649836160814338,
average score 0.17367113458187305,
epsilon 0.01,
net worth: 14671.976484862476 [philbot_runner.py::run_philbot -- Line 56]
2025/05/22 12:02:30 [INFO] Running trading game number 31 [philbot_runner.py::run_philbot -- Line 38]
2025/05/22 12:02:32 [INFO] Step: 500, Balance: 9.994188681108042e-46, Shares: 30.836700299348443, Net Worth: 14511.751160873378 [environment.py::render -- Line 86]
2025/05/22 12:02:32 [INFO] Last reward: 0.006222070174688497. [environment.py::step -- Line 69]
2025/05/22 12:02:33 [INFO] Step: 1000, Balance: 5.889998536915406e-96, Shares: 30.836700299348443, Net Worth: 14439.593282172902 [environment.py::render -- Line 86]
2025/05/22 12:02:33 [INFO] Last reward: -0.01385729930081709. [environment.py::step -- Line 69]
2025/05/22 12:02:33 [INFO] episode 31 score 0.16583767115254067,
average score 0.17342633884970643,
epsilon 0.01,
net worth: 14699.546665696409 [philbot_runner.py::run_philbot -- Line 56]
2025/05/22 12:02:33 [INFO] Running trading game number 32 [philbot_runner.py::run_philbot -- Line 38]
2025/05/22 12:02:35 [INFO] Step: 500, Balance: 1.0494744073416624e-43, Shares: 30.838625587178402, Net Worth: 14512.657201326158 [environment.py::render -- Line 86]
2025/05/22 12:02:35 [INFO] Last reward: 0.006222070174688526. [environment.py::step -- Line 69]
2025/05/22 12:02:37 [INFO] Step: 1000, Balance: 1.1946340692795024e-93, Shares: 30.838625587178402, Net Worth: 14440.494817452158 [environment.py::render -- Line 86]
2025/05/22 12:02:37 [INFO] Last reward: -0.01385729930081712. [environment.py::step -- Line 69]
2025/05/22 12:02:37 [INFO] episode 32 score 0.16460635191609838,
average score 0.17315906651838497,
epsilon 0.01,
net worth: 14700.464431152073 [philbot_runner.py::run_philbot -- Line 56]
2025/05/22 12:02:37 [INFO] Running trading game number 33 [philbot_runner.py::run_philbot -- Line 38]
2025/05/22 12:02:38 [INFO] Step: 500, Balance: 5.109121264716174e-42, Shares: 30.877630390483635, Net Worth: 14531.0128617616 [environment.py::render -- Line 86]
2025/05/22 12:02:38 [INFO] Last reward: 0.006222070174688395. [environment.py::step -- Line 69]
2025/05/22 12:02:40 [INFO] Step: 1000, Balance: 1.929541222830622e-88, Shares: 30.877630390483635, Net Worth: 14458.759206647866 [environment.py::render -- Line 86]
2025/05/22 12:02:40 [INFO] Last reward: -0.013857299300817132. [environment.py::step -- Line 69]
2025/05/22 12:02:40 [INFO] episode 33 score 0.165841542917338,
average score 0.17294384523600123,
epsilon 0.01,
net worth: 14719.057630839643 [philbot_runner.py::run_philbot -- Line 56]
2025/05/22 12:02:40 [INFO] Running trading game number 34 [philbot_runner.py::run_philbot -- Line 38]
2025/05/22 12:02:41 [INFO] Step: 500, Balance: 1.729341120052572e-46, Shares: 30.793823112251843, Net Worth: 14491.573156625718 [environment.py::render -- Line 86]
2025/05/22 12:02:41 [INFO] Last reward: 0.0062220701746884335. [environment.py::step -- Line 69]
2025/05/22 12:02:43 [INFO] Step: 1000, Balance: 6.185956015272163e-94, Shares: 30.793823112251843, Net Worth: 14419.515610543047 [environment.py::render -- Line 86]
2025/05/22 12:02:43 [INFO] Last reward: -0.013857299300817095. [environment.py::step -- Line 69]
2025/05/22 12:02:43 [INFO] episode 34 score 0.1622314358213666,
average score 0.17263777639558311,
epsilon 0.01,
net worth: 14679.10753937933 [philbot_runner.py::run_philbot -- Line 56]
2025/05/22 12:02:43 [INFO] Running trading game number 35 [philbot_runner.py::run_philbot -- Line 38]
2025/05/22 12:02:44 [INFO] Step: 500, Balance: 9.702544205507967e-49, Shares: 30.83329094774265, Net Worth: 14510.146720007691 [environment.py::render -- Line 86]
2025/05/22 12:02:44 [INFO] Last reward: 0.00622207017468832. [environment.py::step -- Line 69]
2025/05/22 12:02:46 [INFO] Step: 1000, Balance: 2.188571837644159e-97, Shares: 30.83329094774265, Net Worth: 14437.996819189973 [environment.py::render -- Line 86]
2025/05/22 12:02:46 [INFO] Last reward: -0.013857299300817092. [environment.py::step -- Line 69]
2025/05/22 12:02:46 [INFO] episode 35 score 0.16538641336596638,
average score 0.1724363496447604,
epsilon 0.01,
net worth: 14697.921461879443 [philbot_runner.py::run_philbot -- Line 56]
2025/05/22 12:02:46 [INFO] Running trading game number 36 [philbot_runner.py::run_philbot -- Line 38]
2025/05/22 12:02:48 [INFO] Step: 500, Balance: 3.201621522193087e-46, Shares: 30.582367769385424, Net Worth: 14392.062272272782 [environment.py::render -- Line 86]
2025/05/22 12:02:48 [INFO] Last reward: 0.006222070174688411. [environment.py::step -- Line 69]
2025/05/22 12:02:50 [INFO] Step: 1000, Balance: 7.747885613283669e-94, Shares: 30.582367769385424, Net Worth: 14320.499531692418 [environment.py::render -- Line 86]
2025/05/22 12:02:50 [INFO] Last reward: -0.01385729930081718. [environment.py::step -- Line 69]
2025/05/22 12:02:50 [INFO] episode 36 score 0.15626323984120272,
average score 0.17199923856898858,
epsilon 0.01,
net worth: 14578.308891988338 [philbot_runner.py::run_philbot -- Line 56]
2025/05/22 12:02:50 [INFO] Running trading game number 37 [philbot_runner.py::run_philbot -- Line 38]
2025/05/22 12:02:51 [INFO] Step: 500, Balance: 8.142585092445035e-41, Shares: 30.676925491072954, Net Worth: 14436.561136098933 [environment.py::render -- Line 86]
2025/05/22 12:02:51 [INFO] Last reward: 0.006222070174688404. [environment.py::step -- Line 69]
2025/05/22 12:02:53 [INFO] Step: 1000, Balance: 7.252526232370004e-87, Shares: 30.676925491072954, Net Worth: 14364.77713044982 [environment.py::render -- Line 86]
2025/05/22 12:02:53 [INFO] Last reward: -0.013857299300817198. [environment.py::step -- Line 69]
2025/05/22 12:02:53 [INFO] episode 37 score 0.16491503268909374,
average score 0.17181281209846505,
epsilon 0.01,
net worth: 14623.383612339567 [philbot_runner.py::run_philbot -- Line 56]
2025/05/22 12:02:53 [INFO] Running trading game number 38 [philbot_runner.py::run_philbot -- Line 38]
2025/05/22 12:02:55 [INFO] Step: 500, Balance: 9.734076270607085e-48, Shares: 30.601597200015295, Net Worth: 14401.111642327198 [environment.py::render -- Line 86]
2025/05/22 12:02:55 [INFO] Last reward: 0.0062220701746883095. [environment.py::step -- Line 69]
2025/05/22 12:02:56 [INFO] Step: 1000, Balance: 6.130508981407651e-96, Shares: 30.601597200015295, Net Worth: 14329.503904879162 [environment.py::render -- Line 86]
2025/05/22 12:02:56 [INFO] Last reward: -0.013857299300817012. [environment.py::step -- Line 69]
2025/05/22 12:02:56 [INFO] episode 38 score 0.16038670164163235,
average score 0.17151983490726422,
epsilon 0.01,
net worth: 14587.475369275291 [philbot_runner.py::run_philbot -- Line 56]
2025/05/22 12:02:56 [INFO] Running trading game number 39 [philbot_runner.py::run_philbot -- Line 38]
2025/05/22 12:02:58 [INFO] Step: 500, Balance: 1.1194765267981848e-42, Shares: 30.664086270183052, Net Worth: 14430.518998748144 [environment.py::render -- Line 86]
2025/05/22 12:02:58 [INFO] Last reward: 0.006222070174688321. [environment.py::step -- Line 69]
2025/05/22 12:03:00 [INFO] Step: 1000, Balance: 1.0763918865824441e-89, Shares: 30.664086270183052, Net Worth: 14358.765036875915 [environment.py::render -- Line 86]
2025/05/22 12:03:00 [INFO] Last reward: -0.013857299300817137. [environment.py::step -- Line 69]
2025/05/22 12:03:00 [INFO] episode 39 score 0.16404721521806875,
average score 0.1713330194150343,
epsilon 0.01,
net worth: 14617.26328413356 [philbot_runner.py::run_philbot -- Line 56]
2025/05/22 12:03:00 [INFO] Running trading game number 40 [philbot_runner.py::run_philbot -- Line 38]
2025/05/22 12:03:02 [INFO] Step: 500, Balance: 1.6771293482356094e-41, Shares: 30.640049012292817, Net Worth: 14419.207065185 [environment.py::render -- Line 86]
2025/05/22 12:03:02 [INFO] Last reward: 0.006222070174688511. [environment.py::step -- Line 69]
2025/05/22 12:03:03 [INFO] Step: 1000, Balance: 2.5118507548424247e-91, Shares: 30.640049012292817, Net Worth: 14347.509350496233 [environment.py::render -- Line 86]
2025/05/22 12:03:03 [INFO] Last reward: -0.013857299300817142. [environment.py::step -- Line 69]
2025/05/22 12:03:03 [INFO] episode 40 score 0.16193059920436137,
average score 0.17110369209282275,
epsilon 0.01,
net worth: 14605.804963669863 [philbot_runner.py::run_philbot -- Line 56]
2025/05/22 12:03:03 [INFO] Running trading game number 41 [philbot_runner.py::run_philbot -- Line 38]
2025/05/22 12:03:05 [INFO] Step: 500, Balance: 3.0709166866504863e-45, Shares: 30.700306170856905, Net Worth: 14447.56408400526 [environment.py::render -- Line 86]
2025/05/22 12:03:05 [INFO] Last reward: 0.006222070174688443. [environment.py::step -- Line 69]
2025/05/22 12:03:07 [INFO] Step: 1000, Balance: 4.927299323970984e-95, Shares: 30.700306170856905, Net Worth: 14375.725367565454 [environment.py::render -- Line 86]
2025/05/22 12:03:07 [INFO] Last reward: -0.013857299300817107. [environment.py::step -- Line 69]
2025/05/22 12:03:07 [INFO] episode 41 score 0.16441929540821346,
average score 0.17094453979080826,
epsilon 0.01,
net worth: 14634.528948585777 [philbot_runner.py::run_philbot -- Line 56]
2025/05/22 12:03:07 [INFO] Running trading game number 42 [philbot_runner.py::run_philbot -- Line 38]
2025/05/22 12:03:08 [INFO] Step: 500, Balance: 6.974011693487167e-43, Shares: 30.74159197997978, Net Worth: 14466.993185778485 [environment.py::render -- Line 86]
2025/05/22 12:03:08 [INFO] Last reward: 0.006222070174688388. [environment.py::step -- Line 69]
2025/05/22 12:03:10 [INFO] Step: 1000, Balance: 1.5820292516494104e-92, Shares: 30.74159197997978, Net Worth: 14395.057860545332 [environment.py::render -- Line 86]
2025/05/22 12:03:10 [INFO] Last reward: -0.013857299300817092. [environment.py::step -- Line 69]
2025/05/22 12:03:10 [INFO] episode 42 score 0.16441706659607505,
average score 0.17079273808860515,
epsilon 0.01,
net worth: 14654.20948093656 [philbot_runner.py::run_philbot -- Line 56]
2025/05/22 12:03:10 [INFO] Running trading game number 43 [philbot_runner.py::run_philbot -- Line 38]
2025/05/22 12:03:12 [INFO] Step: 500, Balance: 4.10756022421481e-44, Shares: 30.632765641643314, Net Worth: 14415.779510957344 [environment.py::render -- Line 86]
2025/05/22 12:03:12 [INFO] Last reward: 0.006222070174688315. [environment.py::step -- Line 69]
2025/05/22 12:03:14 [INFO] Step: 1000, Balance: 5.642712903301215e-93, Shares: 30.632765641643314, Net Worth: 14344.098839355898 [environment.py::render -- Line 86]
2025/05/22 12:03:14 [INFO] Last reward: -0.013857299300817014. [environment.py::step -- Line 69]
2025/05/22 12:03:14 [INFO] episode 43 score 0.15990069962024955,
average score 0.17054519175977886,
epsilon 0.01,
net worth: 14602.33305371495 [philbot_runner.py::run_philbot -- Line 56]
2025/05/22 12:03:14 [INFO] Running trading game number 44 [philbot_runner.py::run_philbot -- Line 38]
2025/05/22 12:03:15 [INFO] Step: 500, Balance: 4.264958757426372e-47, Shares: 30.819827140389876, Net Worth: 14503.810652267477 [environment.py::render -- Line 86]
2025/05/22 12:03:15 [INFO] Last reward: 0.006222070174688514. [environment.py::step -- Line 69]
2025/05/22 12:03:17 [INFO] Step: 1000, Balance: 1.3879449249819555e-93, Shares: 30.819827140389876, Net Worth: 14431.692256758963 [environment.py::render -- Line 86]
2025/05/22 12:03:17 [INFO] Last reward: -0.013857299300817057. [environment.py::step -- Line 69]
2025/05/22 12:03:17 [INFO] episode 44 score 0.1685230307770668,
average score 0.17050025484905193,
epsilon 0.01,
net worth: 14691.50339955245 [philbot_runner.py::run_philbot -- Line 56]
2025/05/22 12:03:17 [INFO] Running trading game number 45 [philbot_runner.py::run_philbot -- Line 38]
2025/05/22 12:03:19 [INFO] Step: 500, Balance: 3.975070694163303e-48, Shares: 30.72142038931357, Net Worth: 14457.500435210968 [environment.py::render -- Line 86]
2025/05/22 12:03:19 [INFO] Last reward: 0.006222070174688435. [environment.py::step -- Line 69]
2025/05/22 12:03:21 [INFO] Step: 1000, Balance: 1.7122242972459686e-94, Shares: 30.72142038931357, Net Worth: 14385.612311499974 [environment.py::render -- Line 86]
2025/05/22 12:03:21 [INFO] Last reward: -0.013857299300817003. [environment.py::step -- Line 69]
2025/05/22 12:03:21 [INFO] episode 45 score 0.1611435640348568,
average score 0.17029684852700422,
epsilon 0.01,
net worth: 14644.593885381886 [philbot_runner.py::run_philbot -- Line 56]
2025/05/22 12:03:21 [INFO] Running trading game number 46 [philbot_runner.py::run_philbot -- Line 38]
2025/05/22 12:03:22 [INFO] Step: 500, Balance: 1.6913643058260195e-45, Shares: 30.770305288670244, Net Worth: 14480.505668848218 [environment.py::render -- Line 86]
2025/05/22 12:03:22 [INFO] Last reward: 0.00622207017468843. [environment.py::step -- Line 69]
2025/05/22 12:03:24 [INFO] Step: 1000, Balance: 3.3727082567559714e-96, Shares: 30.770305288670244, Net Worth: 14408.503154472728 [environment.py::render -- Line 86]
2025/05/22 12:03:24 [INFO] Last reward: -0.013857299300817139. [environment.py::step -- Line 69]
2025/05/22 12:03:24 [INFO] episode 46 score 0.16492344701413078,
average score 0.17018252083524094,
epsilon 0.01,
net worth: 14667.896828056219 [philbot_runner.py::run_philbot -- Line 56]
2025/05/22 12:03:24 [INFO] Running trading game number 47 [philbot_runner.py::run_philbot -- Line 38]
2025/05/22 12:03:26 [INFO] Step: 500, Balance: 3.0032363943043382e-46, Shares: 30.851841630564877, Net Worth: 14518.876671343833 [environment.py::render -- Line 86]
2025/05/22 12:03:26 [INFO] Last reward: 0.006222070174688528. [environment.py::step -- Line 69]
2025/05/22 12:03:28 [INFO] Step: 1000, Balance: 1.5644635734073927e-92, Shares: 30.851841630564877, Net Worth: 14446.68336192831 [environment.py::render -- Line 86]
2025/05/22 12:03:28 [INFO] Last reward: -0.013857299300816984. [environment.py::step -- Line 69]
2025/05/22 12:03:28 [INFO] episode 47 score 0.16651809095174092,
average score 0.1701061785460014,
epsilon 0.01,
net worth: 14706.76438687397 [philbot_runner.py::run_philbot -- Line 56]
2025/05/22 12:03:28 [INFO] Running trading game number 48 [philbot_runner.py::run_philbot -- Line 38]
2025/05/22 12:03:29 [INFO] Step: 500, Balance: 6.048990903214494e-46, Shares: 30.709603769317052, Net Worth: 14451.939533840605 [environment.py::render -- Line 86]
2025/05/22 12:03:29 [INFO] Last reward: 0.006222070174688417. [environment.py::step -- Line 69]
2025/05/22 12:03:31 [INFO] Step: 1000, Balance: 4.176443937512375e-93, Shares: 30.709603769317052, Net Worth: 14380.079061020402 [environment.py::render -- Line 86]
2025/05/22 12:03:31 [INFO] Last reward: -0.013857299300817107. [environment.py::step -- Line 69]
2025/05/22 12:03:31 [INFO] episode 48 score 0.16003269853617366,
average score 0.16990059732131105,
epsilon 0.01,
net worth: 14638.961020795745 [philbot_runner.py::run_philbot -- Line 56]
2025/05/22 12:03:31 [INFO] Running trading game number 49 [philbot_runner.py::run_philbot -- Line 38]
2025/05/22 12:03:33 [INFO] Step: 500, Balance: 2.1253425383554156e-43, Shares: 30.545203038204562, Net Worth: 14374.572549779068 [environment.py::render -- Line 86]
2025/05/22 12:03:33 [INFO] Last reward: 0.006222070174688455. [environment.py::step -- Line 69]
2025/05/22 12:03:35 [INFO] Step: 1000, Balance: 2.1998637135181787e-90, Shares: 30.545203038204562, Net Worth: 14303.096774669668 [environment.py::render -- Line 86]
2025/05/22 12:03:35 [INFO] Last reward: -0.013857299300817152. [environment.py::step -- Line 69]
2025/05/22 12:03:35 [INFO] episode 49 score 0.15776119676203237,
average score 0.1696578093101255,
epsilon 0.01,
net worth: 14560.592836281732 [philbot_runner.py::run_philbot -- Line 56]
2025/05/22 12:03:35 [INFO] Running trading game number 50 [philbot_runner.py::run_philbot -- Line 38]
2025/05/22 12:03:37 [INFO] Step: 500, Balance: 5.516186000922691e-45, Shares: 30.760785150981572, Net Worth: 14476.02549205193 [environment.py::render -- Line 86]
2025/05/22 12:03:37 [INFO] Last reward: 0.0062220701746884535. [environment.py::step -- Line 69]
2025/05/22 12:03:39 [INFO] Step: 1000, Balance: 1.8425310320972273e-91, Shares: 30.760785150981572, Net Worth: 14404.045254798632 [environment.py::render -- Line 86]
2025/05/22 12:03:39 [INFO] Last reward: -0.013857299300817055. [environment.py::step -- Line 69]
2025/05/22 12:03:39 [INFO] episode 50 score 0.1685397881682874,
average score 0.1696358873269522,
epsilon 0.01,
net worth: 14663.358673621406 [philbot_runner.py::run_philbot -- Line 56]
2025/05/22 12:03:39 [INFO] Running trading game number 51 [philbot_runner.py::run_philbot -- Line 38]
2025/05/22 12:03:40 [INFO] Step: 500, Balance: 3.61314396386173e-46, Shares: 30.850004625289685, Net Worth: 14518.012176661327 [environment.py::render -- Line 86]
2025/05/22 12:03:40 [INFO] Last reward: 0.006222070174688379. [environment.py::step -- Line 69]
2025/05/22 12:03:42 [INFO] Step: 1000, Balance: 2.226074849239597e-95, Shares: 30.850004625289685, Net Worth: 14445.823165838148 [environment.py::render -- Line 86]
2025/05/22 12:03:42 [INFO] Last reward: -0.013857299300817057. [environment.py::step -- Line 69]
2025/05/22 12:03:42 [INFO] episode 51 score 0.1666775302798759,
average score 0.16957899584527764,
epsilon 0.01,
net worth: 14705.88870482934 [philbot_runner.py::run_philbot -- Line 56]
2025/05/22 12:03:42 [INFO] Running trading game number 52 [philbot_runner.py::run_philbot -- Line 38]
2025/05/22 12:03:44 [INFO] Step: 500, Balance: 6.351487585833106e-47, Shares: 30.787079331259186, Net Worth: 14488.399533290574 [environment.py::render -- Line 86]
2025/05/22 12:03:44 [INFO] Last reward: 0.0062220701746884535. [environment.py::step -- Line 69]
2025/05/22 12:03:46 [INFO] Step: 1000, Balance: 2.8756475069316275e-96, Shares: 30.787079331259186, Net Worth: 14416.357767655427 [environment.py::render -- Line 86]
2025/05/22 12:03:46 [INFO] Last reward: -0.013857299300817047. [environment.py::step -- Line 69]
2025/05/22 12:03:46 [INFO] episode 52 score 0.16264410411030883,
average score 0.1694481488314103,
epsilon 0.01,
net worth: 14675.89284641794 [philbot_runner.py::run_philbot -- Line 56]
2025/05/22 12:03:46 [INFO] Running trading game number 53 [philbot_runner.py::run_philbot -- Line 38]
2025/05/22 12:03:48 [INFO] Step: 500, Balance: 3.242012734593522e-46, Shares: 30.81289920886659, Net Worth: 14500.550367692618 [environment.py::render -- Line 86]
2025/05/22 12:03:48 [INFO] Last reward: 0.006222070174688444. [environment.py::step -- Line 69]
2025/05/22 12:03:49 [INFO] Step: 1000, Balance: 1.8358200708209395e-97, Shares: 30.81289920886659, Net Worth: 14428.44818354387 [environment.py::render -- Line 86]
2025/05/22 12:03:49 [INFO] Last reward: -0.013857299300817067. [environment.py::step -- Line 69]
2025/05/22 12:03:49 [INFO] episode 53 score 0.16485857263976034,
average score 0.16936315667971305,
epsilon 0.01,
net worth: 14688.200923874614 [philbot_runner.py::run_philbot -- Line 56]
2025/05/22 12:03:49 [INFO] Running trading game number 54 [philbot_runner.py::run_philbot -- Line 38]
2025/05/22 12:03:51 [INFO] Step: 500, Balance: 9.802139540379207e-43, Shares: 30.819640316312057, Net Worth: 14503.722732856455 [environment.py::render -- Line 86]
2025/05/22 12:03:51 [INFO] Last reward: 0.006222070174688489. [environment.py::step -- Line 69]
2025/05/22 12:03:53 [INFO] Step: 1000, Balance: 2.1825079639585552e-89, Shares: 30.819640316312057, Net Worth: 14431.604774516283 [environment.py::render -- Line 86]
2025/05/22 12:03:53 [INFO] Last reward: -0.013857299300817062. [environment.py::step -- Line 69]
2025/05/22 12:03:53 [INFO] episode 54 score 0.16452453201680492,
average score 0.169275181685842,
epsilon 0.01,
net worth: 14691.414342382794 [philbot_runner.py::run_philbot -- Line 56]
2025/05/22 12:03:53 [INFO] Running trading game number 55 [philbot_runner.py::run_philbot -- Line 38]
2025/05/22 12:03:55 [INFO] Step: 500, Balance: 2.0399453270997053e-43, Shares: 30.69533774446197, Net Worth: 14445.225942543804 [environment.py::render -- Line 86]
2025/05/22 12:03:55 [INFO] Last reward: 0.006222070174688416. [environment.py::step -- Line 69]
2025/05/22 12:03:57 [INFO] Step: 1000, Balance: 1.3926812984008085e-90, Shares: 30.69533774446197, Net Worth: 14373.398852221762 [environment.py::render -- Line 86]
2025/05/22 12:03:57 [INFO] Last reward: -0.013857299300817093. [environment.py::step -- Line 69]
2025/05/22 12:03:57 [INFO] episode 55 score 0.16029771077551633,
average score 0.16911486970530046,
epsilon 0.01,
net worth: 14632.160549407576 [philbot_runner.py::run_philbot -- Line 56]
2025/05/22 12:03:57 [INFO] Running trading game number 56 [philbot_runner.py::run_philbot -- Line 38]
2025/05/22 12:03:59 [INFO] Step: 500, Balance: 3.6507468861868255e-44, Shares: 30.488043124007593, Net Worth: 14347.673094157974 [environment.py::render -- Line 86]
2025/05/22 12:03:59 [INFO] Last reward: 0.006222070174688427. [environment.py::step -- Line 69]
2025/05/22 12:04:00 [INFO] Step: 1000, Balance: 6.531705433246933e-89, Shares: 30.488043124007593, Net Worth: 14276.331073247795 [environment.py::render -- Line 86]
2025/05/22 12:04:00 [INFO] Last reward: -0.013857299300817076. [environment.py::step -- Line 69]
2025/05/22 12:04:00 [INFO] episode 56 score 0.15620964304153862,
average score 0.1688884622199713,
epsilon 0.01,
net worth: 14533.345276783179 [philbot_runner.py::run_philbot -- Line 56]
2025/05/22 12:04:00 [INFO] Running trading game number 57 [philbot_runner.py::run_philbot -- Line 38]
2025/05/22 12:04:02 [INFO] Step: 500, Balance: 6.630906771392692e-45, Shares: 30.625811066082697, Net Worth: 14412.506687698518 [environment.py::render -- Line 86]
2025/05/22 12:04:02 [INFO] Last reward: 0.006222070174688498. [environment.py::step -- Line 69]
2025/05/22 12:04:04 [INFO] Step: 1000, Balance: 4.757650675296999e-92, Shares: 30.625811066082697, Net Worth: 14340.842289803884 [environment.py::render -- Line 86]
2025/05/22 12:04:04 [INFO] Last reward: -0.013857299300817015. [environment.py::step -- Line 69]
2025/05/22 12:04:04 [INFO] episode 57 score 0.16524872433757612,
average score 0.16882570811855072,
epsilon 0.01,
net worth: 14599.01787709096 [philbot_runner.py::run_philbot -- Line 56]
2025/05/22 12:04:04 [INFO] Running trading game number 58 [philbot_runner.py::run_philbot -- Line 38]
2025/05/22 12:04:06 [INFO] Step: 500, Balance: 5.057281011631335e-44, Shares: 30.604689683170005, Net Worth: 14402.566964899805 [environment.py::render -- Line 86]
2025/05/22 12:04:06 [INFO] Last reward: 0.00622207017468837. [environment.py::step -- Line 69]
2025/05/22 12:04:08 [INFO] Step: 1000, Balance: 5.131258076044667e-93, Shares: 30.604689683170005, Net Worth: 14330.951991041185 [environment.py::render -- Line 86]
2025/05/22 12:04:08 [INFO] Last reward: -0.013857299300817107. [environment.py::step -- Line 69]
2025/05/22 12:04:08 [INFO] episode 58 score 0.16159441170598554,
average score 0.16870314377257503,
epsilon 0.01,
net worth: 14588.94952507031 [philbot_runner.py::run_philbot -- Line 56]
2025/05/22 12:04:08 [INFO] Running trading game number 59 [philbot_runner.py::run_philbot -- Line 38]
2025/05/22 12:04:10 [INFO] Step: 500, Balance: 1.2267826679117862e-45, Shares: 30.80430621564641, Net Worth: 14496.506505083202 [environment.py::render -- Line 86]
2025/05/22 12:04:10 [INFO] Last reward: 0.006222070174688463. [environment.py::step -- Line 69]
2025/05/22 12:04:11 [INFO] Step: 1000, Balance: 5.9212222619686925e-93, Shares: 30.80430621564641, Net Worth: 14424.424428538587 [environment.py::render -- Line 86]
2025/05/22 12:04:11 [INFO] Last reward: -0.013857299300817097. [environment.py::step -- Line 69]
2025/05/22 12:04:11 [INFO] episode 59 score 0.16866165275149914,
average score 0.1687024522555571,
epsilon 0.01,
net worth: 14684.104729936487 [philbot_runner.py::run_philbot -- Line 56]
2025/05/22 12:04:11 [INFO] Running trading game number 60 [philbot_runner.py::run_philbot -- Line 38]
2025/05/22 12:04:13 [INFO] Step: 500, Balance: 4.988641019315373e-43, Shares: 30.764222535517142, Net Worth: 14477.643125214368 [environment.py::render -- Line 86]
2025/05/22 12:04:13 [INFO] Last reward: 0.00622207017468845. [environment.py::step -- Line 69]
2025/05/22 12:04:15 [INFO] Step: 1000, Balance: 6.89567041750058e-91, Shares: 30.764222535517142, Net Worth: 14405.654844481256 [environment.py::render -- Line 86]
2025/05/22 12:04:15 [INFO] Last reward: -0.013857299300817163. [environment.py::step -- Line 69]
2025/05/22 12:04:15 [INFO] episode 60 score 0.1628707797756646,
average score 0.16860685106736215,
epsilon 0.01,
net worth: 14664.997240455667 [philbot_runner.py::run_philbot -- Line 56]
2025/05/22 12:04:15 [INFO] Running trading game number 61 [philbot_runner.py::run_philbot -- Line 38]
2025/05/22 12:04:17 [INFO] Step: 500, Balance: 3.4718820830770953e-47, Shares: 30.70831338762605, Net Worth: 14451.332280216819 [environment.py::render -- Line 86]
2025/05/22 12:04:17 [INFO] Last reward: 0.006222070174688415. [environment.py::step -- Line 69]
2025/05/22 12:04:19 [INFO] Step: 1000, Balance: 3.7386495453635373e-97, Shares: 30.70831338762605, Net Worth: 14379.474826889773 [environment.py::render -- Line 86]
2025/05/22 12:04:19 [INFO] Last reward: -0.013857299300817095. [environment.py::step -- Line 69]
2025/05/22 12:04:19 [INFO] episode 61 score 0.161940259231328,
average score 0.16849932539258738,
epsilon 0.01,
net worth: 14638.345908747462 [philbot_runner.py::run_philbot -- Line 56]
2025/05/22 12:04:19 [INFO] Running trading game number 62 [philbot_runner.py::run_philbot -- Line 38]
2025/05/22 12:04:21 [INFO] Step: 500, Balance: 1.282302166668573e-45, Shares: 30.734938747412727, Net Worth: 14463.86217453243 [environment.py::render -- Line 86]
2025/05/22 12:04:21 [INFO] Last reward: 0.006222070174688517. [environment.py::step -- Line 69]
2025/05/22 12:04:23 [INFO] Step: 1000, Balance: 2.221414316691507e-89, Shares: 30.734938747412727, Net Worth: 14391.942417863484 [environment.py::render -- Line 86]
2025/05/22 12:04:23 [INFO] Last reward: -0.013857299300817036. [environment.py::step -- Line 69]
2025/05/22 12:04:23 [INFO] episode 62 score 0.16405425649915592,
average score 0.1684287687434853,
epsilon 0.01,
net worth: 14651.037951504173 [philbot_runner.py::run_philbot -- Line 56]
2025/05/22 12:04:23 [INFO] Running trading game number 63 [philbot_runner.py::run_philbot -- Line 38]
2025/05/22 12:04:24 [INFO] Step: 500, Balance: 1.1084446937061146e-46, Shares: 30.636325839664757, Net Worth: 14417.454940146235 [environment.py::render -- Line 86]
2025/05/22 12:04:24 [INFO] Last reward: 0.006222070174688421. [environment.py::step -- Line 69]
2025/05/22 12:04:26 [INFO] Step: 1000, Balance: 2.8001844183422305e-96, Shares: 30.636325839664757, Net Worth: 14345.765937681419 [environment.py::render -- Line 86]
2025/05/22 12:04:26 [INFO] Last reward: -0.013857299300817062. [environment.py::step -- Line 69]
2025/05/22 12:04:26 [INFO] episode 63 score 0.16024659471616678,
average score 0.16830092227430843,
epsilon 0.01,
net worth: 14604.030164509793 [philbot_runner.py::run_philbot -- Line 56]
2025/05/22 12:04:26 [INFO] Running trading game number 64 [philbot_runner.py::run_philbot -- Line 38]
2025/05/22 12:04:28 [INFO] Step: 500, Balance: 4.724156304096717e-49, Shares: 30.624944878735253, Net Worth: 14412.09905993281 [environment.py::render -- Line 86]
2025/05/22 12:04:28 [INFO] Last reward: 0.0062220701746884734. [environment.py::step -- Line 69]
2025/05/22 12:04:30 [INFO] Step: 1000, Balance: 2.7349976963522372e-95, Shares: 30.624944878735253, Net Worth: 14340.436688916569 [environment.py::render -- Line 86]
2025/05/22 12:04:30 [INFO] Last reward: -0.013857299300817085. [environment.py::step -- Line 69]
2025/05/22 12:04:30 [INFO] episode 64 score 0.16190567407697506,
average score 0.1682025338405033,
epsilon 0.01,
net worth: 14598.604974244308 [philbot_runner.py::run_philbot -- Line 56]
2025/05/22 12:04:30 [INFO] Running trading game number 65 [philbot_runner.py::run_philbot -- Line 38]
2025/05/22 12:04:32 [INFO] Step: 500, Balance: 2.946830294102494e-44, Shares: 30.789421553207166, Net Worth: 14489.501782939293 [environment.py::render -- Line 86]
2025/05/22 12:04:32 [INFO] Last reward: 0.006222070174688332. [environment.py::step -- Line 69]
2025/05/22 12:04:34 [INFO] Step: 1000, Balance: 1.158105880880988e-91, Shares: 30.789421553207166, Net Worth: 14417.454536504787 [environment.py::render -- Line 86]
2025/05/22 12:04:34 [INFO] Last reward: -0.013857299300817142. [environment.py::step -- Line 69]
2025/05/22 12:04:34 [INFO] episode 65 score 0.1676992694173237,
average score 0.16819490862197026,
epsilon 0.01,
net worth: 14677.009360198324 [philbot_runner.py::run_philbot -- Line 56]
2025/05/22 12:04:34 [INFO] Running trading game number 66 [philbot_runner.py::run_philbot -- Line 38]
2025/05/22 12:04:36 [INFO] Step: 500, Balance: 6.103700651536177e-44, Shares: 30.817458642880894, Net Worth: 14502.696037339749 [environment.py::render -- Line 86]
2025/05/22 12:04:36 [INFO] Last reward: 0.00622207017468844. [environment.py::step -- Line 69]
2025/05/22 12:04:38 [INFO] Step: 1000, Balance: 2.7302804151829052e-93, Shares: 30.817458642880894, Net Worth: 14430.583184115407 [environment.py::render -- Line 86]
2025/05/22 12:04:38 [INFO] Last reward: -0.013857299300817104. [environment.py::step -- Line 69]
2025/05/22 12:04:38 [INFO] episode 66 score 0.1649711459301446,
average score 0.16814679276089822,
epsilon 0.01,
net worth: 14690.374360474892 [philbot_runner.py::run_philbot -- Line 56]
2025/05/22 12:04:38 [INFO] Running trading game number 67 [philbot_runner.py::run_philbot -- Line 38]
2025/05/22 12:04:39 [INFO] Step: 500, Balance: 4.889066765442321e-43, Shares: 30.548796063487913, Net Worth: 14376.263427477412 [environment.py::render -- Line 86]
2025/05/22 12:04:39 [INFO] Last reward: 0.006222070174688405. [environment.py::step -- Line 69]
2025/05/22 12:04:41 [INFO] Step: 1000, Balance: 1.7429122405213527e-88, Shares: 30.548796063487913, Net Worth: 14304.77924468885 [environment.py::render -- Line 86]
2025/05/22 12:04:41 [INFO] Last reward: -0.013857299300816976. [environment.py::step -- Line 69]
2025/05/22 12:04:41 [INFO] episode 67 score 0.15554883707068629,
average score 0.1679615287066304,
epsilon 0.01,
net worth: 14562.305595504053 [philbot_runner.py::run_philbot -- Line 56]
2025/05/22 12:04:41 [INFO] Running trading game number 68 [philbot_runner.py::run_philbot -- Line 38]
2025/05/22 12:04:44 [INFO] Step: 500, Balance: 3.308798196926147e-46, Shares: 30.842885473421788, Net Worth: 14514.661903792294 [environment.py::render -- Line 86]
2025/05/22 12:04:44 [INFO] Last reward: 0.006222070174688423. [environment.py::step -- Line 69]
2025/05/22 12:04:46 [INFO] Step: 1000, Balance: 3.171102670779432e-95, Shares: 30.842885473421788, Net Worth: 14442.489551784485 [environment.py::render -- Line 86]
2025/05/22 12:04:46 [INFO] Last reward: -0.013857299300817178. [environment.py::step -- Line 69]
2025/05/22 12:04:46 [INFO] episode 68 score 0.17117286920305294,
average score 0.1680080698732452,
epsilon 0.01,
net worth: 14702.495076325433 [philbot_runner.py::run_philbot -- Line 56]
2025/05/22 12:04:46 [INFO] Running trading game number 69 [philbot_runner.py::run_philbot -- Line 38]
2025/05/22 12:04:47 [INFO] Step: 500, Balance: 5.453978027174925e-47, Shares: 30.891216898752763, Net Worth: 14537.40667255305 [environment.py::render -- Line 86]
2025/05/22 12:04:47 [INFO] Last reward: 0.006222070174688377. [environment.py::step -- Line 69]
2025/05/22 12:04:49 [INFO] Step: 1000, Balance: 3.920285834905021e-94, Shares: 30.891216898752763, Net Worth: 14465.121225009969 [environment.py::render -- Line 86]
2025/05/22 12:04:49 [INFO] Last reward: -0.013857299300817015. [environment.py::step -- Line 69]
2025/05/22 12:04:49 [INFO] episode 69 score 0.16615346939131917,
average score 0.16798157558064628,
epsilon 0.01,
net worth: 14725.534183466454 [philbot_runner.py::run_philbot -- Line 56]
2025/05/22 12:04:49 [INFO] Running trading game number 70 [philbot_runner.py::run_philbot -- Line 38]
2025/05/22 12:04:51 [INFO] Step: 500, Balance: 3.1603329110434295e-42, Shares: 30.71560073324544, Net Worth: 14454.761705065306 [environment.py::render -- Line 86]
2025/05/22 12:04:51 [INFO] Last reward: 0.0062220701746885125. [environment.py::step -- Line 69]
2025/05/22 12:04:53 [INFO] Step: 1000, Balance: 8.264248452847725e-88, Shares: 30.71560073324544, Net Worth: 14382.88719934951 [environment.py::render -- Line 86]
2025/05/22 12:04:53 [INFO] Last reward: -0.013857299300817066. [environment.py::step -- Line 69]
2025/05/22 12:04:53 [INFO] episode 70 score 0.15931829394971628,
average score 0.16785955752950643,
epsilon 0.01,
net worth: 14641.81971353077 [philbot_runner.py::run_philbot -- Line 56]
2025/05/22 12:04:53 [INFO] Running trading game number 71 [philbot_runner.py::run_philbot -- Line 38]
2025/05/22 12:04:56 [INFO] Step: 500, Balance: 2.2972513195801502e-46, Shares: 30.822423178257537, Net Worth: 14505.032347687998 [environment.py::render -- Line 86]
2025/05/22 12:04:56 [INFO] Last reward: 0.006222070174688452. [environment.py::step -- Line 69]
2025/05/22 12:04:58 [INFO] Step: 1000, Balance: 7.128661782095453e-91, Shares: 30.822423178257537, Net Worth: 14432.907877450874 [environment.py::render -- Line 86]
2025/05/22 12:04:58 [INFO] Last reward: -0.013857299300817031. [environment.py::step -- Line 69]
2025/05/22 12:04:58 [INFO] episode 71 score 0.16674666883076483,
average score 0.16784410074202394,
epsilon 0.01,
net worth: 14692.740904843586 [philbot_runner.py::run_philbot -- Line 56]
2025/05/22 12:04:58 [INFO] Running trading game number 72 [philbot_runner.py::run_philbot -- Line 38]
2025/05/22 12:05:00 [INFO] Step: 500, Balance: 3.025797580170483e-42, Shares: 30.54292908356127, Net Worth: 14373.502426723933 [environment.py::render -- Line 86]
2025/05/22 12:05:00 [INFO] Last reward: 0.006222070174688366. [environment.py::step -- Line 69]
2025/05/22 12:05:02 [INFO] Step: 1000, Balance: 2.1688393144956522e-91, Shares: 30.54292908356127, Net Worth: 14302.0319726684 [environment.py::render -- Line 86]
2025/05/22 12:05:02 [INFO] Last reward: -0.013857299300817114. [environment.py::step -- Line 69]
2025/05/22 12:05:02 [INFO] episode 72 score 0.15519183415074433,
average score 0.16767078202159544,
epsilon 0.01,
net worth: 14559.508864842821 [philbot_runner.py::run_philbot -- Line 56]
2025/05/22 12:05:02 [INFO] Running trading game number 73 [philbot_runner.py::run_philbot -- Line 38]
2025/05/22 12:05:04 [INFO] Step: 500, Balance: 1.726752429476373e-41, Shares: 30.71971186643291, Net Worth: 14456.696404343327 [environment.py::render -- Line 86]
2025/05/22 12:05:04 [INFO] Last reward: 0.006222070174688385. [environment.py::step -- Line 69]
2025/05/22 12:05:06 [INFO] Step: 1000, Balance: 2.7528626500580647e-90, Shares: 30.71971186643291, Net Worth: 14384.812278575873 [environment.py::render -- Line 86]
2025/05/22 12:05:06 [INFO] Last reward: -0.013857299300817149. [environment.py::step -- Line 69]
2025/05/22 12:05:06 [INFO] episode 73 score 0.1671482082667279,
average score 0.16766372021409723,
epsilon 0.01,
net worth: 14643.779449609903 [philbot_runner.py::run_philbot -- Line 56]
2025/05/22 12:05:06 [INFO] Running trading game number 74 [philbot_runner.py::run_philbot -- Line 38]
2025/05/22 12:05:08 [INFO] Step: 500, Balance: 7.415097332494148e-46, Shares: 30.63229290555475, Net Worth: 14415.557041354066 [environment.py::render -- Line 86]
2025/05/22 12:05:08 [INFO] Last reward: 0.006222070174688466. [environment.py::step -- Line 69]
2025/05/22 12:05:10 [INFO] Step: 1000, Balance: 2.8426667556572723e-89, Shares: 30.63229290555475, Net Worth: 14343.877475955067 [environment.py::render -- Line 86]
2025/05/22 12:05:10 [INFO] Last reward: -0.013857299300817055. [environment.py::step -- Line 69]
2025/05/22 12:05:10 [INFO] episode 74 score 0.16042682216263998,
average score 0.16756722824007778,
epsilon 0.01,
net worth: 14602.107705148894 [philbot_runner.py::run_philbot -- Line 56]
2025/05/22 12:05:10 [INFO] Running trading game number 75 [philbot_runner.py::run_philbot -- Line 38]
2025/05/22 12:05:12 [INFO] Step: 500, Balance: 6.49667527937488e-39, Shares: 30.68280210446149, Net Worth: 14439.326670359578 [environment.py::render -- Line 86]
2025/05/22 12:05:12 [INFO] Last reward: 0.006222070174688393. [environment.py::step -- Line 69]
2025/05/22 12:05:14 [INFO] Step: 1000, Balance: 1.5790897507093887e-87, Shares: 30.68280210446149, Net Worth: 14367.528913435137 [environment.py::render -- Line 86]
2025/05/22 12:05:14 [INFO] Last reward: -0.013857299300817175. [environment.py::step -- Line 69]
2025/05/22 12:05:14 [INFO] episode 75 score 0.16398314115574716,
average score 0.16752006919949447,
epsilon 0.01,
net worth: 14626.184935175748 [philbot_runner.py::run_philbot -- Line 56]
2025/05/22 12:05:14 [INFO] Running trading game number 76 [philbot_runner.py::run_philbot -- Line 38]
2025/05/22 12:05:16 [INFO] Step: 500, Balance: 2.5685690022123823e-43, Shares: 30.44804863931611, Net Worth: 14328.851689662162 [environment.py::render -- Line 86]
2025/05/22 12:05:16 [INFO] Last reward: 0.006222070174688473. [environment.py::step -- Line 69]
2025/05/22 12:05:18 [INFO] Step: 1000, Balance: 2.6866787642988024e-92, Shares: 30.44804863931611, Net Worth: 14257.603255846161 [environment.py::render -- Line 86]
2025/05/22 12:05:18 [INFO] Last reward: -0.013857299300817137. [environment.py::step -- Line 69]
2025/05/22 12:05:18 [INFO] episode 76 score 0.1551665229074715,
average score 0.1673596335333643,
epsilon 0.01,
net worth: 14514.280305875596 [philbot_runner.py::run_philbot -- Line 56]
2025/05/22 12:05:18 [INFO] Running trading game number 77 [philbot_runner.py::run_philbot -- Line 38]
2025/05/22 12:05:20 [INFO] Step: 500, Balance: 1.409356640555674e-47, Shares: 30.88985486176379, Net Worth: 14536.76569794604 [environment.py::render -- Line 86]
2025/05/22 12:05:20 [INFO] Last reward: 0.006222070174688433. [environment.py::step -- Line 69]
2025/05/22 12:05:22 [INFO] Step: 1000, Balance: 3.7369947341010926e-96, Shares: 30.88985486176379, Net Worth: 14464.483437569512 [environment.py::render -- Line 86]
2025/05/22 12:05:22 [INFO] Last reward: -0.013857299300817076. [environment.py::step -- Line 69]
2025/05/22 12:05:22 [INFO] episode 77 score 0.17496564647488724,
average score 0.1674571465197941,
epsilon 0.01,
net worth: 14724.88491405418 [philbot_runner.py::run_philbot -- Line 56]
2025/05/22 12:05:22 [INFO] Running trading game number 78 [philbot_runner.py::run_philbot -- Line 38]
2025/05/22 12:05:24 [INFO] Step: 500, Balance: 2.564878767487151e-44, Shares: 30.736828998690083, Net Worth: 14464.751726783554 [environment.py::render -- Line 86]
2025/05/22 12:05:24 [INFO] Last reward: 0.0062220701746884335. [environment.py::step -- Line 69]
2025/05/22 12:05:26 [INFO] Step: 1000, Balance: 4.190666530247959e-92, Shares: 30.736828998690083, Net Worth: 14392.827546926617 [environment.py::render -- Line 86]
2025/05/22 12:05:26 [INFO] Last reward: -0.013857299300817076. [environment.py::step -- Line 69]
2025/05/22 12:05:26 [INFO] episode 78 score 0.1600929412992638,
average score 0.16736392873219244,
epsilon 0.01,
net worth: 14651.939015385575 [philbot_runner.py::run_philbot -- Line 56]
2025/05/22 12:05:26 [INFO] Running trading game number 79 [philbot_runner.py::run_philbot -- Line 38]
2025/05/22 12:05:28 [INFO] Step: 500, Balance: 1.4866603841935006e-45, Shares: 30.77316061007448, Net Worth: 14481.849383101051 [environment.py::render -- Line 86]
2025/05/22 12:05:28 [INFO] Last reward: 0.006222070174688345. [environment.py::step -- Line 69]
2025/05/22 12:05:30 [INFO] Step: 1000, Balance: 2.781883792961383e-91, Shares: 30.77316061007448, Net Worth: 14409.840187273476 [environment.py::render -- Line 86]
2025/05/22 12:05:30 [INFO] Last reward: -0.01385729930081706. [environment.py::step -- Line 69]
2025/05/22 12:05:30 [INFO] episode 79 score 0.1646345618469195,
average score 0.16732981164612656,
epsilon 0.01,
net worth: 14669.257931216403 [philbot_runner.py::run_philbot -- Line 56]
2025/05/22 12:05:30 [INFO] Running trading game number 80 [philbot_runner.py::run_philbot -- Line 38]
2025/05/22 12:05:32 [INFO] Step: 500, Balance: 4.61417889529864e-45, Shares: 30.847753429040672, Net Worth: 14516.95276370654 [environment.py::render -- Line 86]
2025/05/22 12:05:32 [INFO] Last reward: 0.006222070174688372. [environment.py::step -- Line 69]
2025/05/22 12:05:34 [INFO] Step: 1000, Balance: 5.497148846091041e-93, Shares: 30.847753429040672, Net Worth: 14444.769020682585 [environment.py::render -- Line 86]
2025/05/22 12:05:34 [INFO] Last reward: -0.013857299300817146. [environment.py::step -- Line 69]
2025/05/22 12:05:34 [INFO] episode 80 score 0.16628748118515338,
average score 0.1673169433688306,
epsilon 0.01,
net worth: 14704.815582089397 [philbot_runner.py::run_philbot -- Line 56]
2025/05/22 12:05:34 [INFO] Running trading game number 81 [philbot_runner.py::run_philbot -- Line 38]
2025/05/22 12:05:36 [INFO] Step: 500, Balance: 2.843670598565021e-43, Shares: 30.818432836347665, Net Worth: 14503.154492785212 [environment.py::render -- Line 86]
2025/05/22 12:05:36 [INFO] Last reward: 0.0062220701746884865. [environment.py::step -- Line 69]
2025/05/22 12:05:39 [INFO] Step: 1000, Balance: 9.896134828051666e-90, Shares: 30.818432836347665, Net Worth: 14431.039359948158 [environment.py::render -- Line 86]
2025/05/22 12:05:39 [INFO] Last reward: -0.013857299300817087. [environment.py::step -- Line 69]
2025/05/22 12:05:39 [INFO] episode 81 score 0.1637111272103645,
average score 0.1672729700010444,
epsilon 0.01,
net worth: 14690.838748758568 [philbot_runner.py::run_philbot -- Line 56]
2025/05/22 12:05:39 [INFO] Running trading game number 82 [philbot_runner.py::run_philbot -- Line 38]
2025/05/22 12:05:41 [INFO] Step: 500, Balance: 1.2495172612424252e-43, Shares: 30.784298695078665, Net Worth: 14487.09096590402 [environment.py::render -- Line 86]
2025/05/22 12:05:41 [INFO] Last reward: 0.00622207017468846. [environment.py::step -- Line 69]
2025/05/22 12:05:43 [INFO] Step: 1000, Balance: 3.0989692215045915e-90, Shares: 30.784298695078665, Net Worth: 14415.055706957535 [environment.py::render -- Line 86]
2025/05/22 12:05:43 [INFO] Last reward: -0.013857299300817059. [environment.py::step -- Line 69]
2025/05/22 12:05:43 [INFO] episode 82 score 0.16325993707466427,
average score 0.1672246202067507,
epsilon 0.01,
net worth: 14674.567344957048 [philbot_runner.py::run_philbot -- Line 56]
2025/05/22 12:05:43 [INFO] Running trading game number 83 [philbot_runner.py::run_philbot -- Line 38]
2025/05/22 12:05:45 [INFO] Step: 500, Balance: 6.731767164970184e-47, Shares: 30.813517993814123, Net Worth: 14500.841567888927 [environment.py::render -- Line 86]
2025/05/22 12:05:45 [INFO] Last reward: 0.0062220701746884014. [environment.py::step -- Line 69]
2025/05/22 12:05:47 [INFO] Step: 1000, Balance: 5.981881461952237e-95, Shares: 30.813517993814123, Net Worth: 14428.737935783402 [environment.py::render -- Line 86]
2025/05/22 12:05:47 [INFO] Last reward: -0.013857299300817099. [environment.py::step -- Line 69]
2025/05/22 12:05:47 [INFO] episode 83 score 0.16494617939418219,
average score 0.16719749591136296,
epsilon 0.01,
net worth: 14688.495892471254 [philbot_runner.py::run_philbot -- Line 56]
2025/05/22 12:05:47 [INFO] Running trading game number 84 [philbot_runner.py::run_philbot -- Line 38]
2025/05/22 12:05:49 [INFO] Step: 500, Balance: 2.972123579197152e-42, Shares: 30.508316966652032, Net Worth: 14357.213964506447 [environment.py::render -- Line 86]
2025/05/22 12:05:49 [INFO] Last reward: 0.006222070174688405. [environment.py::step -- Line 69]
2025/05/22 12:05:52 [INFO] Step: 1000, Balance: 8.137853176587366e-90, Shares: 30.508316966652032, Net Worth: 14285.82450280448 [environment.py::render -- Line 86]
2025/05/22 12:05:52 [INFO] Last reward: -0.013857299300817114. [environment.py::step -- Line 69]
2025/05/22 12:05:52 [INFO] episode 84 score 0.15424930368272655,
average score 0.1670451642380849,
epsilon 0.01,
net worth: 14543.009614833358 [philbot_runner.py::run_philbot -- Line 56]
2025/05/22 12:05:52 [INFO] Running trading game number 85 [philbot_runner.py::run_philbot -- Line 38]
2025/05/22 12:05:54 [INFO] Step: 500, Balance: 4.379894915706847e-44, Shares: 30.621665378644597, Net Worth: 14410.555727190147 [environment.py::render -- Line 86]
2025/05/22 12:05:54 [INFO] Last reward: 0.0062220701746883095. [environment.py::step -- Line 69]
2025/05/22 12:05:56 [INFO] Step: 1000, Balance: 5.776854460913316e-88, Shares: 30.621665378644597, Net Worth: 14338.901030204119 [environment.py::render -- Line 86]
2025/05/22 12:05:56 [INFO] Last reward: -0.01385729930081708. [environment.py::step -- Line 69]
2025/05/22 12:05:56 [INFO] episode 85 score 0.16473945886343774,
average score 0.16701835371047272,
epsilon 0.01,
net worth: 14597.041669346092 [philbot_runner.py::run_philbot -- Line 56]
2025/05/22 12:05:56 [INFO] Running trading game number 86 [philbot_runner.py::run_philbot -- Line 38]
2025/05/22 12:05:58 [INFO] Step: 500, Balance: 2.3887625933812843e-42, Shares: 30.709376536716196, Net Worth: 14451.832598178642 [environment.py::render -- Line 86]
2025/05/22 12:05:58 [INFO] Last reward: 0.006222070174688336. [environment.py::step -- Line 69]
2025/05/22 12:06:01 [INFO] Step: 1000, Balance: 3.235516464196002e-90, Shares: 30.709376536716196, Net Worth: 14379.972657082726 [environment.py::render -- Line 86]
2025/05/22 12:06:01 [INFO] Last reward: -0.013857299300817074. [environment.py::step -- Line 69]
2025/05/22 12:06:01 [INFO] episode 86 score 0.1651409136458972,
average score 0.16699677393961554,
epsilon 0.01,
net worth: 14638.852701287244 [philbot_runner.py::run_philbot -- Line 56]
2025/05/22 12:06:01 [INFO] Running trading game number 87 [philbot_runner.py::run_philbot -- Line 38]
2025/05/22 12:06:03 [INFO] Step: 500, Balance: 5.3576629020752485e-45, Shares: 30.624880389646, Net Worth: 14412.068711367407 [environment.py::render -- Line 86]
2025/05/22 12:06:03 [INFO] Last reward: 0.006222070174688421. [environment.py::step -- Line 69]
2025/05/22 12:06:05 [INFO] Step: 1000, Balance: 2.7888278090163025e-94, Shares: 30.624880389646, Net Worth: 14340.406491255635 [environment.py::render -- Line 86]
2025/05/22 12:06:05 [INFO] Last reward: -0.013857299300817024. [environment.py::step -- Line 69]
2025/05/22 12:06:05 [INFO] episode 87 score 0.16039861998993832,
average score 0.1669217949174601,
epsilon 0.01,
net worth: 14598.574232940351 [philbot_runner.py::run_philbot -- Line 56]
2025/05/22 12:06:05 [INFO] Running trading game number 88 [philbot_runner.py::run_philbot -- Line 38]
2025/05/22 12:06:08 [INFO] Step: 500, Balance: 1.163094068598283e-43, Shares: 30.82086303228175, Net Worth: 14504.298142991793 [environment.py::render -- Line 86]
2025/05/22 12:06:08 [INFO] Last reward: 0.006222070174688484. [environment.py::step -- Line 69]
2025/05/22 12:06:10 [INFO] Step: 1000, Balance: 1.0579305817535463e-93, Shares: 30.82086303228175, Net Worth: 14432.177323496251 [environment.py::render -- Line 86]
2025/05/22 12:06:10 [INFO] Last reward: -0.013857299300817184. [environment.py::step -- Line 69]
2025/05/22 12:06:10 [INFO] episode 88 score 0.16875177837944577,
average score 0.16694235652939252,
epsilon 0.01,
net worth: 14691.997198858387 [philbot_runner.py::run_philbot -- Line 56]
2025/05/22 12:06:10 [INFO] Running trading game number 89 [philbot_runner.py::run_philbot -- Line 38]
2025/05/22 12:06:12 [INFO] Step: 500, Balance: 7.841916623830063e-44, Shares: 30.434195670284392, Net Worth: 14322.332482435835 [environment.py::render -- Line 86]
2025/05/22 12:06:12 [INFO] Last reward: 0.006222070174688416. [environment.py::step -- Line 69]
2025/05/22 12:06:15 [INFO] Step: 1000, Balance: 1.5223756455966804e-93, Shares: 30.434195670284392, Net Worth: 14251.116464567369 [environment.py::render -- Line 86]
2025/05/22 12:06:15 [INFO] Last reward: -0.013857299300817059. [environment.py::step -- Line 69]
2025/05/22 12:06:15 [INFO] episode 89 score 0.15166375445731256,
average score 0.16677259428414717,
epsilon 0.01,
net worth: 14507.676734067867 [philbot_runner.py::run_philbot -- Line 56]
2025/05/22 12:06:15 [INFO] Running trading game number 90 [philbot_runner.py::run_philbot -- Line 38]
2025/05/22 12:06:17 [INFO] Step: 500, Balance: 4.729938570557736e-44, Shares: 30.770327126658927, Net Worth: 14480.515945805691 [environment.py::render -- Line 86]
2025/05/22 12:06:17 [INFO] Last reward: 0.006222070174688403. [environment.py::step -- Line 69]
2025/05/22 12:06:19 [INFO] Step: 1000, Balance: 1.6499094217182706e-88, Shares: 30.770327126658927, Net Worth: 14408.513380329308 [environment.py::render -- Line 86]
2025/05/22 12:06:19 [INFO] Last reward: -0.013857299300817142. [environment.py::step -- Line 69]
2025/05/22 12:06:20 [INFO] episode 90 score 0.17133576613090368,
average score 0.16682273902971595,
epsilon 0.01,
net worth: 14667.907238007043 [philbot_runner.py::run_philbot -- Line 56]
2025/05/22 12:06:20 [INFO] Running trading game number 91 [philbot_runner.py::run_philbot -- Line 38]
2025/05/22 12:06:22 [INFO] Step: 500, Balance: 3.95028501199659e-43, Shares: 30.852774102257598, Net Worth: 14519.315492522426 [environment.py::render -- Line 86]
2025/05/22 12:06:22 [INFO] Last reward: 0.006222070174688403. [environment.py::step -- Line 69]
2025/05/22 12:06:24 [INFO] Step: 1000, Balance: 9.176271251340708e-89, Shares: 30.852774102257598, Net Worth: 14447.120001123143 [environment.py::render -- Line 86]
2025/05/22 12:06:24 [INFO] Last reward: -0.013857299300817097. [environment.py::step -- Line 69]
2025/05/22 12:06:24 [INFO] episode 91 score 0.1665508434991821,
average score 0.1668197836435145,
epsilon 0.01,
net worth: 14707.208886805174 [philbot_runner.py::run_philbot -- Line 56]
2025/05/22 12:06:24 [INFO] Running trading game number 92 [philbot_runner.py::run_philbot -- Line 38]
2025/05/22 12:06:27 [INFO] Step: 500, Balance: 1.452275643601644e-42, Shares: 30.479925723569234, Net Worth: 14343.853045511682 [environment.py::render -- Line 86]
2025/05/22 12:06:27 [INFO] Last reward: 0.006222070174688339. [environment.py::step -- Line 69]
2025/05/22 12:06:29 [INFO] Step: 1000, Balance: 1.2383633341432082e-90, Shares: 30.479925723569234, Net Worth: 14272.53001931853 [environment.py::render -- Line 86]
2025/05/22 12:06:29 [INFO] Last reward: -0.013857299300817071. [environment.py::step -- Line 69]
2025/05/22 12:06:29 [INFO] episode 92 score 0.1524350351072804,
average score 0.16666510892807113,
epsilon 0.01,
net worth: 14529.475793168218 [philbot_runner.py::run_philbot -- Line 56]
2025/05/22 12:06:29 [INFO] Running trading game number 93 [philbot_runner.py::run_philbot -- Line 38]
2025/05/22 12:06:32 [INFO] Step: 500, Balance: 8.241486872338784e-46, Shares: 30.733101669922064, Net Worth: 14462.997645865324 [environment.py::render -- Line 86]
2025/05/22 12:06:32 [INFO] Last reward: 0.006222070174688437. [environment.py::step -- Line 69]
2025/05/22 12:06:34 [INFO] Step: 1000, Balance: 1.2018544699490313e-95, Shares: 30.733101669922064, Net Worth: 14391.082187957705 [environment.py::render -- Line 86]
2025/05/22 12:06:34 [INFO] Last reward: -0.01385729930081708. [environment.py::step -- Line 69]
2025/05/22 12:06:34 [INFO] episode 93 score 0.16910654474159428,
average score 0.1666910816494916,
epsilon 0.01,
net worth: 14650.162235035148 [philbot_runner.py::run_philbot -- Line 56]
2025/05/22 12:06:34 [INFO] Running trading game number 94 [philbot_runner.py::run_philbot -- Line 38]
2025/05/22 12:06:36 [INFO] Step: 500, Balance: 5.668987564916065e-49, Shares: 30.848286477289978, Net Worth: 14517.203616212664 [environment.py::render -- Line 86]
2025/05/22 12:06:36 [INFO] Last reward: 0.006222070174688405. [environment.py::step -- Line 69]
2025/05/22 12:06:39 [INFO] Step: 1000, Balance: 7.070657834575326e-95, Shares: 30.848286477289978, Net Worth: 14445.018625855804 [environment.py::render -- Line 86]
2025/05/22 12:06:39 [INFO] Last reward: -0.013857299300817166. [environment.py::step -- Line 69]
2025/05/22 12:06:39 [INFO] episode 94 score 0.16723288034321346,
average score 0.16669678479363603,
epsilon 0.01,
net worth: 14705.06968085936 [philbot_runner.py::run_philbot -- Line 56]
2025/05/22 12:06:39 [INFO] Running trading game number 95 [philbot_runner.py::run_philbot -- Line 38]
2025/05/22 12:06:41 [INFO] Step: 500, Balance: 2.0180401360788165e-44, Shares: 30.589463638055076, Net Worth: 14395.40158806872 [environment.py::render -- Line 86]
2025/05/22 12:06:41 [INFO] Last reward: 0.006222070174688518. [environment.py::step -- Line 69]
2025/05/22 12:06:43 [INFO] Step: 1000, Balance: 1.0865282822590041e-88, Shares: 30.589463638055076, Net Worth: 14323.82224315567 [environment.py::render -- Line 86]
2025/05/22 12:06:43 [INFO] Last reward: -0.013857299300817095. [environment.py::step -- Line 69]
2025/05/22 12:06:43 [INFO] episode 95 score 0.15615109292629092,
average score 0.16658693383668452,
epsilon 0.01,
net worth: 14581.691421624473 [philbot_runner.py::run_philbot -- Line 56]
2025/05/22 12:06:43 [INFO] Running trading game number 96 [philbot_runner.py::run_philbot -- Line 38]
2025/05/22 12:06:46 [INFO] Step: 500, Balance: 1.1773157533419987e-43, Shares: 30.640276592782993, Net Worth: 14419.314164563677 [environment.py::render -- Line 86]
2025/05/22 12:06:46 [INFO] Last reward: 0.006222070174688381. [environment.py::step -- Line 69]
2025/05/22 12:06:48 [INFO] Step: 1000, Balance: 2.4470529894329144e-91, Shares: 30.640276592782993, Net Worth: 14347.615917336563 [environment.py::render -- Line 86]
2025/05/22 12:06:48 [INFO] Last reward: -0.013857299300817114. [environment.py::step -- Line 69]
2025/05/22 12:06:48 [INFO] episode 96 score 0.1635488631458744,
average score 0.1665556135202844,
epsilon 0.01,
net worth: 14605.913449013724 [philbot_runner.py::run_philbot -- Line 56]
2025/05/22 12:06:48 [INFO] Running trading game number 97 [philbot_runner.py::run_philbot -- Line 38]
2025/05/22 12:06:51 [INFO] Step: 500, Balance: 2.281195268597314e-44, Shares: 30.82764563553378, Net Worth: 14507.490036082198 [environment.py::render -- Line 86]
2025/05/22 12:06:51 [INFO] Last reward: 0.006222070174688369. [environment.py::step -- Line 69]
2025/05/22 12:06:53 [INFO] Step: 1000, Balance: 1.642675166438605e-94, Shares: 30.82764563553378, Net Worth: 14435.353345295049 [environment.py::render -- Line 86]
2025/05/22 12:06:53 [INFO] Last reward: -0.01385729930081708. [environment.py::step -- Line 69]
2025/05/22 12:06:53 [INFO] episode 97 score 0.16859190603845933,
average score 0.1665763920153678,
epsilon 0.01,
net worth: 14695.230398002597 [philbot_runner.py::run_philbot -- Line 56]
2025/05/22 12:06:53 [INFO] Running trading game number 98 [philbot_runner.py::run_philbot -- Line 38]
2025/05/22 12:06:56 [INFO] Step: 500, Balance: 5.61327624430538e-43, Shares: 30.764078830082155, Net Worth: 14477.575497436663 [environment.py::render -- Line 86]
2025/05/22 12:06:56 [INFO] Last reward: 0.006222070174688356. [environment.py::step -- Line 69]
2025/05/22 12:06:58 [INFO] Step: 1000, Balance: 5.59101394374628e-91, Shares: 30.764078830082155, Net Worth: 14405.58755297427 [environment.py::render -- Line 86]
2025/05/22 12:06:58 [INFO] Last reward: -0.013857299300817074. [environment.py::step -- Line 69]
2025/05/22 12:06:58 [INFO] episode 98 score 0.16236873900592141,
average score 0.1665338904698178,
epsilon 0.01,
net worth: 14664.928737511862 [philbot_runner.py::run_philbot -- Line 56]
2025/05/22 12:06:58 [INFO] Running trading game number 99 [philbot_runner.py::run_philbot -- Line 38]
2025/05/22 12:07:00 [INFO] Step: 500, Balance: 2.383360362467103e-42, Shares: 30.74023328286719, Net Worth: 14466.3537829173 [environment.py::render -- Line 86]
2025/05/22 12:07:00 [INFO] Last reward: 0.00622207017468833. [environment.py::step -- Line 69]
2025/05/22 12:07:03 [INFO] Step: 1000, Balance: 1.765030406872848e-88, Shares: 30.74023328286719, Net Worth: 14394.42163703539 [environment.py::render -- Line 86]
2025/05/22 12:07:03 [INFO] Last reward: -0.013857299300817116. [environment.py::step -- Line 69]
2025/05/22 12:07:03 [INFO] episode 99 score 0.1630083708064523,
average score 0.16649863527318418,
epsilon 0.01,
net worth: 14653.56180360996 [philbot_runner.py::run_philbot -- Line 56]
2025/05/22 12:07:03 [INFO] Log available at logs/philbot_runner/scott-atkinson_20250522_vffY.log [log_wu.py::run_with_logging -- Line 49]
