2025/05/22 11:49:26 [INFO] Namespace: conf: {'logging_path': 'logs/philbot_runner', 'pipeline_id': None, 'trade_file': 'data/scott-atkinson_20250521_osvC/SPY_2020-01-01_2023-12-31_Day_scott-atkinson_20250521_osvC.csv', 'cash_at_risk': 0.5, 'gamma': 0.99, 'epsilon': 1.0, 'batch_size': 64, 'n_actions': 4, 'eps_min': 0.01, 'input_dims': [6], 'lr': 0.003, 'n_games': 20, 'report_filepath': 'images/philbot/spy_day_trade.png'}, logging_path: logs/philbot_runner, pipeline_id: scott-atkinson_20250522_TuqF, trade_file: data/scott-atkinson_20250521_osvC/SPY_2020-01-01_2023-12-31_Day_scott-atkinson_20250521_osvC.csv, cash_at_risk: 0.5, gamma: 0.99, epsilon: 1.0, batch_size: 64, n_actions: 4, eps_min: 0.01, input_dims: [6], lr: 0.003, n_games: 20, report_filepath: images/philbot/spy_day_trade.png, logfile: logs/philbot_runner/scott-atkinson_20250522_TuqF.log, save_directory: images/philbot/scott-atkinson_20250522_TuqF, scores_plot_filename: scores_plot_scott-atkinson_20250522_TuqF.png, scores_plot_path: images/philbot/scott-atkinson_20250522_TuqF/scores_plot_scott-atkinson_20250522_TuqF.png, net_worths_plot_filename: net_worths_plot_scott-atkinson_20250522_TuqF.png, net_worths_plot_path: images/philbot/scott-atkinson_20250522_TuqF/net_worths_plot_scott-atkinson_20250522_TuqF.png [philbot_runner.py::<module> -- Line 37]
2025/05/22 11:49:26 [INFO] Running main() of /Users/scott.atkinson/src/reinfin/bin/agents/philbot_runner.py [philbot_runner.py::<module> -- Line 39]
2025/05/22 11:49:26 [INFO] Log will appear at logs/philbot_runner/scott-atkinson_20250522_TuqF.log [philbot_runner.py::<module> -- Line 40]
2025/05/22 11:49:26 [INFO] Loading trade_file from data/scott-atkinson_20250521_osvC/SPY_2020-01-01_2023-12-31_Day_scott-atkinson_20250521_osvC.csv. [philbot_runner.py::run_philbot -- Line 17]
2025/05/22 11:49:26 [INFO] Instantiating Environment for trade_file with cash at risk: 0.5. [philbot_runner.py::run_philbot -- Line 20]
2025/05/22 11:49:26 [INFO] Instantiating Agent according to config. [philbot_runner.py::run_philbot -- Line 24]
2025/05/22 11:49:28 [INFO] Running trading game number 0 [philbot_runner.py::run_philbot -- Line 38]
2025/05/22 11:49:29 [INFO] Step: 500, Balance: 1.1415019670471544e-43, Shares: 30.760921185631418, Net Worth: 14476.089509958147 [environment.py::render -- Line 86]
2025/05/22 11:49:29 [INFO] Last reward: 0.006222070174688535. [environment.py::step -- Line 69]
2025/05/22 11:49:30 [INFO] Step: 1000, Balance: 5.841368474116038e-88, Shares: 30.760921185631418, Net Worth: 14404.108954383768 [environment.py::render -- Line 86]
2025/05/22 11:49:30 [INFO] Last reward: -0.013857299300817073. [environment.py::step -- Line 69]
2025/05/22 11:49:30 [INFO] episode 0 score 0.48177400267196485,
average score 0.48177400267196485,
epsilon 0.5290000000000519,
net worth: 14663.42351997864 [philbot_runner.py::run_philbot -- Line 56]
2025/05/22 11:49:30 [INFO] Running trading game number 1 [philbot_runner.py::run_philbot -- Line 38]
2025/05/22 11:49:31 [INFO] Step: 500, Balance: 6.38430529140346e-41, Shares: 30.740844339813687, Net Worth: 14466.641346316323 [environment.py::render -- Line 86]
2025/05/22 11:49:31 [INFO] Last reward: 0.00622207017468845. [environment.py::step -- Line 69]
2025/05/22 11:49:32 [INFO] Step: 1000, Balance: 9.888099937461274e-85, Shares: 30.740844339813687, Net Worth: 14394.707770561157 [environment.py::render -- Line 86]
2025/05/22 11:49:32 [INFO] Last reward: -0.013857299300817125. [environment.py::step -- Line 69]
2025/05/22 11:49:33 [INFO] episode 1 score 0.1630739144054824,
average score 0.32242395853872363,
epsilon 0.026500000000054647,
net worth: 14653.853088345786 [philbot_runner.py::run_philbot -- Line 56]
2025/05/22 11:49:33 [INFO] Running trading game number 2 [philbot_runner.py::run_philbot -- Line 38]
2025/05/22 11:49:34 [INFO] Step: 500, Balance: 5.16469034980735e-38, Shares: 30.36827489497228, Net Worth: 14291.310165573956 [environment.py::render -- Line 86]
2025/05/22 11:49:34 [INFO] Last reward: 0.006222070174688412. [environment.py::step -- Line 69]
2025/05/22 11:49:35 [INFO] Step: 1000, Balance: 4.0188052940124806e-82, Shares: 30.36827489497228, Net Worth: 14220.24840231972 [environment.py::render -- Line 86]
2025/05/22 11:49:35 [INFO] Last reward: -0.01385729930081714. [environment.py::step -- Line 69]
2025/05/22 11:49:35 [INFO] episode 2 score 0.1512089552615927,
average score 0.26535229077968,
epsilon 0.01,
net worth: 14476.252959684336 [philbot_runner.py::run_philbot -- Line 56]
2025/05/22 11:49:35 [INFO] Running trading game number 3 [philbot_runner.py::run_philbot -- Line 38]
2025/05/22 11:49:36 [INFO] Step: 500, Balance: 1.7818860710871532e-39, Shares: 30.746046451257882, Net Worth: 14469.08945996196 [environment.py::render -- Line 86]
2025/05/22 11:49:36 [INFO] Last reward: 0.006222070174688472. [environment.py::step -- Line 69]
2025/05/22 11:49:38 [INFO] Step: 1000, Balance: 4.5839182093636367e-82, Shares: 30.746046451257882, Net Worth: 14397.143711266015 [environment.py::render -- Line 86]
2025/05/22 11:49:38 [INFO] Last reward: -0.013857299300817128. [environment.py::step -- Line 69]
2025/05/22 11:49:38 [INFO] episode 3 score 0.1720694590395103,
average score 0.24203158284463758,
epsilon 0.01,
net worth: 14656.33288285012 [philbot_runner.py::run_philbot -- Line 56]
2025/05/22 11:49:38 [INFO] Running trading game number 4 [philbot_runner.py::run_philbot -- Line 38]
2025/05/22 11:49:39 [INFO] Step: 500, Balance: 9.874184000418638e-43, Shares: 30.588622503558174, Net Worth: 14395.005750174478 [environment.py::render -- Line 86]
2025/05/22 11:49:39 [INFO] Last reward: 0.006222070174688467. [environment.py::step -- Line 69]
2025/05/22 11:49:40 [INFO] Step: 1000, Balance: 4.929948151299539e-90, Shares: 30.588622503558174, Net Worth: 14323.42837351615 [environment.py::render -- Line 86]
2025/05/22 11:49:40 [INFO] Last reward: -0.013857299300817092. [environment.py::step -- Line 69]
2025/05/22 11:49:40 [INFO] episode 4 score 0.15822978468012594,
average score 0.22527122321173526,
epsilon 0.01,
net worth: 14581.290461221146 [philbot_runner.py::run_philbot -- Line 56]
2025/05/22 11:49:40 [INFO] Running trading game number 5 [philbot_runner.py::run_philbot -- Line 38]
2025/05/22 11:49:42 [INFO] Step: 500, Balance: 3.0590943324959966e-43, Shares: 30.68063911401614, Net Worth: 14438.308767055996 [environment.py::render -- Line 86]
2025/05/22 11:49:42 [INFO] Last reward: 0.006222070174688342. [environment.py::step -- Line 69]
2025/05/22 11:49:43 [INFO] Step: 1000, Balance: 8.892343395548878e-88, Shares: 30.68063911401614, Net Worth: 14366.516071529199 [environment.py::render -- Line 86]
2025/05/22 11:49:43 [INFO] Last reward: -0.013857299300817107. [environment.py::step -- Line 69]
2025/05/22 11:49:43 [INFO] episode 5 score 0.16493384372247233,
average score 0.21521499329685811,
epsilon 0.01,
net worth: 14625.153859260354 [philbot_runner.py::run_philbot -- Line 56]
2025/05/22 11:49:43 [INFO] Running trading game number 6 [philbot_runner.py::run_philbot -- Line 38]
2025/05/22 11:49:44 [INFO] Step: 500, Balance: 1.6127833867350448e-42, Shares: 30.78763841516988, Net Worth: 14488.662638178947 [environment.py::render -- Line 86]
2025/05/22 11:49:44 [INFO] Last reward: 0.006222070174688411. [environment.py::step -- Line 69]
2025/05/22 11:49:45 [INFO] Step: 1000, Balance: 2.4428495798572876e-87, Shares: 30.78763841516988, Net Worth: 14416.619564287448 [environment.py::render -- Line 86]
2025/05/22 11:49:45 [INFO] Last reward: -0.01385729930081708. [environment.py::step -- Line 69]
2025/05/22 11:49:46 [INFO] episode 6 score 0.1663729930554314,
average score 0.20823756469094,
epsilon 0.01,
net worth: 14676.15935612733 [philbot_runner.py::run_philbot -- Line 56]
2025/05/22 11:49:46 [INFO] Running trading game number 7 [philbot_runner.py::run_philbot -- Line 38]
2025/05/22 11:49:47 [INFO] Step: 500, Balance: 3.5120007025217545e-44, Shares: 30.757914900422396, Net Worth: 14474.67475213878 [environment.py::render -- Line 86]
2025/05/22 11:49:47 [INFO] Last reward: 0.006222070174688424. [environment.py::step -- Line 69]
2025/05/22 11:49:48 [INFO] Step: 1000, Balance: 2.0383082234684197e-90, Shares: 30.757914900422396, Net Worth: 14402.70123127179 [environment.py::render -- Line 86]
2025/05/22 11:49:48 [INFO] Last reward: -0.013857299300817059. [environment.py::step -- Line 69]
2025/05/22 11:49:48 [INFO] episode 7 score 0.1630504328988355,
average score 0.20258917321692693,
epsilon 0.01,
net worth: 14661.990453882352 [philbot_runner.py::run_philbot -- Line 56]
2025/05/22 11:49:48 [INFO] Running trading game number 8 [philbot_runner.py::run_philbot -- Line 38]
2025/05/22 11:49:50 [INFO] Step: 500, Balance: 8.081327218485658e-41, Shares: 30.81941401352303, Net Worth: 14503.616234763938 [environment.py::render -- Line 86]
2025/05/22 11:49:50 [INFO] Last reward: 0.006222070174688393. [environment.py::step -- Line 69]
2025/05/22 11:49:51 [INFO] Step: 1000, Balance: 1.0228311956854969e-85, Shares: 30.81941401352303, Net Worth: 14431.498805972295 [environment.py::render -- Line 86]
2025/05/22 11:49:51 [INFO] Last reward: -0.013857299300817024. [environment.py::step -- Line 69]
2025/05/22 11:49:51 [INFO] episode 8 score 0.16569009461001358,
average score 0.19848927559393656,
epsilon 0.01,
net worth: 14691.306466106293 [philbot_runner.py::run_philbot -- Line 56]
2025/05/22 11:49:51 [INFO] Running trading game number 9 [philbot_runner.py::run_philbot -- Line 38]
2025/05/22 11:49:52 [INFO] Step: 500, Balance: 2.793864878691445e-40, Shares: 30.43341493926376, Net Worth: 14321.965070417526 [environment.py::render -- Line 86]
2025/05/22 11:49:52 [INFO] Last reward: 0.006222070174688343. [environment.py::step -- Line 69]
2025/05/22 11:49:54 [INFO] Step: 1000, Balance: 7.009225441295183e-84, Shares: 30.43341493926376, Net Worth: 14250.750879459647 [environment.py::render -- Line 86]
2025/05/22 11:49:54 [INFO] Last reward: -0.013857299300817097. [environment.py::step -- Line 69]
2025/05/22 11:49:54 [INFO] episode 9 score 0.1515629827689795,
average score 0.19379664631144083,
epsilon 0.01,
net worth: 14507.304567397641 [philbot_runner.py::run_philbot -- Line 56]
2025/05/22 11:49:54 [INFO] Running trading game number 10 [philbot_runner.py::run_philbot -- Line 38]
2025/05/22 11:49:55 [INFO] Step: 500, Balance: 2.481816203934461e-42, Shares: 30.82957402090149, Net Worth: 14508.397534236241 [environment.py::render -- Line 86]
2025/05/22 11:49:55 [INFO] Last reward: 0.006222070174688384. [environment.py::step -- Line 69]
2025/05/22 11:49:57 [INFO] Step: 1000, Balance: 2.128135472972348e-88, Shares: 30.82957402090149, Net Worth: 14436.25633102733 [environment.py::render -- Line 86]
2025/05/22 11:49:57 [INFO] Last reward: -0.013857299300817088. [environment.py::step -- Line 69]
2025/05/22 11:49:57 [INFO] episode 10 score 0.1733091756236276,
average score 0.1919341489761851,
epsilon 0.01,
net worth: 14696.14964002353 [philbot_runner.py::run_philbot -- Line 56]
2025/05/22 11:49:57 [INFO] Running trading game number 11 [philbot_runner.py::run_philbot -- Line 38]
2025/05/22 11:49:58 [INFO] Step: 500, Balance: 7.957729580762285e-43, Shares: 30.549371058546228, Net Worth: 14376.534020151856 [environment.py::render -- Line 86]
2025/05/22 11:49:58 [INFO] Last reward: 0.006222070174688414. [environment.py::step -- Line 69]
2025/05/22 11:50:00 [INFO] Step: 1000, Balance: 1.628501252015812e-89, Shares: 30.549371058546228, Net Worth: 14305.048491874857 [environment.py::render -- Line 86]
2025/05/22 11:50:00 [INFO] Last reward: -0.013857299300816998. [environment.py::step -- Line 69]
2025/05/22 11:50:00 [INFO] episode 11 score 0.15527404810779186,
average score 0.1888791405704857,
epsilon 0.01,
net worth: 14562.5796898984 [philbot_runner.py::run_philbot -- Line 56]
2025/05/22 11:50:00 [INFO] Running trading game number 12 [philbot_runner.py::run_philbot -- Line 38]
2025/05/22 11:50:01 [INFO] Step: 500, Balance: 6.162498668305448e-44, Shares: 30.84173430706044, Net Worth: 14514.120164902644 [environment.py::render -- Line 86]
2025/05/22 11:50:01 [INFO] Last reward: 0.006222070174688387. [environment.py::step -- Line 69]
2025/05/22 11:50:02 [INFO] Step: 1000, Balance: 1.1792191301354248e-88, Shares: 30.84173430706044, Net Worth: 14441.950506624122 [environment.py::render -- Line 86]
2025/05/22 11:50:02 [INFO] Last reward: -0.013857299300817099. [environment.py::step -- Line 69]
2025/05/22 11:50:02 [INFO] episode 12 score 0.17113005019151667,
average score 0.1875138259259496,
epsilon 0.01,
net worth: 14701.946326832642 [philbot_runner.py::run_philbot -- Line 56]
2025/05/22 11:50:02 [INFO] Running trading game number 13 [philbot_runner.py::run_philbot -- Line 38]
2025/05/22 11:50:04 [INFO] Step: 500, Balance: 1.3969793244543186e-42, Shares: 30.798091485107648, Net Worth: 14493.581852891659 [environment.py::render -- Line 86]
2025/05/22 11:50:04 [INFO] Last reward: 0.006222070174688363. [environment.py::step -- Line 69]
2025/05/22 11:50:05 [INFO] Step: 1000, Balance: 6.1098751750269935e-89, Shares: 30.798091485107648, Net Worth: 14421.514318816508 [environment.py::render -- Line 86]
2025/05/22 11:50:05 [INFO] Last reward: -0.013857299300817088. [environment.py::step -- Line 69]
2025/05/22 11:50:05 [INFO] episode 13 score 0.16313297360894,
average score 0.18577233647473462,
epsilon 0.01,
net worth: 14681.142230035965 [philbot_runner.py::run_philbot -- Line 56]
2025/05/22 11:50:05 [INFO] Running trading game number 14 [philbot_runner.py::run_philbot -- Line 38]
2025/05/22 11:50:07 [INFO] Step: 500, Balance: 3.58194248624687e-43, Shares: 30.377722343381333, Net Worth: 14295.756134795256 [environment.py::render -- Line 86]
2025/05/22 11:50:07 [INFO] Last reward: 0.006222070174688435. [environment.py::step -- Line 69]
2025/05/22 11:50:08 [INFO] Step: 1000, Balance: 1.5098281883139514e-84, Shares: 30.377722343381333, Net Worth: 14224.672264511742 [environment.py::render -- Line 86]
2025/05/22 11:50:08 [INFO] Last reward: -0.01385729930081708. [environment.py::step -- Line 69]
2025/05/22 11:50:08 [INFO] episode 14 score 0.15012381458419793,
average score 0.18339576834869886,
epsilon 0.01,
net worth: 14480.756463866448 [philbot_runner.py::run_philbot -- Line 56]
2025/05/22 11:50:08 [INFO] Running trading game number 15 [philbot_runner.py::run_philbot -- Line 38]
2025/05/22 11:50:10 [INFO] Step: 500, Balance: 7.053606891565435e-39, Shares: 30.84253768341932, Net Worth: 14514.498233817132 [environment.py::render -- Line 86]
2025/05/22 11:50:10 [INFO] Last reward: 0.0062220701746883945. [environment.py::step -- Line 69]
2025/05/22 11:50:11 [INFO] Step: 1000, Balance: 2.5284985288885004e-83, Shares: 30.84253768341932, Net Worth: 14442.32669563793 [environment.py::render -- Line 86]
2025/05/22 11:50:11 [INFO] Last reward: -0.013857299300817081. [environment.py::step -- Line 69]
2025/05/22 11:50:11 [INFO] episode 15 score 0.17502078306081034,
average score 0.1828723317682058,
epsilon 0.01,
net worth: 14702.329288309154 [philbot_runner.py::run_philbot -- Line 56]
2025/05/22 11:50:11 [INFO] Running trading game number 16 [philbot_runner.py::run_philbot -- Line 38]
2025/05/22 11:50:12 [INFO] Step: 500, Balance: 9.81545116176431e-44, Shares: 30.88496179851091, Net Worth: 14534.463022379236 [environment.py::render -- Line 86]
2025/05/22 11:50:12 [INFO] Last reward: 0.006222070174688381. [environment.py::step -- Line 69]
2025/05/22 11:50:14 [INFO] Step: 1000, Balance: 4.086955775641015e-91, Shares: 30.88496179851091, Net Worth: 14462.192211770718 [environment.py::render -- Line 86]
2025/05/22 11:50:14 [INFO] Last reward: -0.013857299300817092. [environment.py::step -- Line 69]
2025/05/22 11:50:14 [INFO] episode 16 score 0.1659858736050147,
average score 0.1818790106997828,
epsilon 0.01,
net worth: 14722.552439732166 [philbot_runner.py::run_philbot -- Line 56]
2025/05/22 11:50:14 [INFO] Running trading game number 17 [philbot_runner.py::run_philbot -- Line 38]
2025/05/22 11:50:15 [INFO] Step: 500, Balance: 4.241899312634204e-41, Shares: 30.739677520848286, Net Worth: 14466.092241311204 [environment.py::render -- Line 86]
2025/05/22 11:50:15 [INFO] Last reward: 0.006222070174688458. [environment.py::step -- Line 69]
2025/05/22 11:50:17 [INFO] Step: 1000, Balance: 2.1266922968148287e-89, Shares: 30.739677520848286, Net Worth: 14394.161395912419 [environment.py::render -- Line 86]
2025/05/22 11:50:17 [INFO] Last reward: -0.013857299300817088. [environment.py::step -- Line 69]
2025/05/22 11:50:17 [INFO] episode 17 score 0.16024501575503775,
average score 0.18067712209174142,
epsilon 0.01,
net worth: 14653.29687741317 [philbot_runner.py::run_philbot -- Line 56]
2025/05/22 11:50:17 [INFO] Running trading game number 18 [philbot_runner.py::run_philbot -- Line 38]
2025/05/22 11:50:18 [INFO] Step: 500, Balance: 8.009007189410688e-42, Shares: 30.84557954714721, Net Worth: 14515.929734887477 [environment.py::render -- Line 86]
2025/05/22 11:50:18 [INFO] Last reward: 0.006222070174688378. [environment.py::step -- Line 69]
2025/05/22 11:50:20 [INFO] Step: 1000, Balance: 9.552385895840188e-91, Shares: 30.84557954714721, Net Worth: 14443.751078747153 [environment.py::render -- Line 86]
2025/05/22 11:50:20 [INFO] Last reward: -0.013857299300817073. [environment.py::step -- Line 69]
2025/05/22 11:50:20 [INFO] episode 18 score 0.16696416971647707,
average score 0.17995538775620118,
epsilon 0.01,
net worth: 14703.779314329604 [philbot_runner.py::run_philbot -- Line 56]
2025/05/22 11:50:20 [INFO] Running trading game number 19 [philbot_runner.py::run_philbot -- Line 38]
2025/05/22 11:50:21 [INFO] Step: 500, Balance: 2.455364069032529e-41, Shares: 30.728454195368084, Net Worth: 14460.81054434022 [environment.py::render -- Line 86]
2025/05/22 11:50:21 [INFO] Last reward: 0.006222070174688413. [environment.py::step -- Line 69]
2025/05/22 11:50:23 [INFO] Step: 1000, Balance: 3.220684451486254e-88, Shares: 30.728454195368084, Net Worth: 14388.905961523058 [environment.py::render -- Line 86]
2025/05/22 11:50:23 [INFO] Last reward: -0.013857299300817095. [environment.py::step -- Line 69]
2025/05/22 11:50:23 [INFO] episode 19 score 0.16080755412704406,
average score 0.17899799607474332,
epsilon 0.01,
net worth: 14647.946830390012 [philbot_runner.py::run_philbot -- Line 56]
2025/05/22 11:50:23 [INFO] Log available at logs/philbot_runner/scott-atkinson_20250522_TuqF.log [log_wu.py::run_with_logging -- Line 49]
