2025/05/22 14:29:02 [INFO] Namespace: conf: {'logging_path': 'logs/philbot_runner', 'pipeline_id': None, 'trade_file': 'data/scott-atkinson_20250521_osvC/SPY_2020-01-01_2023-12-31_Day_scott-atkinson_20250521_osvC.csv', 'cash_at_risk': 0.1, 'gamma': 0.99, 'epsilon': 1.0, 'batch_size': 64, 'n_actions': 4, 'eps_min': 0.01, 'eps_dec': 5e-05, 'input_dims': [6], 'lr': 0.003, 'n_games': 5}, logging_path: logs/philbot_runner, pipeline_id: scott-atkinson_20250522_xB7B, trade_file: data/scott-atkinson_20250521_osvC/SPY_2020-01-01_2023-12-31_Day_scott-atkinson_20250521_osvC.csv, cash_at_risk: 0.1, gamma: 0.99, epsilon: 1.0, batch_size: 64, n_actions: 4, eps_min: 0.01, eps_dec: 5e-05, input_dims: [6], lr: 0.003, n_games: 5, logfile: logs/philbot_runner/scott-atkinson_20250522_xB7B.log, save_directory: images/philbot/scott-atkinson_20250522_xB7B, scores_plot_filename: scores_plot_scott-atkinson_20250522_xB7B.png, scores_plot_path: images/philbot/scott-atkinson_20250522_xB7B/scores_plot_scott-atkinson_20250522_xB7B.png, net_worths_plot_filename: net_worths_plot_scott-atkinson_20250522_xB7B.png, net_worths_plot_path: images/philbot/scott-atkinson_20250522_xB7B/net_worths_plot_scott-atkinson_20250522_xB7B.png, actions_plot_filename: actions_plot_scott-atkinson_20250522_xB7B.png, actions_plot_path: images/philbot/scott-atkinson_20250522_xB7B/actions_plot_scott-atkinson_20250522_xB7B.png [philbot_runner.py::<module> -- Line 37]
2025/05/22 14:29:02 [INFO] Running main() of /Users/scott.atkinson/src/reinfin/bin/agents/philbot_runner.py [philbot_runner.py::<module> -- Line 39]
2025/05/22 14:29:02 [INFO] Log will appear at logs/philbot_runner/scott-atkinson_20250522_xB7B.log [philbot_runner.py::<module> -- Line 40]
2025/05/22 14:29:02 [INFO] Loading trade_file from data/scott-atkinson_20250521_osvC/SPY_2020-01-01_2023-12-31_Day_scott-atkinson_20250521_osvC.csv. [philbot_runner.py::run_philbot -- Line 17]
2025/05/22 14:29:02 [INFO] Instantiating Environment for trade_file with cash at risk: 0.1. [philbot_runner.py::run_philbot -- Line 20]
2025/05/22 14:29:02 [INFO] Instantiating Agent according to config. [philbot_runner.py::run_philbot -- Line 24]
2025/05/22 14:29:03 [INFO] Running trading game number 0 [philbot_runner.py::run_philbot -- Line 39]
2025/05/22 14:29:03 [INFO] Step: 1, Balance: 10000, Shares: 0, Net Worth: 10000.0 [environment.py::render -- Line 104]
2025/05/22 14:29:03 [INFO] Purchasing 2.3260862822938315 shares at current price 322.43 for 750.0000000000001 dollars. [environment.py::resolve_action_tuple -- Line 86]
2025/05/22 14:29:03 [INFO] Step: 6, Balance: 7935.936328125, Shares: 6.373170233081272, Net Worth: 10017.349994547012 [environment.py::render -- Line 104]
2025/05/22 14:29:03 [INFO] Purchasing 1.8277706197315289 shares at current price 325.64 for 595.195224609375 dollars. [environment.py::resolve_action_tuple -- Line 86]
2025/05/22 14:29:04 [INFO] Step: 500, Balance: 0.9954581803769391, Shares: 31.886532938682382, Net Worth: 15006.797859124308 [environment.py::render -- Line 104]
2025/05/22 14:29:04 [INFO] Last reward: 0.0062216548731388. [environment.py::step -- Line 70]
2025/05/22 14:29:04 [INFO] Last net worth: 14914.00804827274. [environment.py::step -- Line 71]
2025/05/22 14:29:05 [INFO] Step: 1000, Balance: 0.9954581803769391, Shares: 31.886532938682382, Net Worth: 14932.18337204779 [environment.py::render -- Line 104]
2025/05/22 14:29:05 [INFO] Last reward: -0.013856388300625523. [environment.py::step -- Line 70]
2025/05/22 14:29:05 [INFO] Last net worth: 15141.996758784318. [environment.py::step -- Line 71]
2025/05/22 14:29:05 [INFO] episode 0 score 0.5047916400296404,
average score 0.5047916400296404,
epsilon 0.9529000000000052,
net worth: 15200.986844720883 [philbot_runner.py::run_philbot -- Line 58]
2025/05/22 14:29:05 [INFO] Running trading game number 1 [philbot_runner.py::run_philbot -- Line 39]
2025/05/22 14:29:05 [INFO] Step: 0, Balance: 10000, Shares: 0, Net Worth: 10000 [environment.py::render -- Line 104]
2025/05/22 14:29:05 [INFO] Purchasing 1.5390771693292702 shares at current price 324.87 for 500.0 dollars. [environment.py::resolve_action_tuple -- Line 86]
2025/05/22 14:29:05 [INFO] Step: 11, Balance: 6992.5646321521, Shares: 9.21090854327255, Net Worth: 10040.085832779256 [environment.py::render -- Line 104]
2025/05/22 14:29:05 [INFO] Purchasing 1.5795980464787434 shares at current price 332.01 for 524.4423474114076 dollars. [environment.py::resolve_action_tuple -- Line 86]
2025/05/22 14:29:07 [INFO] Step: 500, Balance: 0.941209491811312, Shares: 32.46288381606851, Net Worth: 15277.974333333654 [environment.py::render -- Line 104]
2025/05/22 14:29:07 [INFO] Last reward: 0.006221684475167453. [environment.py::step -- Line 70]
2025/05/22 14:29:07 [INFO] Last net worth: 15183.507341428895. [environment.py::step -- Line 71]
2025/05/22 14:29:08 [INFO] Step: 1000, Balance: 0.941209491811312, Shares: 32.46288381606851, Net Worth: 15202.011185204054 [environment.py::render -- Line 104]
2025/05/22 14:29:08 [INFO] Last reward: -0.013856453235319583. [environment.py::step -- Line 70]
2025/05/22 14:29:08 [INFO] Last net worth: 15415.616960713784. [environment.py::step -- Line 71]
2025/05/22 14:29:08 [INFO] episode 1 score 0.1763518634066219,
average score 0.34057175171813114,
epsilon 0.9026500000000107,
net worth: 15475.673295773511 [philbot_runner.py::run_philbot -- Line 58]
2025/05/22 14:29:08 [INFO] Running trading game number 2 [philbot_runner.py::run_philbot -- Line 39]
2025/05/22 14:29:08 [INFO] Step: 1, Balance: 10000, Shares: 0, Net Worth: 10000.0 [environment.py::render -- Line 104]
2025/05/22 14:29:08 [INFO] Purchasing 2.3260862822938315 shares at current price 322.43 for 750.0000000000001 dollars. [environment.py::resolve_action_tuple -- Line 86]
2025/05/22 14:29:08 [INFO] Step: 3, Balance: 8787.5, Shares: 3.7547459678342507, Net Worth: 10003.023912166982 [environment.py::render -- Line 104]
2025/05/22 14:29:08 [INFO] Purchasing 2.0420849600297455 shares at current price 322.74 for 659.0625000000001 dollars. [environment.py::resolve_action_tuple -- Line 86]
2025/05/22 14:29:08 [INFO] Step: 4, Balance: 8128.4375, Shares: 5.796830927863996, Net Worth: 9999.306713658825 [environment.py::render -- Line 104]
2025/05/22 14:29:08 [INFO] Purchasing 1.8791468235620494 shares at current price 324.42 for 609.6328125000001 dollars. [environment.py::resolve_action_tuple -- Line 86]
2025/05/22 14:29:08 [INFO] Step: 6, Balance: 7142.864453125, Shares: 8.8270853615029, Net Worth: 10025.702261338232 [environment.py::render -- Line 104]
2025/05/22 14:29:08 [INFO] Purchasing 1.6451137267669056 shares at current price 325.64 for 535.7148339843751 dollars. [environment.py::resolve_action_tuple -- Line 86]
2025/05/22 14:29:09 [INFO] Step: 500, Balance: 0.93925542428677, Shares: 32.04081526327328, Net Worth: 15079.346918320693 [environment.py::render -- Line 104]
2025/05/22 14:29:09 [INFO] Last reward: 0.006221680205985023. [environment.py::step -- Line 70]
2025/05/22 14:29:09 [INFO] Last net worth: 14986.108145904567. [environment.py::step -- Line 71]
2025/05/22 14:29:11 [INFO] Step: 1000, Balance: 0.93925542428677, Shares: 32.04081526327328, Net Worth: 15004.371410604632 [environment.py::render -- Line 104]
2025/05/22 14:29:11 [INFO] Last reward: -0.013856443870487243. [environment.py::step -- Line 70]
2025/05/22 14:29:11 [INFO] Last net worth: 15215.19997503697. [environment.py::step -- Line 71]
2025/05/22 14:29:11 [INFO] episode 2 score 0.1531266800263562,
average score 0.27809006115420615,
epsilon 0.8524000000000163,
net worth: 15274.475483274025 [philbot_runner.py::run_philbot -- Line 58]
2025/05/22 14:29:11 [INFO] Running trading game number 3 [philbot_runner.py::run_philbot -- Line 39]
2025/05/22 14:29:11 [INFO] Step: 5, Balance: 8579.390625, Shares: 4.39589397657158, Net Worth: 10005.506548879352 [environment.py::render -- Line 104]
2025/05/22 14:29:11 [INFO] Purchasing 1.9702204503352831 shares at current price 326.59 for 643.4542968750001 dollars. [environment.py::resolve_action_tuple -- Line 86]
2025/05/22 14:29:12 [INFO] Step: 500, Balance: 0.9807457009247944, Shares: 32.41392428793912, Net Worth: 15254.973515605074 [environment.py::render -- Line 104]
2025/05/22 14:29:12 [INFO] Last reward: 0.006221667667607261. [environment.py::step -- Line 70]
2025/05/22 14:29:12 [INFO] Last net worth: 15160.648995927171. [environment.py::step -- Line 71]
2025/05/22 14:29:13 [INFO] Step: 1000, Balance: 0.9807457009247944, Shares: 32.41392428793912, Net Worth: 15179.124932771296 [environment.py::render -- Line 104]
2025/05/22 14:29:13 [INFO] Last reward: -0.013856416366436293. [environment.py::step -- Line 70]
2025/05/22 14:29:13 [INFO] Last net worth: 15392.408554585934. [environment.py::step -- Line 71]
2025/05/22 14:29:14 [INFO] episode 3 score 0.17295821855860377,
average score 0.2518071005053056,
epsilon 0.8021500000000218,
net worth: 15452.374314518622 [philbot_runner.py::run_philbot -- Line 58]
2025/05/22 14:29:14 [INFO] Running trading game number 4 [philbot_runner.py::run_philbot -- Line 39]
2025/05/22 14:29:14 [INFO] Step: 0, Balance: 10000, Shares: 0, Net Worth: 10000 [environment.py::render -- Line 104]
2025/05/22 14:29:14 [INFO] Purchasing 2.3086157539939056 shares at current price 324.87 for 750.0000000000001 dollars. [environment.py::resolve_action_tuple -- Line 86]
2025/05/22 14:29:14 [INFO] Step: 5, Balance: 8359.11298828125, Shares: 5.0641152448387725, Net Worth: 10002.013256011844 [environment.py::render -- Line 104]
2025/05/22 14:29:14 [INFO] Purchasing 1.9196346309473464 shares at current price 326.59 for 626.9334741210938 dollars. [environment.py::resolve_action_tuple -- Line 86]
2025/05/22 14:29:14 [INFO] Step: 7, Balance: 7732.179514160155, Shares: 6.983749875786119, Net Worth: 10006.367823711147 [environment.py::render -- Line 104]
2025/05/22 14:29:14 [INFO] Purchasing 1.76846018407542 shares at current price 327.92 for 579.9134635620118 dollars. [environment.py::resolve_action_tuple -- Line 86]
2025/05/22 14:29:14 [INFO] Step: 8, Balance: 7152.266050598143, Shares: 8.75221005986154, Net Worth: 10022.29077342794 [environment.py::render -- Line 104]
2025/05/22 14:29:14 [INFO] Purchasing 1.6383237242528275 shares at current price 327.42 for 536.4199537948608 dollars. [environment.py::resolve_action_tuple -- Line 86]
2025/05/22 14:29:15 [INFO] Step: 500, Balance: 0.9355235384819329, Shares: 31.529976259290635, Net Worth: 14838.942351160656 [environment.py::render -- Line 104]
2025/05/22 14:29:15 [INFO] Last reward: 0.0062216754626749. [environment.py::step -- Line 70]
2025/05/22 14:29:15 [INFO] Last net worth: 14747.19012024612. [environment.py::step -- Line 71]
2025/05/22 14:29:16 [INFO] Step: 1000, Balance: 0.9355235384819329, Shares: 31.529976259290635, Net Worth: 14765.162206713916 [environment.py::render -- Line 104]
2025/05/22 14:29:16 [INFO] Last reward: -0.013856433465613011. [environment.py::step -- Line 70]
2025/05/22 14:29:16 [INFO] Last net worth: 14972.629450500048. [environment.py::step -- Line 71]
2025/05/22 14:29:16 [INFO] episode 4 score 0.14260671047072312,
average score 0.2299670224983891,
epsilon 0.7519000000000273,
net worth: 15030.959906579736 [philbot_runner.py::run_philbot -- Line 58]
2025/05/22 14:29:16 [INFO] Log available at logs/philbot_runner/scott-atkinson_20250522_xB7B.log [log_wu.py::run_with_logging -- Line 49]
